1:X 22 Aug 2024 14:05:04.059 * oO0OoO0OoO0Oo Redis is starting oO0OoO0OoO0Oo
1:X 22 Aug 2024 14:05:04.060 * Redis version=7.2.4, bits=64, commit=00000000, modified=0, pid=1, just started
1:X 22 Aug 2024 14:05:04.060 * Configuration loaded
1:X 22 Aug 2024 14:05:04.061 * monotonic clock: POSIX clock_gettime
1:X 22 Aug 2024 14:05:04.063 * Running mode=sentinel, port=26379.
1:X 22 Aug 2024 14:05:04.070 * Sentinel new configuration saved on disk
1:X 22 Aug 2024 14:05:04.071 * Sentinel ID is ced7507e431a679ce166f2cc31c84203e667b2b0
1:X 22 Aug 2024 14:05:04.074 # +monitor master mymaster 192.168.0.105 36379 quorum 2
1:X 22 Aug 2024 14:05:34.074 # +sdown master mymaster 192.168.0.105 36379
1:X 22 Aug 2024 16:10:11.660 # +tilt #tilt mode entered
1:X 22 Aug 2024 16:10:41.692 # -tilt #tilt mode exited
1:X 22 Aug 2024 18:13:43.181 # +tilt #tilt mode entered
1:X 22 Aug 2024 18:14:13.931 # -tilt #tilt mode exited
1:X 22 Aug 2024 18:33:15.116 # +tilt #tilt mode entered
1:X 22 Aug 2024 18:33:45.404 # -tilt #tilt mode exited
1:X 22 Aug 2024 20:13:47.352 # +tilt #tilt mode entered
1:X 22 Aug 2024 20:14:16.362 # -tilt #tilt mode exited
1:X 22 Aug 2024 21:14:48.289 # +tilt #tilt mode entered
1:X 22 Aug 2024 21:15:18.221 # -tilt #tilt mode exited
1:X 22 Aug 2024 22:00:01.963 # +tilt #tilt mode entered
1:X 22 Aug 2024 22:00:32.087 # -tilt #tilt mode exited
1:X 22 Aug 2024 22:15:51.425 # +tilt #tilt mode entered
1:X 22 Aug 2024 22:16:20.987 # -tilt #tilt mode exited
1:X 22 Aug 2024 22:55:36.512 # +tilt #tilt mode entered
1:signal-handler (1724338561) Received SIGTERM scheduling shutdown...
1:X 22 Aug 2024 22:56:01.538 * User requested shutdown...
1:X 22 Aug 2024 22:56:01.541 # Sentinel is now ready to exit, bye bye...
1:X 23 Aug 2024 09:02:06.942 * oO0OoO0OoO0Oo Redis is starting oO0OoO0OoO0Oo
1:X 23 Aug 2024 09:02:06.943 * Redis version=7.2.4, bits=64, commit=00000000, modified=0, pid=1, just started
1:X 23 Aug 2024 09:02:06.944 * Configuration loaded
1:X 23 Aug 2024 09:02:06.946 * monotonic clock: POSIX clock_gettime
1:X 23 Aug 2024 09:02:06.948 * Running mode=sentinel, port=26379.
1:X 23 Aug 2024 09:02:06.950 * Sentinel ID is ced7507e431a679ce166f2cc31c84203e667b2b0
1:X 23 Aug 2024 09:02:06.951 # +monitor master mymaster 192.168.0.105 36379 quorum 2
1:X 23 Aug 2024 09:02:37.000 # +sdown master mymaster 192.168.0.105 36379
1:X 23 Aug 2024 09:07:34.670 # +tilt #tilt mode entered
1:X 23 Aug 2024 09:08:04.704 # -tilt #tilt mode exited
1:X 23 Aug 2024 13:44:35.247 # +tilt #tilt mode entered
1:X 23 Aug 2024 13:45:05.292 # -tilt #tilt mode exited
1:X 23 Aug 2024 18:02:35.829 # +tilt #tilt mode entered
1:X 23 Aug 2024 18:03:05.879 # -tilt #tilt mode exited
1:X 23 Aug 2024 18:10:48.559 # +tilt #tilt mode entered
1:X 23 Aug 2024 18:11:18.802 # -tilt #tilt mode exited
1:X 23 Aug 2024 18:12:48.871 # +tilt #tilt mode entered
1:X 23 Aug 2024 18:13:19.212 # -tilt #tilt mode exited
1:X 23 Aug 2024 18:27:51.334 # +tilt #tilt mode entered
1:X 23 Aug 2024 18:28:21.848 # -tilt #tilt mode exited
1:X 23 Aug 2024 20:10:12.827 # +tilt #tilt mode entered
1:X 23 Aug 2024 20:10:42.823 # -tilt #tilt mode exited
1:X 23 Aug 2024 21:11:15.410 # +tilt #tilt mode entered
1:X 23 Aug 2024 21:11:44.834 # -tilt #tilt mode exited
1:X 23 Aug 2024 22:00:02.304 # +tilt #tilt mode entered
1:X 23 Aug 2024 22:00:31.252 # -tilt #tilt mode exited
1:X 23 Aug 2024 22:08:02.710 # +tilt #tilt mode entered
1:X 23 Aug 2024 22:08:31.984 # -tilt #tilt mode exited
1:signal-handler (1724422149) Received SIGTERM scheduling shutdown...
1:X 23 Aug 2024 22:09:09.812 * User requested shutdown...
1:X 23 Aug 2024 22:09:09.816 # Sentinel is now ready to exit, bye bye...
