2024-05-27 14:55:36,371 INFO [NACOS-DISTRO] healthy server list changed, old: [nacos1:8848, nacos2:8848, nacos3:8848], new: [nacos1:8848, nacos2:8848, nacos3:8848]

2024-05-27 14:55:36,385 INFO [NACOS-DISTRO] healthy server list changed, old: [nacos1:8848, nacos2:8848, nacos3:8848], new: [nacos1:8848, nacos2:8848, nacos3:8848]

2024-05-27 14:55:37,091 INFO Client connection 1716571496073_172.25.0.5_34904 disconnect, remove instances and subscribers

2024-05-27 14:55:37,843 INFO [NACOS-DISTRO] healthy server list changed, old: [nacos1:8848, nacos2:8848, nacos3:8848], new: [nacos1:8848, nacos2:8848, nacos3:8848]

2024-05-27 14:55:38,265 INFO [NACOS-DISTRO] healthy server list changed, old: [nacos1:8848, nacos2:8848, nacos3:8848], new: [nacos1:8848, nacos2:8848, nacos3:8848]

2024-05-27 15:13:24,890 INFO [NACOS-DISTRO] healthy server list changed, old: [nacos1:8848, nacos2:8848, nacos3:8848], new: [nacos1:8848, nacos2:8848, nacos3:8848]

2024-05-27 15:13:25,855 INFO [NACOS-DISTRO] healthy server list changed, old: [nacos1:8848, nacos2:8848, nacos3:8848], new: [nacos1:8848, nacos2:8848, nacos3:8848]

2024-05-27 15:13:40,385 INFO [NACOS-DISTRO] healthy server list changed, old: [nacos1:8848, nacos2:8848, nacos3:8848], new: [nacos1:8848, nacos2:8848, nacos3:8848]

2024-05-27 15:13:43,434 INFO [NACOS-DISTRO] healthy server list changed, old: [nacos1:8848, nacos2:8848, nacos3:8848], new: [nacos1:8848, nacos2:8848, nacos3:8848]

2024-05-27 15:14:05,644 INFO [NACOS-DISTRO] healthy server list changed, old: [nacos1:8848, nacos2:8848, nacos3:8848], new: [nacos1:8848, nacos2:8848, nacos3:8848]

2024-05-27 15:14:08,629 INFO [NACOS-DISTRO] healthy server list changed, old: [nacos1:8848, nacos2:8848, nacos3:8848], new: [nacos1:8848, nacos2:8848, nacos3:8848]

2024-05-27 16:10:29,393 INFO [NACOS-DISTRO] healthy server list changed, old: [nacos1:8848, nacos2:8848, nacos3:8848], new: [nacos1:8848, nacos2:8848, nacos3:8848]

2024-05-27 16:10:32,678 INFO [NACOS-DISTRO] healthy server list changed, old: [nacos1:8848, nacos2:8848, nacos3:8848], new: [nacos1:8848, nacos2:8848, nacos3:8848]

2024-05-27 16:10:40,761 INFO [NACOS-DISTRO] healthy server list changed, old: [nacos1:8848, nacos2:8848, nacos3:8848], new: [nacos1:8848, nacos2:8848, nacos3:8848]

2024-05-27 16:10:53,219 INFO [NACOS-DISTRO] healthy server list changed, old: [nacos1:8848, nacos2:8848, nacos3:8848], new: [nacos1:8848, nacos2:8848, nacos3:8848]

2024-05-27 16:10:56,856 INFO [NACOS-DISTRO] healthy server list changed, old: [nacos1:8848, nacos2:8848, nacos3:8848], new: [nacos2:8848]

2024-05-27 16:10:56,873 INFO [NACOS-DISTRO] healthy server list changed, old: [nacos2:8848], new: [nacos2:8848]

2024-05-27 16:11:08,177 INFO Client connection 1716792936577_172.25.0.5_56200 disconnect, remove instances and subscribers

2024-05-27 16:11:08,333 INFO Client connection 1716580247474_172.25.0.3_44060 disconnect, remove instances and subscribers

2024-05-27 16:11:17,528 INFO Client connection 1716797469618_172.25.0.5_37348 disconnect, remove instances and subscribers

2024-05-27 16:11:18,752 INFO [NACOS-DISTRO] healthy server list changed, old: [nacos2:8848], new: [nacos2:8848, nacos3:8848]

2024-05-27 16:11:18,753 INFO [NACOS-DISTRO] healthy server list changed, old: [nacos2:8848, nacos3:8848], new: [nacos1:8848, nacos2:8848, nacos3:8848]

