2024-05-28 00:08:39,177 ERROR Fail to refresh route configuration for group : naming_persistent_service, status is : Status[UNKNOWN<-1>: handleRequest internal error]

2024-05-28 00:08:39,204 INFO This Raft event changes : RaftEvent{groupId='naming_instance_metadata', leader='nacos3:7848', term=339, raftClusterInfo=[nacos3:7848, nacos1:7848, nacos2:7848]}

2024-05-28 00:08:39,189 ERROR Fail to refresh route configuration for group : naming_persistent_service_v2, status is : Status[UNKNOWN<-1>: handleRequest internal error]

2024-05-28 00:08:39,227 ERROR Fail to refresh route configuration for group : naming_service_metadata, status is : Status[UNKNOWN<-1>: handleRequest internal error]

2024-05-28 00:08:39,231 ERROR Fail to refresh route configuration for group : naming_instance_metadata, status is : Status[UNKNOWN<-1>: handleRequest internal error]

2024-05-28 00:08:39,259 ERROR Fail to refresh route configuration for group : naming_persistent_service, status is : Status[UNKNOWN<-1>: handleRequest internal error]

2024-05-28 00:08:39,305 INFO This Raft event changes : RaftEvent{groupId='naming_persistent_service_v2', leader='nacos1:7848', term=344, raftClusterInfo=[nacos3:7848, nacos1:7848, nacos2:7848]}

2024-05-28 00:08:39,325 INFO This Raft event changes : RaftEvent{groupId='naming_instance_metadata', leader='nacos2:7848', term=340, raftClusterInfo=[nacos3:7848, nacos1:7848, nacos2:7848]}

2024-05-28 00:08:39,326 ERROR Fail to refresh route configuration for group : naming_persistent_service, status is : Status[UNKNOWN<-1>: handleRequest internal error]

2024-05-28 00:08:39,332 INFO This Raft event changes : RaftEvent{groupId='naming_service_metadata', leader='nacos3:7848', term=342, raftClusterInfo=[nacos3:7848, nacos1:7848, nacos2:7848]}

2024-05-28 00:08:39,337 ERROR Fail to refresh leader for group : naming_service_metadata, status is : Status[UNKNOWN<-1>: Unknown leader, Unknown leader, Unknown leader]

2024-05-28 00:08:39,339 INFO This Raft event changes : RaftEvent{groupId='naming_service_metadata', leader='nacos3:7848', term=342, raftClusterInfo=[nacos3:7848, nacos1:7848, nacos2:7848]}

2024-05-28 00:08:39,348 ERROR Fail to refresh route configuration for group : naming_persistent_service, status is : Status[UNKNOWN<-1>: handleRequest internal error]

2024-05-28 00:08:39,351 ERROR Fail to refresh route configuration for group : naming_service_metadata, status is : Status[UNKNOWN<-1>: handleRequest internal error]

2024-05-28 00:08:39,357 ERROR Fail to refresh route configuration for group : naming_persistent_service, status is : Status[UNKNOWN<-1>: handleRequest internal error]

2024-05-28 00:08:39,369 ERROR Fail to refresh route configuration for group : naming_persistent_service, status is : Status[UNKNOWN<-1>: handleRequest internal error]

2024-05-28 00:08:39,379 ERROR Fail to refresh route configuration for group : naming_persistent_service, status is : Status[UNKNOWN<-1>: handleRequest internal error]

2024-05-28 00:08:39,383 ERROR Fail to refresh route configuration for group : naming_persistent_service, status is : Status[UNKNOWN<-1>: handleRequest internal error]

2024-05-28 00:08:39,392 ERROR Fail to refresh route configuration for group : naming_persistent_service, status is : Status[UNKNOWN<-1>: handleRequest internal error]

2024-05-28 00:08:39,397 ERROR Fail to refresh route configuration for group : naming_persistent_service, status is : Status[UNKNOWN<-1>: handleRequest internal error]

2024-05-28 00:08:39,403 ERROR Fail to refresh route configuration for group : naming_persistent_service, status is : Status[UNKNOWN<-1>: handleRequest internal error]

2024-05-28 00:08:39,410 ERROR Fail to refresh route configuration for group : naming_persistent_service, status is : Status[UNKNOWN<-1>: handleRequest internal error]

2024-05-28 00:08:39,419 ERROR Fail to refresh route configuration for group : naming_persistent_service, status is : Status[UNKNOWN<-1>: handleRequest internal error]

2024-05-28 00:08:39,424 ERROR Fail to refresh route configuration for group : naming_persistent_service, status is : Status[UNKNOWN<-1>: handleRequest internal error]

2024-05-28 00:08:39,431 ERROR Fail to refresh route configuration for group : naming_persistent_service, status is : Status[UNKNOWN<-1>: handleRequest internal error]

2024-05-28 00:08:39,436 ERROR Fail to refresh route configuration for group : naming_persistent_service, status is : Status[UNKNOWN<-1>: handleRequest internal error]

2024-05-28 00:08:39,441 ERROR Fail to refresh route configuration for group : naming_persistent_service, status is : Status[UNKNOWN<-1>: handleRequest internal error]

2024-05-28 00:08:39,446 ERROR Fail to refresh route configuration for group : naming_persistent_service, status is : Status[UNKNOWN<-1>: handleRequest internal error]

2024-05-28 00:08:39,450 ERROR Fail to refresh route configuration for group : naming_persistent_service, status is : Status[UNKNOWN<-1>: handleRequest internal error]

2024-05-28 00:08:39,457 ERROR Fail to refresh route configuration for group : naming_persistent_service, status is : Status[UNKNOWN<-1>: handleRequest internal error]

2024-05-28 00:08:39,464 ERROR Fail to refresh route configuration for group : naming_persistent_service, status is : Status[UNKNOWN<-1>: handleRequest internal error]

2024-05-28 00:08:39,470 ERROR Fail to refresh route configuration for group : naming_persistent_service, status is : Status[UNKNOWN<-1>: handleRequest internal error]

2024-05-28 00:08:39,477 ERROR Fail to refresh route configuration for group : naming_persistent_service, status is : Status[UNKNOWN<-1>: handleRequest internal error]

2024-05-28 00:08:39,484 ERROR Fail to refresh route configuration for group : naming_persistent_service, status is : Status[UNKNOWN<-1>: handleRequest internal error]

2024-05-28 00:08:39,492 ERROR Fail to refresh route configuration for group : naming_persistent_service, status is : Status[UNKNOWN<-1>: handleRequest internal error]

2024-05-28 00:08:39,522 ERROR Fail to refresh route configuration for group : naming_persistent_service, status is : Status[UNKNOWN<-1>: handleRequest internal error]

2024-05-28 00:08:39,527 ERROR Fail to refresh route configuration for group : naming_persistent_service, status is : Status[UNKNOWN<-1>: handleRequest internal error]

2024-05-28 00:08:39,531 ERROR Fail to refresh route configuration for group : naming_persistent_service, status is : Status[UNKNOWN<-1>: handleRequest internal error]

2024-05-28 00:08:39,537 ERROR Fail to refresh route configuration for group : naming_persistent_service, status is : Status[UNKNOWN<-1>: handleRequest internal error]

2024-05-28 00:08:39,541 ERROR Fail to refresh route configuration for group : naming_persistent_service, status is : Status[UNKNOWN<-1>: handleRequest internal error]

2024-05-28 00:08:39,546 ERROR Fail to refresh route configuration for group : naming_persistent_service, status is : Status[UNKNOWN<-1>: handleRequest internal error]

2024-05-28 00:08:39,551 ERROR Fail to refresh route configuration for group : naming_persistent_service, status is : Status[UNKNOWN<-1>: handleRequest internal error]

2024-05-28 00:08:39,562 ERROR Fail to refresh route configuration for group : naming_persistent_service, status is : Status[UNKNOWN<-1>: handleRequest internal error]

2024-05-28 00:08:39,568 ERROR Fail to refresh route configuration for group : naming_persistent_service, status is : Status[UNKNOWN<-1>: handleRequest internal error]

2024-05-28 00:08:39,572 ERROR Fail to refresh route configuration for group : naming_persistent_service, status is : Status[UNKNOWN<-1>: handleRequest internal error]

2024-05-28 00:08:39,579 ERROR Fail to refresh route configuration for group : naming_persistent_service, status is : Status[UNKNOWN<-1>: handleRequest internal error]

2024-05-28 00:08:39,586 ERROR Fail to refresh route configuration for group : naming_persistent_service, status is : Status[UNKNOWN<-1>: handleRequest internal error]

2024-05-28 00:08:39,591 ERROR Fail to refresh route configuration for group : naming_persistent_service, status is : Status[UNKNOWN<-1>: handleRequest internal error]

2024-05-28 00:08:39,596 ERROR Fail to refresh route configuration for group : naming_persistent_service, status is : Status[UNKNOWN<-1>: handleRequest internal error]

2024-05-28 00:08:39,604 ERROR Fail to refresh route configuration for group : naming_persistent_service, status is : Status[UNKNOWN<-1>: handleRequest internal error]

2024-05-28 00:08:39,609 ERROR Fail to refresh route configuration for group : naming_persistent_service, status is : Status[UNKNOWN<-1>: handleRequest internal error]

2024-05-28 00:08:39,613 ERROR Fail to refresh route configuration for group : naming_persistent_service, status is : Status[UNKNOWN<-1>: handleRequest internal error]

2024-05-28 00:08:39,617 ERROR Fail to refresh route configuration for group : naming_persistent_service, status is : Status[UNKNOWN<-1>: handleRequest internal error]

2024-05-28 00:08:39,624 ERROR Fail to refresh route configuration for group : naming_persistent_service, status is : Status[UNKNOWN<-1>: handleRequest internal error]

2024-05-28 00:08:39,630 ERROR Fail to refresh route configuration for group : naming_persistent_service, status is : Status[UNKNOWN<-1>: handleRequest internal error]

2024-05-28 00:08:39,636 ERROR Fail to refresh route configuration for group : naming_persistent_service, status is : Status[UNKNOWN<-1>: handleRequest internal error]

2024-05-28 00:08:39,642 ERROR Fail to refresh route configuration for group : naming_persistent_service, status is : Status[UNKNOWN<-1>: handleRequest internal error]

2024-05-28 00:08:39,647 ERROR Fail to refresh route configuration for group : naming_persistent_service, status is : Status[UNKNOWN<-1>: handleRequest internal error]

2024-05-28 00:08:39,655 ERROR Fail to refresh route configuration for group : naming_persistent_service, status is : Status[UNKNOWN<-1>: handleRequest internal error]

2024-05-28 00:08:39,662 ERROR Fail to refresh route configuration for group : naming_persistent_service, status is : Status[UNKNOWN<-1>: handleRequest internal error]

2024-05-28 00:08:39,669 ERROR Fail to refresh route configuration for group : naming_persistent_service, status is : Status[UNKNOWN<-1>: handleRequest internal error]

2024-05-28 00:08:39,676 ERROR Fail to refresh route configuration for group : naming_persistent_service, status is : Status[UNKNOWN<-1>: handleRequest internal error]

2024-05-28 00:08:39,681 ERROR Fail to refresh route configuration for group : naming_persistent_service, status is : Status[UNKNOWN<-1>: handleRequest internal error]

2024-05-28 00:08:39,688 ERROR Fail to refresh route configuration for group : naming_persistent_service, status is : Status[UNKNOWN<-1>: handleRequest internal error]

2024-05-28 00:08:39,694 ERROR Fail to refresh route configuration for group : naming_persistent_service, status is : Status[UNKNOWN<-1>: handleRequest internal error]

2024-05-28 00:08:39,699 ERROR Fail to refresh route configuration for group : naming_persistent_service, status is : Status[UNKNOWN<-1>: handleRequest internal error]

2024-05-28 00:08:39,706 ERROR Fail to refresh route configuration for group : naming_persistent_service, status is : Status[UNKNOWN<-1>: handleRequest internal error]

2024-05-28 00:08:39,711 ERROR Fail to refresh route configuration for group : naming_persistent_service, status is : Status[UNKNOWN<-1>: handleRequest internal error]

2024-05-28 00:08:39,717 ERROR Fail to refresh route configuration for group : naming_persistent_service, status is : Status[UNKNOWN<-1>: handleRequest internal error]

2024-05-28 00:08:39,724 ERROR Fail to refresh route configuration for group : naming_persistent_service, status is : Status[UNKNOWN<-1>: handleRequest internal error]

2024-05-28 00:08:39,729 ERROR Fail to refresh route configuration for group : naming_persistent_service, status is : Status[UNKNOWN<-1>: handleRequest internal error]

2024-05-28 00:08:39,735 ERROR Fail to refresh route configuration for group : naming_persistent_service, status is : Status[UNKNOWN<-1>: handleRequest internal error]

2024-05-28 00:08:39,741 ERROR Fail to refresh route configuration for group : naming_persistent_service, status is : Status[UNKNOWN<-1>: handleRequest internal error]

2024-05-28 00:08:39,748 ERROR Fail to refresh route configuration for group : naming_persistent_service, status is : Status[UNKNOWN<-1>: handleRequest internal error]

2024-05-28 00:08:39,753 ERROR Fail to refresh route configuration for group : naming_persistent_service, status is : Status[UNKNOWN<-1>: handleRequest internal error]

2024-05-28 00:08:39,759 ERROR Fail to refresh route configuration for group : naming_persistent_service, status is : Status[UNKNOWN<-1>: handleRequest internal error]

2024-05-28 00:08:39,765 ERROR Fail to refresh route configuration for group : naming_persistent_service, status is : Status[UNKNOWN<-1>: handleRequest internal error]

2024-05-28 00:08:39,771 ERROR Fail to refresh route configuration for group : naming_persistent_service, status is : Status[UNKNOWN<-1>: handleRequest internal error]

2024-05-28 00:08:39,779 ERROR Fail to refresh route configuration for group : naming_persistent_service, status is : Status[UNKNOWN<-1>: handleRequest internal error]

2024-05-28 00:08:39,785 ERROR Fail to refresh route configuration for group : naming_persistent_service, status is : Status[UNKNOWN<-1>: handleRequest internal error]

2024-05-28 00:08:39,795 ERROR Fail to refresh route configuration for group : naming_persistent_service, status is : Status[UNKNOWN<-1>: handleRequest internal error]

2024-05-28 00:08:39,800 ERROR Fail to refresh route configuration for group : naming_persistent_service, status is : Status[UNKNOWN<-1>: handleRequest internal error]

2024-05-28 00:08:39,808 ERROR Fail to refresh route configuration for group : naming_persistent_service, status is : Status[UNKNOWN<-1>: handleRequest internal error]

2024-05-28 00:08:39,820 ERROR Fail to refresh route configuration for group : naming_persistent_service, status is : Status[UNKNOWN<-1>: handleRequest internal error]

2024-05-28 00:08:39,829 ERROR Fail to refresh route configuration for group : naming_persistent_service, status is : Status[UNKNOWN<-1>: handleRequest internal error]

2024-05-28 00:08:39,837 ERROR Fail to refresh route configuration for group : naming_persistent_service, status is : Status[UNKNOWN<-1>: handleRequest internal error]

2024-05-28 00:08:39,844 ERROR Fail to refresh route configuration for group : naming_persistent_service, status is : Status[UNKNOWN<-1>: handleRequest internal error]

2024-05-28 00:08:39,849 ERROR Fail to refresh route configuration for group : naming_persistent_service, status is : Status[UNKNOWN<-1>: handleRequest internal error]

2024-05-28 00:08:39,856 ERROR Fail to refresh route configuration for group : naming_persistent_service, status is : Status[UNKNOWN<-1>: handleRequest internal error]

2024-05-28 00:08:39,864 ERROR Fail to refresh route configuration for group : naming_persistent_service, status is : Status[UNKNOWN<-1>: handleRequest internal error]

2024-05-28 00:08:39,869 ERROR Fail to refresh route configuration for group : naming_persistent_service, status is : Status[UNKNOWN<-1>: handleRequest internal error]

2024-05-28 00:08:39,875 ERROR Fail to refresh route configuration for group : naming_persistent_service, status is : Status[UNKNOWN<-1>: handleRequest internal error]

2024-05-28 00:08:39,881 ERROR Fail to refresh route configuration for group : naming_persistent_service, status is : Status[UNKNOWN<-1>: handleRequest internal error]

2024-05-28 00:08:39,885 ERROR Fail to refresh route configuration for group : naming_persistent_service, status is : Status[UNKNOWN<-1>: handleRequest internal error]

2024-05-28 00:08:39,890 ERROR Fail to refresh route configuration for group : naming_persistent_service, status is : Status[UNKNOWN<-1>: handleRequest internal error]

2024-05-28 00:08:39,893 ERROR Fail to refresh route configuration for group : naming_persistent_service, status is : Status[UNKNOWN<-1>: handleRequest internal error]

2024-05-28 00:08:39,898 ERROR Fail to refresh route configuration for group : naming_persistent_service, status is : Status[UNKNOWN<-1>: handleRequest internal error]

2024-05-28 00:08:39,904 ERROR Fail to refresh route configuration for group : naming_persistent_service, status is : Status[UNKNOWN<-1>: handleRequest internal error]

2024-05-28 00:08:39,909 ERROR Fail to refresh route configuration for group : naming_persistent_service, status is : Status[UNKNOWN<-1>: handleRequest internal error]

2024-05-28 00:08:39,914 ERROR Fail to refresh route configuration for group : naming_persistent_service, status is : Status[UNKNOWN<-1>: handleRequest internal error]

2024-05-28 00:08:39,917 ERROR Fail to refresh route configuration for group : naming_persistent_service, status is : Status[UNKNOWN<-1>: handleRequest internal error]

2024-05-28 00:08:39,920 ERROR Fail to refresh route configuration for group : naming_persistent_service, status is : Status[UNKNOWN<-1>: handleRequest internal error]

2024-05-28 00:08:39,926 ERROR Fail to refresh route configuration for group : naming_persistent_service, status is : Status[UNKNOWN<-1>: handleRequest internal error]

2024-05-28 00:08:39,932 ERROR Fail to refresh route configuration for group : naming_persistent_service, status is : Status[UNKNOWN<-1>: handleRequest internal error]

2024-05-28 00:08:39,937 ERROR Fail to refresh route configuration for group : naming_persistent_service, status is : Status[UNKNOWN<-1>: handleRequest internal error]

2024-05-28 00:08:39,941 ERROR Fail to refresh route configuration for group : naming_persistent_service, status is : Status[UNKNOWN<-1>: handleRequest internal error]

2024-05-28 00:08:39,945 ERROR Fail to refresh route configuration for group : naming_persistent_service, status is : Status[UNKNOWN<-1>: handleRequest internal error]

2024-05-28 00:08:39,950 ERROR Fail to refresh route configuration for group : naming_persistent_service, status is : Status[UNKNOWN<-1>: handleRequest internal error]

2024-05-28 00:08:39,953 ERROR Fail to refresh route configuration for group : naming_persistent_service, status is : Status[UNKNOWN<-1>: handleRequest internal error]

2024-05-28 00:08:39,958 ERROR Fail to refresh route configuration for group : naming_persistent_service, status is : Status[UNKNOWN<-1>: handleRequest internal error]

2024-05-28 00:08:39,961 ERROR Fail to refresh route configuration for group : naming_persistent_service, status is : Status[UNKNOWN<-1>: handleRequest internal error]

2024-05-28 00:08:39,965 ERROR Fail to refresh route configuration for group : naming_persistent_service, status is : Status[UNKNOWN<-1>: handleRequest internal error]

2024-05-28 00:08:39,969 ERROR Fail to refresh route configuration for group : naming_persistent_service, status is : Status[UNKNOWN<-1>: handleRequest internal error]

2024-05-28 00:08:39,972 ERROR Fail to refresh route configuration for group : naming_persistent_service, status is : Status[UNKNOWN<-1>: handleRequest internal error]

2024-05-28 00:08:39,976 ERROR Fail to refresh route configuration for group : naming_persistent_service, status is : Status[UNKNOWN<-1>: handleRequest internal error]

2024-05-28 00:08:39,979 ERROR Fail to refresh route configuration for group : naming_persistent_service, status is : Status[UNKNOWN<-1>: handleRequest internal error]

2024-05-28 00:08:39,983 ERROR Fail to refresh route configuration for group : naming_persistent_service, status is : Status[UNKNOWN<-1>: handleRequest internal error]

2024-05-28 00:08:39,986 ERROR Fail to refresh route configuration for group : naming_persistent_service, status is : Status[UNKNOWN<-1>: handleRequest internal error]

2024-05-28 00:08:39,989 ERROR Fail to refresh route configuration for group : naming_persistent_service, status is : Status[UNKNOWN<-1>: handleRequest internal error]

2024-05-28 00:08:39,993 ERROR Fail to refresh route configuration for group : naming_persistent_service, status is : Status[UNKNOWN<-1>: handleRequest internal error]

2024-05-28 00:08:39,996 ERROR Fail to refresh route configuration for group : naming_persistent_service, status is : Status[UNKNOWN<-1>: handleRequest internal error]

2024-05-28 00:08:40,000 ERROR Fail to refresh route configuration for group : naming_persistent_service, status is : Status[UNKNOWN<-1>: handleRequest internal error]

2024-05-28 00:08:40,003 ERROR Fail to refresh route configuration for group : naming_persistent_service, status is : Status[UNKNOWN<-1>: handleRequest internal error]

2024-05-28 00:08:40,006 ERROR Fail to refresh route configuration for group : naming_persistent_service, status is : Status[UNKNOWN<-1>: handleRequest internal error]

2024-05-28 00:08:40,009 ERROR Fail to refresh route configuration for group : naming_persistent_service, status is : Status[UNKNOWN<-1>: handleRequest internal error]

2024-05-28 00:08:40,013 ERROR Fail to refresh route configuration for group : naming_persistent_service, status is : Status[UNKNOWN<-1>: handleRequest internal error]

2024-05-28 00:08:40,017 ERROR Fail to refresh route configuration for group : naming_persistent_service, status is : Status[UNKNOWN<-1>: handleRequest internal error]

2024-05-28 00:08:40,024 ERROR Fail to refresh route configuration for group : naming_persistent_service, status is : Status[UNKNOWN<-1>: handleRequest internal error]

2024-05-28 00:08:40,035 ERROR Fail to refresh route configuration for group : naming_persistent_service, status is : Status[UNKNOWN<-1>: handleRequest internal error]

2024-05-28 00:08:40,039 ERROR Fail to refresh route configuration for group : naming_persistent_service, status is : Status[UNKNOWN<-1>: handleRequest internal error]

2024-05-28 00:08:40,044 ERROR Fail to refresh route configuration for group : naming_persistent_service, status is : Status[UNKNOWN<-1>: handleRequest internal error]

2024-05-28 00:08:40,050 ERROR Fail to refresh route configuration for group : naming_persistent_service, status is : Status[UNKNOWN<-1>: handleRequest internal error]

2024-05-28 00:08:40,061 ERROR Fail to refresh route configuration for group : naming_persistent_service, status is : Status[UNKNOWN<-1>: handleRequest internal error]

2024-05-28 00:08:40,078 ERROR Fail to refresh route configuration for group : naming_persistent_service, status is : Status[UNKNOWN<-1>: handleRequest internal error]

2024-05-28 00:08:40,082 ERROR Fail to refresh route configuration for group : naming_persistent_service, status is : Status[UNKNOWN<-1>: handleRequest internal error]

2024-05-28 00:08:40,085 ERROR Fail to refresh route configuration for group : naming_persistent_service, status is : Status[UNKNOWN<-1>: handleRequest internal error]

2024-05-28 00:08:40,088 ERROR Fail to refresh route configuration for group : naming_persistent_service, status is : Status[UNKNOWN<-1>: handleRequest internal error]

2024-05-28 00:08:40,092 ERROR Fail to refresh route configuration for group : naming_persistent_service, status is : Status[UNKNOWN<-1>: handleRequest internal error]

2024-05-28 00:08:40,095 ERROR Fail to refresh route configuration for group : naming_persistent_service, status is : Status[UNKNOWN<-1>: handleRequest internal error]

2024-05-28 00:08:40,098 ERROR Fail to refresh route configuration for group : naming_persistent_service, status is : Status[UNKNOWN<-1>: handleRequest internal error]

2024-05-28 00:08:40,101 ERROR Fail to refresh route configuration for group : naming_persistent_service, status is : Status[UNKNOWN<-1>: handleRequest internal error]

2024-05-28 00:08:40,105 ERROR Fail to refresh route configuration for group : naming_persistent_service, status is : Status[UNKNOWN<-1>: handleRequest internal error]

2024-05-28 00:08:40,108 ERROR Fail to refresh route configuration for group : naming_persistent_service, status is : Status[UNKNOWN<-1>: handleRequest internal error]

2024-05-28 00:08:40,112 ERROR Fail to refresh route configuration for group : naming_persistent_service, status is : Status[UNKNOWN<-1>: handleRequest internal error]

2024-05-28 00:08:40,115 ERROR Fail to refresh route configuration for group : naming_persistent_service, status is : Status[UNKNOWN<-1>: handleRequest internal error]

2024-05-28 00:08:40,119 ERROR Fail to refresh route configuration for group : naming_persistent_service, status is : Status[UNKNOWN<-1>: handleRequest internal error]

2024-05-28 00:08:40,157 ERROR Fail to refresh route configuration for group : naming_persistent_service, status is : Status[UNKNOWN<-1>: handleRequest internal error]

2024-05-28 00:08:40,191 ERROR Fail to refresh route configuration for group : naming_persistent_service, status is : Status[UNKNOWN<-1>: handleRequest internal error]

2024-05-28 00:08:40,195 ERROR Fail to refresh route configuration for group : naming_persistent_service, status is : Status[UNKNOWN<-1>: handleRequest internal error]

2024-05-28 00:08:40,198 ERROR Fail to refresh route configuration for group : naming_persistent_service, status is : Status[UNKNOWN<-1>: handleRequest internal error]

2024-05-28 00:08:40,201 ERROR Fail to refresh route configuration for group : naming_persistent_service, status is : Status[UNKNOWN<-1>: handleRequest internal error]

2024-05-28 00:08:40,205 ERROR Fail to refresh route configuration for group : naming_persistent_service, status is : Status[UNKNOWN<-1>: handleRequest internal error]

2024-05-28 00:08:40,208 ERROR Fail to refresh route configuration for group : naming_persistent_service, status is : Status[UNKNOWN<-1>: handleRequest internal error]

2024-05-28 00:08:40,211 ERROR Fail to refresh route configuration for group : naming_persistent_service, status is : Status[UNKNOWN<-1>: handleRequest internal error]

2024-05-28 00:08:40,214 ERROR Fail to refresh route configuration for group : naming_persistent_service, status is : Status[UNKNOWN<-1>: handleRequest internal error]

2024-05-28 00:08:40,218 ERROR Fail to refresh route configuration for group : naming_persistent_service, status is : Status[UNKNOWN<-1>: handleRequest internal error]

2024-05-28 00:08:40,221 ERROR Fail to refresh route configuration for group : naming_persistent_service, status is : Status[UNKNOWN<-1>: handleRequest internal error]

2024-05-28 00:08:40,224 ERROR Fail to refresh route configuration for group : naming_persistent_service, status is : Status[UNKNOWN<-1>: handleRequest internal error]

2024-05-28 00:08:44,267 INFO This Raft event changes : RaftEvent{groupId='naming_persistent_service', leader='nacos2:7848', term=349, raftClusterInfo=[nacos3:7848, nacos1:7848, nacos2:7848]}

2024-05-28 00:09:42,419 ERROR Fail to refresh route configuration for group : naming_service_metadata, status is : Status[UNKNOWN<-1>: handleRequest internal error]

2024-05-28 00:09:42,468 INFO This Raft event changes : RaftEvent{groupId='naming_service_metadata', leader='nacos2:7848', term=343, raftClusterInfo=[nacos3:7848, nacos1:7848, nacos2:7848]}

2024-05-28 00:25:15,871 INFO This Raft event changes : RaftEvent{groupId='naming_persistent_service_v2', leader='nacos1:7848', term=344, raftClusterInfo=[nacos3:7848, nacos1:7848, nacos2:7848]}

2024-05-28 00:25:15,953 ERROR Fail to refresh route configuration for group : naming_service_metadata, status is : Status[UNKNOWN<-1>: handleRequest internal error]

2024-05-28 00:25:15,956 ERROR Fail to refresh leader for group : naming_persistent_service_v2, status is : Status[UNKNOWN<-1>: Unknown leader, Unknown leader, Unknown leader]

2024-05-28 00:25:15,965 ERROR Fail to refresh route configuration for group : naming_persistent_service, status is : Status[UNKNOWN<-1>: handleRequest internal error]

2024-05-28 00:25:15,977 ERROR Fail to refresh leader for group : naming_instance_metadata, status is : Status[UNKNOWN<-1>: Unknown leader, Unknown leader, Unknown leader]

2024-05-28 00:25:15,979 ERROR Fail to refresh route configuration for group : naming_persistent_service, status is : Status[UNKNOWN<-1>: handleRequest internal error]

2024-05-28 00:25:15,988 INFO This Raft event changes : RaftEvent{groupId='naming_instance_metadata', leader='nacos1:7848', term=341, raftClusterInfo=[nacos3:7848, nacos1:7848, nacos2:7848]}

2024-05-28 00:25:15,993 ERROR Fail to refresh route configuration for group : naming_instance_metadata, status is : Status[UNKNOWN<-1>: handleRequest internal error]

2024-05-28 00:25:15,999 ERROR Fail to refresh route configuration for group : naming_persistent_service_v2, status is : Status[UNKNOWN<-1>: handleRequest internal error]

2024-05-28 00:25:16,026 INFO This Raft event changes : RaftEvent{groupId='naming_service_metadata', leader='nacos1:7848', term=344, raftClusterInfo=[nacos3:7848, nacos1:7848, nacos2:7848]}

2024-05-28 00:25:16,032 INFO This Raft event changes : RaftEvent{groupId='naming_persistent_service', leader='nacos1:7848', term=350, raftClusterInfo=[nacos3:7848, nacos1:7848, nacos2:7848]}

2024-05-28 00:25:16,035 INFO This Raft event changes : RaftEvent{groupId='naming_persistent_service_v2', leader='nacos2:7848', term=345, raftClusterInfo=[nacos3:7848, nacos1:7848, nacos2:7848]}

2024-05-28 00:25:50,302 ERROR Fail to refresh route configuration for group : naming_service_metadata, status is : Status[UNKNOWN<-1>: handleRequest internal error]

2024-05-28 00:25:57,624 INFO This Raft event changes : RaftEvent{groupId='naming_service_metadata', leader='nacos1:7848', term=345, raftClusterInfo=[nacos3:7848, nacos1:7848, nacos2:7848]}

2024-05-28 00:42:48,362 ERROR Fail to refresh route configuration for group : naming_instance_metadata, status is : Status[UNKNOWN<-1>: handleRequest internal error]

2024-05-28 00:42:48,401 INFO This Raft event changes : RaftEvent{groupId='naming_persistent_service', leader='nacos1:7848', term=350, raftClusterInfo=[nacos3:7848, nacos1:7848, nacos2:7848]}

2024-05-28 00:42:48,491 INFO This Raft event changes : RaftEvent{groupId='naming_persistent_service_v2', leader='nacos3:7848', term=346, raftClusterInfo=[nacos3:7848, nacos1:7848, nacos2:7848]}

2024-05-28 00:42:48,496 ERROR Fail to refresh leader for group : naming_service_metadata, status is : Status[UNKNOWN<-1>: Unknown leader, Unknown leader, Unknown leader]

2024-05-28 00:42:48,498 INFO This Raft event changes : RaftEvent{groupId='naming_instance_metadata', leader='nacos3:7848', term=342, raftClusterInfo=[nacos3:7848, nacos1:7848, nacos2:7848]}

2024-05-28 00:42:48,507 INFO This Raft event changes : RaftEvent{groupId='naming_persistent_service', leader='nacos3:7848', term=351, raftClusterInfo=[nacos3:7848, nacos1:7848, nacos2:7848]}

2024-05-28 00:42:48,530 ERROR Fail to refresh route configuration for group : naming_service_metadata, status is : Status[UNKNOWN<-1>: handleRequest internal error]

2024-05-28 00:42:48,545 INFO This Raft event changes : RaftEvent{groupId='naming_service_metadata', leader='nacos2:7848', term=346, raftClusterInfo=[nacos3:7848, nacos1:7848, nacos2:7848]}

2024-05-28 00:45:31,558 INFO This Raft event changes : RaftEvent{groupId='naming_persistent_service_v2', leader='nacos3:7848', term=346, raftClusterInfo=[nacos3:7848, nacos1:7848, nacos2:7848]}

2024-05-28 00:45:31,589 INFO This Raft event changes : RaftEvent{groupId='naming_persistent_service', leader='nacos3:7848', term=351, raftClusterInfo=[nacos3:7848, nacos1:7848, nacos2:7848]}

2024-05-28 00:45:31,593 INFO This Raft event changes : RaftEvent{groupId='naming_instance_metadata', leader='nacos3:7848', term=342, raftClusterInfo=[nacos3:7848, nacos1:7848, nacos2:7848]}

2024-05-28 00:45:31,595 ERROR Fail to refresh route configuration for group : naming_service_metadata, status is : Status[UNKNOWN<-1>: handleRequest internal error]

2024-05-28 00:45:31,636 ERROR Fail to refresh route configuration for group : naming_persistent_service_v2, status is : Status[UNKNOWN<-1>: handleRequest internal error]

2024-05-28 00:45:31,733 ERROR Fail to refresh leader for group : naming_persistent_service, status is : Status[UNKNOWN<-1>: Unknown leader, Unknown leader, Unknown leader]

2024-05-28 00:45:31,737 ERROR Fail to refresh leader for group : naming_service_metadata, status is : Status[UNKNOWN<-1>: Unknown leader, Unknown leader, Unknown leader]

2024-05-28 00:45:31,737 INFO This Raft event changes : RaftEvent{groupId='naming_persistent_service_v2', leader='nacos1:7848', term=347, raftClusterInfo=[nacos3:7848, nacos1:7848, nacos2:7848]}

2024-05-28 00:45:31,737 ERROR Fail to refresh leader for group : naming_persistent_service_v2, status is : Status[UNKNOWN<-1>: Unknown leader, Unknown leader, Unknown leader]

2024-05-28 00:45:31,737 ERROR Fail to refresh route configuration for group : naming_instance_metadata, status is : Status[UNKNOWN<-1>: handleRequest internal error]

2024-05-28 00:45:31,738 INFO This Raft event changes : RaftEvent{groupId='naming_persistent_service', leader='nacos1:7848', term=352, raftClusterInfo=[nacos3:7848, nacos1:7848, nacos2:7848]}

2024-05-28 00:45:31,858 ERROR Fail to refresh route configuration for group : naming_persistent_service, status is : Status[UNKNOWN<-1>: handleRequest internal error]

2024-05-28 00:45:31,865 ERROR Fail to refresh route configuration for group : naming_service_metadata, status is : Status[UNKNOWN<-1>: handleRequest internal error]

2024-05-28 00:45:31,870 INFO This Raft event changes : RaftEvent{groupId='naming_service_metadata', leader='nacos3:7848', term=347, raftClusterInfo=[nacos3:7848, nacos1:7848, nacos2:7848]}

2024-05-28 00:45:31,885 ERROR Fail to refresh route configuration for group : naming_persistent_service_v2, status is : Status[UNKNOWN<-1>: handleRequest internal error]

2024-05-28 00:45:31,886 INFO This Raft event changes : RaftEvent{groupId='naming_instance_metadata', leader='nacos2:7848', term=343, raftClusterInfo=[nacos3:7848, nacos1:7848, nacos2:7848]}

2024-05-28 01:12:20,537 INFO This Raft event changes : RaftEvent{groupId='naming_service_metadata', leader='nacos3:7848', term=347, raftClusterInfo=[nacos3:7848, nacos1:7848, nacos2:7848]}

2024-05-28 01:12:20,571 INFO This Raft event changes : RaftEvent{groupId='naming_persistent_service', leader='nacos1:7848', term=352, raftClusterInfo=[nacos3:7848, nacos1:7848, nacos2:7848]}

2024-05-28 01:12:20,573 INFO This Raft event changes : RaftEvent{groupId='naming_persistent_service_v2', leader='nacos1:7848', term=347, raftClusterInfo=[nacos3:7848, nacos1:7848, nacos2:7848]}

2024-05-28 01:12:20,594 ERROR Fail to refresh leader for group : naming_service_metadata, status is : Status[UNKNOWN<-1>: Unknown leader, Unknown leader, Unknown leader]

2024-05-28 01:12:20,596 ERROR Fail to refresh route configuration for group : naming_persistent_service_v2, status is : Status[UNKNOWN<-1>: handleRequest internal error]

2024-05-28 01:12:20,613 INFO This Raft event changes : RaftEvent{groupId='naming_instance_metadata', leader='nacos3:7848', term=344, raftClusterInfo=[nacos3:7848, nacos1:7848, nacos2:7848]}

2024-05-28 01:12:20,614 ERROR Fail to refresh route configuration for group : naming_instance_metadata, status is : Status[UNKNOWN<-1>: handleRequest internal error]

2024-05-28 01:12:20,625 ERROR Fail to refresh route configuration for group : naming_service_metadata, status is : Status[UNKNOWN<-1>: handleRequest internal error]

2024-05-28 01:12:20,627 INFO This Raft event changes : RaftEvent{groupId='naming_service_metadata', leader='nacos2:7848', term=348, raftClusterInfo=[nacos3:7848, nacos1:7848, nacos2:7848]}

2024-05-28 01:12:20,632 INFO This Raft event changes : RaftEvent{groupId='naming_persistent_service', leader='nacos3:7848', term=353, raftClusterInfo=[nacos3:7848, nacos1:7848, nacos2:7848]}

2024-05-28 01:12:20,645 ERROR Fail to refresh route configuration for group : naming_persistent_service_v2, status is : Status[UNKNOWN<-1>: handleRequest internal error]

2024-05-28 01:12:20,648 INFO This Raft event changes : RaftEvent{groupId='naming_persistent_service_v2', leader='nacos2:7848', term=348, raftClusterInfo=[nacos3:7848, nacos1:7848, nacos2:7848]}

2024-05-28 01:12:20,654 ERROR Fail to refresh route configuration for group : naming_persistent_service, status is : Status[UNKNOWN<-1>: handleRequest internal error]

2024-05-28 01:13:03,297 INFO This Raft event changes : RaftEvent{groupId='naming_instance_metadata', leader='nacos3:7848', term=344, raftClusterInfo=[nacos3:7848, nacos1:7848, nacos2:7848]}

2024-05-28 01:13:03,751 ERROR Fail to refresh route configuration for group : naming_service_metadata, status is : Status[UNKNOWN<-1>: handleRequest internal error]

2024-05-28 01:13:03,761 INFO This Raft event changes : RaftEvent{groupId='naming_persistent_service', leader='nacos3:7848', term=353, raftClusterInfo=[nacos3:7848, nacos1:7848, nacos2:7848]}

2024-05-28 01:13:03,763 ERROR Fail to refresh leader for group : naming_instance_metadata, status is : Status[UNKNOWN<-1>: Unknown leader, Unknown leader, Unknown leader]

2024-05-28 01:13:03,768 ERROR Fail to refresh leader for group : naming_persistent_service, status is : Status[UNKNOWN<-1>: Unknown leader, Unknown leader, Unknown leader]

2024-05-28 01:13:03,771 ERROR Fail to refresh route configuration for group : naming_instance_metadata, status is : Status[UNKNOWN<-1>: handleRequest internal error]

2024-05-28 01:13:03,777 ERROR Fail to refresh leader for group : naming_persistent_service_v2, status is : Status[UNKNOWN<-1>: Unknown leader, Unknown leader, Unknown leader]

2024-05-28 01:13:03,784 INFO This Raft event changes : RaftEvent{groupId='naming_instance_metadata', leader='nacos2:7848', term=345, raftClusterInfo=[nacos3:7848, nacos1:7848, nacos2:7848]}

2024-05-28 01:13:03,786 ERROR Fail to refresh route configuration for group : naming_persistent_service_v2, status is : Status[UNKNOWN<-1>: handleRequest internal error]

2024-05-28 01:13:03,786 ERROR Fail to refresh leader for group : naming_service_metadata, status is : Status[UNKNOWN<-1>: Unknown leader, Unknown leader, Unknown leader]

2024-05-28 01:13:03,791 INFO This Raft event changes : RaftEvent{groupId='naming_persistent_service_v2', leader='nacos3:7848', term=349, raftClusterInfo=[nacos3:7848, nacos1:7848, nacos2:7848]}

2024-05-28 01:13:03,794 ERROR Fail to refresh route configuration for group : naming_service_metadata, status is : Status[UNKNOWN<-1>: handleRequest internal error]

2024-05-28 01:13:03,799 INFO This Raft event changes : RaftEvent{groupId='naming_persistent_service', leader='nacos2:7848', term=354, raftClusterInfo=[nacos3:7848, nacos1:7848, nacos2:7848]}

2024-05-28 01:13:03,800 ERROR Fail to refresh route configuration for group : naming_persistent_service, status is : Status[UNKNOWN<-1>: handleRequest internal error]

2024-05-28 01:13:03,818 INFO This Raft event changes : RaftEvent{groupId='naming_service_metadata', leader='nacos3:7848', term=349, raftClusterInfo=[nacos3:7848, nacos1:7848, nacos2:7848]}

2024-05-28 01:13:42,747 INFO This Raft event changes : RaftEvent{groupId='naming_service_metadata', leader='nacos3:7848', term=349, raftClusterInfo=[nacos3:7848, nacos1:7848, nacos2:7848]}

2024-05-28 01:13:42,749 INFO This Raft event changes : RaftEvent{groupId='naming_persistent_service_v2', leader='nacos3:7848', term=349, raftClusterInfo=[nacos3:7848, nacos1:7848, nacos2:7848]}

2024-05-28 01:13:42,872 ERROR Fail to refresh route configuration for group : naming_service_metadata, status is : Status[UNKNOWN<-1>: handleRequest internal error]

2024-05-28 01:13:42,872 INFO This Raft event changes : RaftEvent{groupId='naming_persistent_service', leader='nacos1:7848', term=355, raftClusterInfo=[nacos3:7848, nacos1:7848, nacos2:7848]}

2024-05-28 01:13:42,882 INFO This Raft event changes : RaftEvent{groupId='naming_service_metadata', leader='nacos1:7848', term=350, raftClusterInfo=[nacos3:7848, nacos1:7848, nacos2:7848]}

2024-05-28 01:13:42,882 INFO This Raft event changes : RaftEvent{groupId='naming_instance_metadata', leader='nacos1:7848', term=346, raftClusterInfo=[nacos3:7848, nacos1:7848, nacos2:7848]}

2024-05-28 01:13:42,898 INFO This Raft event changes : RaftEvent{groupId='naming_persistent_service_v2', leader='nacos2:7848', term=350, raftClusterInfo=[nacos3:7848, nacos1:7848, nacos2:7848]}

2024-05-28 01:14:31,886 ERROR Fail to refresh route configuration for group : naming_persistent_service, status is : Status[UNKNOWN<-1>: handleRequest internal error]

2024-05-28 01:14:31,940 ERROR Fail to refresh route configuration for group : naming_instance_metadata, status is : Status[UNKNOWN<-1>: handleRequest internal error]

2024-05-28 01:14:31,941 ERROR Fail to refresh leader for group : naming_service_metadata, status is : Status[UNKNOWN<-1>: Unknown leader, Unknown leader, Unknown leader]

2024-05-28 01:14:31,944 INFO This Raft event changes : RaftEvent{groupId='naming_service_metadata', leader='nacos3:7848', term=351, raftClusterInfo=[nacos3:7848, nacos1:7848, nacos2:7848]}

2024-05-28 01:14:31,947 ERROR Fail to refresh route configuration for group : naming_service_metadata, status is : Status[UNKNOWN<-1>: handleRequest internal error]

2024-05-28 01:14:31,956 INFO This Raft event changes : RaftEvent{groupId='naming_instance_metadata', leader='nacos3:7848', term=347, raftClusterInfo=[nacos3:7848, nacos1:7848, nacos2:7848]}

2024-05-28 01:14:31,959 ERROR Fail to refresh route configuration for group : naming_persistent_service_v2, status is : Status[UNKNOWN<-1>: handleRequest internal error]

2024-05-28 01:14:31,963 INFO This Raft event changes : RaftEvent{groupId='naming_persistent_service_v2', leader='nacos3:7848', term=351, raftClusterInfo=[nacos3:7848, nacos1:7848, nacos2:7848]}

2024-05-28 01:14:31,968 INFO This Raft event changes : RaftEvent{groupId='naming_persistent_service', leader='nacos3:7848', term=356, raftClusterInfo=[nacos3:7848, nacos1:7848, nacos2:7848]}

2024-05-28 01:30:17,530 ERROR Fail to refresh leader for group : naming_persistent_service_v2, status is : Status[UNKNOWN<-1>: io.grpc.StatusRuntimeException: DEADLINE_EXCEEDED: deadline exceeded after 4.999803287s. [closed=[], open=[[remote_addr=nacos3/172.25.0.3:7848]]], Unknown leader, Unknown leader]

2024-05-28 01:30:17,532 ERROR Fail to refresh leader for group : naming_persistent_service, status is : Status[UNKNOWN<-1>: io.grpc.StatusRuntimeException: DEADLINE_EXCEEDED: deadline exceeded after 4.999634635s. [closed=[], open=[[remote_addr=nacos3/172.25.0.3:7848]]], Unknown leader, Unknown leader]

2024-05-28 01:30:17,587 ERROR Fail to refresh route configuration for group : naming_persistent_service_v2, status is : Status[UNKNOWN<-1>: handleRequest internal error]

2024-05-28 01:30:17,588 ERROR Fail to refresh route configuration for group : naming_persistent_service, status is : Status[UNKNOWN<-1>: handleRequest internal error]

2024-05-28 01:30:17,595 ERROR Fail to refresh leader for group : naming_instance_metadata, status is : Status[UNKNOWN<-1>: Unknown leader, Unknown leader, Unknown leader]

2024-05-28 01:30:17,622 ERROR Fail to refresh leader for group : naming_service_metadata, status is : Status[UNKNOWN<-1>: Unknown leader, Unknown leader, Unknown leader]

2024-05-28 01:30:17,627 ERROR Fail to refresh route configuration for group : naming_service_metadata, status is : Status[UNKNOWN<-1>: handleRequest internal error]

2024-05-28 01:30:17,634 ERROR Fail to refresh route configuration for group : naming_instance_metadata, status is : Status[UNKNOWN<-1>: handleRequest internal error]

2024-05-28 01:30:17,637 ERROR Fail to refresh leader for group : naming_persistent_service_v2, status is : Status[UNKNOWN<-1>: Unknown leader, Unknown leader, Unknown leader]

2024-05-28 01:30:17,681 INFO This Raft event changes : RaftEvent{groupId='naming_persistent_service', leader='nacos2:7848', term=357, raftClusterInfo=[nacos3:7848, nacos1:7848, nacos2:7848]}

2024-05-28 01:30:17,687 INFO This Raft event changes : RaftEvent{groupId='naming_instance_metadata', leader='nacos2:7848', term=348, raftClusterInfo=[nacos3:7848, nacos1:7848, nacos2:7848]}

2024-05-28 01:30:17,689 ERROR Fail to refresh route configuration for group : naming_persistent_service_v2, status is : Status[UNKNOWN<-1>: handleRequest internal error]

2024-05-28 01:30:17,692 INFO This Raft event changes : RaftEvent{groupId='naming_service_metadata', leader='nacos2:7848', term=352, raftClusterInfo=[nacos3:7848, nacos1:7848, nacos2:7848]}

2024-05-28 01:30:17,712 INFO This Raft event changes : RaftEvent{groupId='naming_persistent_service_v2', leader='nacos2:7848', term=352, raftClusterInfo=[nacos3:7848, nacos1:7848, nacos2:7848]}

2024-05-28 01:30:59,697 ERROR Fail to refresh leader for group : naming_persistent_service_v2, status is : Status[UNKNOWN<-1>: Unknown leader, Unknown leader, Unknown leader]

2024-05-28 01:30:59,704 ERROR Fail to refresh route configuration for group : naming_persistent_service_v2, status is : Status[UNKNOWN<-1>: handleRequest internal error]

2024-05-28 01:30:59,704 ERROR Fail to refresh leader for group : naming_persistent_service, status is : Status[UNKNOWN<-1>: Unknown leader, Unknown leader, Unknown leader]

2024-05-28 01:30:59,717 INFO This Raft event changes : RaftEvent{groupId='naming_service_metadata', leader='nacos3:7848', term=353, raftClusterInfo=[nacos3:7848, nacos1:7848, nacos2:7848]}

2024-05-28 01:30:59,720 ERROR Fail to refresh route configuration for group : naming_persistent_service, status is : Status[UNKNOWN<-1>: handleRequest internal error]

2024-05-28 01:30:59,731 INFO This Raft event changes : RaftEvent{groupId='naming_persistent_service_v2', leader='nacos3:7848', term=353, raftClusterInfo=[nacos3:7848, nacos1:7848, nacos2:7848]}

2024-05-28 01:30:59,736 INFO This Raft event changes : RaftEvent{groupId='naming_persistent_service', leader='nacos3:7848', term=358, raftClusterInfo=[nacos3:7848, nacos1:7848, nacos2:7848]}

2024-05-28 01:32:05,240 INFO This Raft event changes : RaftEvent{groupId='naming_service_metadata', leader='nacos3:7848', term=353, raftClusterInfo=[nacos3:7848, nacos1:7848, nacos2:7848]}

2024-05-28 01:32:05,265 INFO This Raft event changes : RaftEvent{groupId='naming_persistent_service', leader='nacos3:7848', term=358, raftClusterInfo=[nacos3:7848, nacos1:7848, nacos2:7848]}

2024-05-28 01:32:05,280 INFO This Raft event changes : RaftEvent{groupId='naming_persistent_service_v2', leader='nacos3:7848', term=353, raftClusterInfo=[nacos3:7848, nacos1:7848, nacos2:7848]}

2024-05-28 01:32:05,705 ERROR Fail to refresh route configuration for group : naming_persistent_service, status is : Status[UNKNOWN<-1>: handleRequest internal error]

2024-05-28 01:32:05,705 ERROR Fail to refresh route configuration for group : naming_persistent_service_v2, status is : Status[UNKNOWN<-1>: handleRequest internal error]

2024-05-28 01:32:05,713 ERROR Fail to refresh route configuration for group : naming_instance_metadata, status is : Status[UNKNOWN<-1>: handleRequest internal error]

2024-05-28 01:32:05,775 ERROR Fail to refresh route configuration for group : naming_persistent_service, status is : Status[UNKNOWN<-1>: handleRequest internal error]

2024-05-28 01:32:05,792 ERROR Fail to refresh route configuration for group : naming_service_metadata, status is : Status[UNKNOWN<-1>: handleRequest internal error]

2024-05-28 01:32:05,793 INFO This Raft event changes : RaftEvent{groupId='naming_instance_metadata', leader='nacos3:7848', term=349, raftClusterInfo=[nacos3:7848, nacos1:7848, nacos2:7848]}

2024-05-28 01:32:05,813 INFO This Raft event changes : RaftEvent{groupId='naming_service_metadata', leader='nacos1:7848', term=354, raftClusterInfo=[nacos3:7848, nacos1:7848, nacos2:7848]}

2024-05-28 01:32:05,822 INFO This Raft event changes : RaftEvent{groupId='naming_persistent_service_v2', leader='nacos1:7848', term=354, raftClusterInfo=[nacos3:7848, nacos1:7848, nacos2:7848]}

2024-05-28 01:32:05,823 ERROR Fail to refresh leader for group : naming_persistent_service_v2, status is : Status[UNKNOWN<-1>: Unknown leader, Unknown leader, Unknown leader]

2024-05-28 01:32:05,825 ERROR Fail to refresh route configuration for group : naming_persistent_service, status is : Status[UNKNOWN<-1>: handleRequest internal error]

2024-05-28 01:32:05,830 ERROR Fail to refresh route configuration for group : naming_persistent_service_v2, status is : Status[UNKNOWN<-1>: handleRequest internal error]

2024-05-28 01:32:05,838 INFO This Raft event changes : RaftEvent{groupId='naming_persistent_service', leader='nacos2:7848', term=359, raftClusterInfo=[nacos3:7848, nacos1:7848, nacos2:7848]}

2024-05-28 01:32:06,163 INFO This Raft event changes : RaftEvent{groupId='naming_instance_metadata', leader='nacos3:7848', term=349, raftClusterInfo=[nacos3:7848, nacos1:7848, nacos2:7848]}

2024-05-28 01:48:11,721 INFO This Raft event changes : RaftEvent{groupId='naming_persistent_service_v2', leader='nacos1:7848', term=354, raftClusterInfo=[nacos3:7848, nacos1:7848, nacos2:7848]}

2024-05-28 01:48:11,749 INFO This Raft event changes : RaftEvent{groupId='naming_service_metadata', leader='nacos1:7848', term=354, raftClusterInfo=[nacos3:7848, nacos1:7848, nacos2:7848]}

2024-05-28 01:48:11,749 ERROR Fail to refresh route configuration for group : naming_persistent_service, status is : Status[UNKNOWN<-1>: handleRequest internal error]

2024-05-28 01:48:11,773 ERROR Fail to refresh route configuration for group : naming_persistent_service, status is : Status[UNKNOWN<-1>: handleRequest internal error]

2024-05-28 01:48:11,790 ERROR Fail to refresh route configuration for group : naming_persistent_service_v2, status is : Status[UNKNOWN<-1>: handleRequest internal error]

2024-05-28 01:48:11,793 ERROR Fail to refresh route configuration for group : naming_persistent_service, status is : Status[UNKNOWN<-1>: handleRequest internal error]

2024-05-28 01:48:11,848 ERROR Fail to refresh leader for group : naming_instance_metadata, status is : Status[UNKNOWN<-1>: Unknown leader, Unknown leader, Unknown leader]

2024-05-28 01:48:11,851 ERROR Fail to refresh route configuration for group : naming_instance_metadata, status is : Status[UNKNOWN<-1>: handleRequest internal error]

2024-05-28 01:48:11,857 INFO This Raft event changes : RaftEvent{groupId='naming_service_metadata', leader='nacos3:7848', term=355, raftClusterInfo=[nacos3:7848, nacos1:7848, nacos2:7848]}

2024-05-28 01:48:11,865 ERROR Fail to refresh route configuration for group : naming_persistent_service, status is : Status[UNKNOWN<-1>: handleRequest internal error]

2024-05-28 01:48:11,872 INFO This Raft event changes : RaftEvent{groupId='naming_service_metadata', leader='nacos3:7848', term=355, raftClusterInfo=[nacos3:7848, nacos1:7848, nacos2:7848]}

2024-05-28 01:48:11,873 INFO This Raft event changes : RaftEvent{groupId='naming_persistent_service_v2', leader='nacos2:7848', term=355, raftClusterInfo=[nacos3:7848, nacos1:7848, nacos2:7848]}

2024-05-28 01:48:11,878 INFO This Raft event changes : RaftEvent{groupId='naming_instance_metadata', leader='nacos2:7848', term=350, raftClusterInfo=[nacos3:7848, nacos1:7848, nacos2:7848]}

2024-05-28 01:48:11,883 INFO This Raft event changes : RaftEvent{groupId='naming_persistent_service', leader='nacos1:7848', term=360, raftClusterInfo=[nacos3:7848, nacos1:7848, nacos2:7848]}

2024-05-28 01:48:54,709 INFO This Raft event changes : RaftEvent{groupId='naming_persistent_service', leader='nacos1:7848', term=360, raftClusterInfo=[nacos3:7848, nacos1:7848, nacos2:7848]}

2024-05-28 01:48:54,856 ERROR Fail to refresh route configuration for group : naming_instance_metadata, status is : Status[UNKNOWN<-1>: handleRequest internal error]

2024-05-28 01:48:54,866 ERROR Fail to refresh route configuration for group : naming_persistent_service_v2, status is : Status[UNKNOWN<-1>: handleRequest internal error]

2024-05-28 01:48:54,867 INFO This Raft event changes : RaftEvent{groupId='naming_persistent_service_v2', leader='nacos1:7848', term=356, raftClusterInfo=[nacos3:7848, nacos1:7848, nacos2:7848]}

2024-05-28 01:48:54,868 INFO This Raft event changes : RaftEvent{groupId='naming_persistent_service', leader='nacos3:7848', term=361, raftClusterInfo=[nacos3:7848, nacos1:7848, nacos2:7848]}

2024-05-28 01:48:54,873 ERROR Fail to refresh route configuration for group : naming_instance_metadata, status is : Status[UNKNOWN<-1>: handleRequest internal error]

2024-05-28 01:48:54,884 INFO This Raft event changes : RaftEvent{groupId='naming_service_metadata', leader='nacos1:7848', term=356, raftClusterInfo=[nacos3:7848, nacos1:7848, nacos2:7848]}

2024-05-28 01:48:54,894 ERROR Fail to refresh route configuration for group : naming_instance_metadata, status is : Status[UNKNOWN<-1>: handleRequest internal error]

2024-05-28 01:48:57,508 ERROR Fail to refresh route configuration for group : naming_instance_metadata, status is : Status[UNKNOWN<-1>: handleRequest internal error]

2024-05-28 01:49:00,363 INFO This Raft event changes : RaftEvent{groupId='naming_instance_metadata', leader='nacos3:7848', term=351, raftClusterInfo=[nacos3:7848, nacos1:7848, nacos2:7848]}

2024-05-28 01:49:45,606 INFO This Raft event changes : RaftEvent{groupId='naming_instance_metadata', leader='nacos3:7848', term=351, raftClusterInfo=[nacos3:7848, nacos1:7848, nacos2:7848]}

2024-05-28 01:49:45,608 INFO This Raft event changes : RaftEvent{groupId='naming_persistent_service_v2', leader='nacos1:7848', term=356, raftClusterInfo=[nacos3:7848, nacos1:7848, nacos2:7848]}

2024-05-28 01:49:45,625 ERROR Fail to refresh route configuration for group : naming_instance_metadata, status is : Status[UNKNOWN<-1>: handleRequest internal error]

2024-05-28 01:49:45,631 ERROR Fail to refresh route configuration for group : naming_service_metadata, status is : Status[UNKNOWN<-1>: handleRequest internal error]

2024-05-28 01:49:45,645 ERROR Fail to refresh route configuration for group : naming_persistent_service_v2, status is : Status[UNKNOWN<-1>: handleRequest internal error]

2024-05-28 01:49:45,729 ERROR Fail to refresh route configuration for group : naming_instance_metadata, status is : Status[UNKNOWN<-1>: handleRequest internal error]

2024-05-28 01:49:45,753 ERROR Fail to refresh route configuration for group : naming_service_metadata, status is : Status[UNKNOWN<-1>: handleRequest internal error]

2024-05-28 01:49:45,804 ERROR Fail to refresh route configuration for group : naming_service_metadata, status is : Status[UNKNOWN<-1>: handleRequest internal error]

2024-05-28 01:49:45,809 INFO This Raft event changes : RaftEvent{groupId='naming_persistent_service', leader='nacos1:7848', term=362, raftClusterInfo=[nacos3:7848, nacos1:7848, nacos2:7848]}

2024-05-28 01:49:45,813 ERROR Fail to refresh leader for group : naming_persistent_service, status is : Status[UNKNOWN<-1>: Unknown leader, Unknown leader, Unknown leader]

2024-05-28 01:49:45,815 ERROR Fail to refresh route configuration for group : naming_service_metadata, status is : Status[UNKNOWN<-1>: handleRequest internal error]

2024-05-28 01:49:45,842 INFO This Raft event changes : RaftEvent{groupId='naming_persistent_service_v2', leader='nacos3:7848', term=357, raftClusterInfo=[nacos3:7848, nacos1:7848, nacos2:7848]}

2024-05-28 01:49:45,843 ERROR Fail to refresh leader for group : naming_persistent_service_v2, status is : Status[UNKNOWN<-1>: Unknown leader, Unknown leader, Unknown leader]

2024-05-28 01:49:45,846 ERROR Fail to refresh route configuration for group : naming_persistent_service, status is : Status[UNKNOWN<-1>: handleRequest internal error]

2024-05-28 01:49:45,847 INFO This Raft event changes : RaftEvent{groupId='naming_instance_metadata', leader='nacos2:7848', term=352, raftClusterInfo=[nacos3:7848, nacos1:7848, nacos2:7848]}

2024-05-28 01:49:45,855 ERROR Fail to refresh route configuration for group : naming_persistent_service_v2, status is : Status[UNKNOWN<-1>: handleRequest internal error]

2024-05-28 01:49:45,861 ERROR Fail to refresh route configuration for group : naming_service_metadata, status is : Status[UNKNOWN<-1>: handleRequest internal error]

2024-05-28 01:49:48,579 ERROR Fail to refresh route configuration for group : naming_service_metadata, status is : Status[UNKNOWN<-1>: handleRequest internal error]

2024-05-28 01:49:50,901 INFO This Raft event changes : RaftEvent{groupId='naming_service_metadata', leader='nacos1:7848', term=357, raftClusterInfo=[nacos3:7848, nacos1:7848, nacos2:7848]}

2024-05-28 02:05:29,495 INFO This Raft event changes : RaftEvent{groupId='naming_service_metadata', leader='nacos1:7848', term=357, raftClusterInfo=[nacos3:7848, nacos1:7848, nacos2:7848]}

2024-05-28 02:05:30,405 INFO This Raft event changes : RaftEvent{groupId='naming_persistent_service', leader='nacos1:7848', term=362, raftClusterInfo=[nacos3:7848, nacos1:7848, nacos2:7848]}

2024-05-28 02:05:30,577 ERROR Fail to refresh leader for group : naming_persistent_service_v2, status is : Status[UNKNOWN<-1>: Unknown leader, Unknown leader, Unknown leader]

2024-05-28 02:05:30,582 ERROR Fail to refresh route configuration for group : naming_service_metadata, status is : Status[UNKNOWN<-1>: handleRequest internal error]

2024-05-28 02:05:30,590 ERROR Fail to refresh leader for group : naming_instance_metadata, status is : Status[UNKNOWN<-1>: Unknown leader, Unknown leader, Unknown leader]

2024-05-28 02:05:30,592 INFO This Raft event changes : RaftEvent{groupId='naming_instance_metadata', leader='nacos1:7848', term=353, raftClusterInfo=[nacos3:7848, nacos1:7848, nacos2:7848]}

2024-05-28 02:05:30,618 ERROR Fail to refresh route configuration for group : naming_instance_metadata, status is : Status[UNKNOWN<-1>: handleRequest internal error]

2024-05-28 02:05:30,632 INFO This Raft event changes : RaftEvent{groupId='naming_persistent_service_v2', leader='nacos1:7848', term=358, raftClusterInfo=[nacos3:7848, nacos1:7848, nacos2:7848]}

2024-05-28 02:05:30,633 INFO This Raft event changes : RaftEvent{groupId='naming_persistent_service', leader='nacos2:7848', term=363, raftClusterInfo=[nacos3:7848, nacos1:7848, nacos2:7848]}

2024-05-28 02:05:30,637 ERROR Fail to refresh route configuration for group : naming_persistent_service_v2, status is : Status[UNKNOWN<-1>: handleRequest internal error]

2024-05-28 02:05:30,646 INFO This Raft event changes : RaftEvent{groupId='naming_service_metadata', leader='nacos3:7848', term=358, raftClusterInfo=[nacos3:7848, nacos1:7848, nacos2:7848]}

2024-05-28 02:06:20,813 INFO This Raft event changes : RaftEvent{groupId='naming_service_metadata', leader='nacos3:7848', term=358, raftClusterInfo=[nacos3:7848, nacos1:7848, nacos2:7848]}

2024-05-28 02:06:21,004 ERROR Fail to refresh leader for group : naming_persistent_service_v2, status is : Status[UNKNOWN<-1>: Unknown leader, Unknown leader, Unknown leader]

2024-05-28 02:06:21,004 ERROR Fail to refresh route configuration for group : naming_persistent_service, status is : Status[UNKNOWN<-1>: handleRequest internal error]

2024-05-28 02:06:21,008 INFO This Raft event changes : RaftEvent{groupId='naming_instance_metadata', leader='nacos3:7848', term=354, raftClusterInfo=[nacos3:7848, nacos1:7848, nacos2:7848]}

2024-05-28 02:06:21,009 INFO This Raft event changes : RaftEvent{groupId='naming_service_metadata', leader='nacos1:7848', term=359, raftClusterInfo=[nacos3:7848, nacos1:7848, nacos2:7848]}

2024-05-28 02:06:21,013 INFO This Raft event changes : RaftEvent{groupId='naming_persistent_service', leader='nacos3:7848', term=364, raftClusterInfo=[nacos3:7848, nacos1:7848, nacos2:7848]}

2024-05-28 02:06:21,011 ERROR Fail to refresh leader for group : naming_service_metadata, status is : Status[UNKNOWN<-1>: Unknown leader, Unknown leader, Unknown leader]

2024-05-28 02:06:21,020 ERROR Fail to refresh route configuration for group : naming_persistent_service_v2, status is : Status[UNKNOWN<-1>: handleRequest internal error]

2024-05-28 02:06:21,023 INFO This Raft event changes : RaftEvent{groupId='naming_persistent_service', leader='nacos3:7848', term=364, raftClusterInfo=[nacos3:7848, nacos1:7848, nacos2:7848]}

2024-05-28 02:06:21,027 ERROR Fail to refresh route configuration for group : naming_service_metadata, status is : Status[UNKNOWN<-1>: handleRequest internal error]

2024-05-28 02:06:21,046 INFO This Raft event changes : RaftEvent{groupId='naming_instance_metadata', leader='nacos3:7848', term=354, raftClusterInfo=[nacos3:7848, nacos1:7848, nacos2:7848]}

2024-05-28 02:06:21,048 INFO This Raft event changes : RaftEvent{groupId='naming_persistent_service_v2', leader='nacos2:7848', term=359, raftClusterInfo=[nacos3:7848, nacos1:7848, nacos2:7848]}

