2024-05-22 18:44:35,779 INFO Nacos GrpcClusterServer Rpc server stopping

2024-05-22 18:44:35,794 INFO Nacos GrpcSdkServer Rpc server stopping

2024-05-22 18:44:36,142 INFO Nacos GrpcSdkServer Rpc server stopped successfully...

2024-05-22 18:44:36,143 INFO Nacos GrpcClusterServer Rpc server stopped successfully...

2024-05-22 23:25:20,219 INFO [ClientConnectionEventListenerRegistry] registry listener - ConnectionBasedClientManager

2024-05-22 23:25:36,789 INFO [ClientConnectionEventListenerRegistry] registry listener - ConnectionBasedClientManager

2024-05-22 23:25:53,355 INFO [ClientConnectionEventListenerRegistry] registry listener - ConnectionBasedClientManager

2024-05-22 23:26:10,334 INFO [ClientConnectionEventListenerRegistry] registry listener - ConnectionBasedClientManager

2024-05-22 23:26:28,880 INFO [ClientConnectionEventListenerRegistry] registry listener - ConnectionBasedClientManager

2024-05-22 23:26:54,594 INFO [ClientConnectionEventListenerRegistry] registry listener - ConnectionBasedClientManager

2024-05-22 23:27:14,478 INFO [ClientConnectionEventListenerRegistry] registry listener - ConnectionBasedClientManager

2024-05-22 23:27:39,572 INFO [ClientConnectionEventListenerRegistry] registry listener - ConnectionBasedClientManager

2024-05-22 23:27:57,057 INFO [ClientConnectionEventListenerRegistry] registry listener - ConnectionBasedClientManager

2024-05-22 23:28:19,072 INFO [ClientConnectionEventListenerRegistry] registry listener - ConnectionBasedClientManager

2024-05-22 23:28:43,898 INFO [ClientConnectionEventListenerRegistry] registry listener - ConnectionBasedClientManager

2024-05-22 23:29:28,635 INFO [ClientConnectionEventListenerRegistry] registry listener - ConnectionBasedClientManager

2024-05-22 23:29:42,131 INFO [ClientConnectionEventListenerRegistry] registry listener - ConfigConnectionEventListener

2024-05-22 23:29:42,191 INFO Nacos GrpcSdkServer Rpc server starting at port 9848

2024-05-22 23:29:42,215 INFO Load ProtocolNegotiatorBuilder com.alibaba.nacos.core.remote.grpc.negotiator.tls.DefaultTlsProtocolNegotiatorBuilder for type DEFAULT_TLS

2024-05-22 23:29:42,225 DEBUG TLS configuration is empty, use default value

2024-05-22 23:29:42,227 INFO Nacos Rpc server tls config:{"sslProvider":"","enableTls":false,"mutualAuthEnable":false,"trustAll":false,"sslContextRefresher":"","compatibility":true}

2024-05-22 23:29:42,231 WARN Recommended use 'nacos.remote.server.grpc.sdk.max-inbound-message-size' property instead 'nacos.remote.server.grpc.maxinbound.message.size', now property value is 10485760

2024-05-22 23:29:42,254 INFO Nacos Rpc server tls config:{"sslProvider":"","enableTls":false,"mutualAuthEnable":false,"trustAll":false,"sslContextRefresher":"","compatibility":true}

2024-05-22 23:29:42,263 INFO No RpcServerSslContextRefresher specified,Ssl Context auto refresh not supported.

2024-05-22 23:29:42,264 INFO RpcServerSslContextRefresher init end

2024-05-22 23:29:42,265 INFO Nacos GrpcSdkServer Rpc server started at port 9848

2024-05-22 23:29:42,273 INFO Nacos GrpcClusterServer Rpc server starting at port 9849

2024-05-22 23:29:42,275 WARN Recommended use 'nacos.remote.server.grpc.cluster.max-inbound-message-size' property instead 'nacos.remote.server.grpc.maxinbound.message.size', now property value is 10485760

2024-05-22 23:29:42,290 INFO Nacos GrpcClusterServer Rpc server started at port 9849

2024-05-22 23:29:42,625 INFO [ClientConnectionEventListenerRegistry] registry listener - RpcAckCallbackInitorOrCleaner

