2024-05-28 00:08:39,111 INFO This Raft event changes : RaftEvent{groupId='naming_service_metadata', leader='nacos2:7848', term=341, raftClusterInfo=[nacos3:7848, nacos1:7848, nacos2:7848]}

2024-05-28 00:08:39,173 ERROR Fail to refresh route configuration for group : naming_persistent_service, status is : Status[UNKNOWN<-1>: handleRequest internal error]

2024-05-28 00:08:39,180 ERROR Fail to refresh route configuration for group : naming_persistent_service_v2, status is : Status[UNKNOWN<-1>: handleRequest internal error]

2024-05-28 00:08:39,198 ERROR Fail to refresh route configuration for group : naming_service_metadata, status is : Status[UNKNOWN<-1>: handleRequest internal error]

2024-05-28 00:08:39,221 ERROR Fail to refresh route configuration for group : naming_instance_metadata, status is : Status[UNKNOWN<-1>: handleRequest internal error]

2024-05-28 00:08:39,235 ERROR Fail to refresh route configuration for group : naming_persistent_service_v2, status is : Status[UNKNOWN<-1>: handleRequest internal error]

2024-05-28 00:08:39,241 ERROR Fail to refresh route configuration for group : naming_persistent_service, status is : Status[UNKNOWN<-1>: handleRequest internal error]

2024-05-28 00:08:39,256 ERROR Fail to refresh route configuration for group : naming_persistent_service, status is : Status[UNKNOWN<-1>: handleRequest internal error]

2024-05-28 00:08:39,274 ERROR Fail to refresh leader for group : naming_persistent_service_v2, status is : Status[UNKNOWN<-1>: Unknown leader, Unknown leader, Unknown leader]

2024-05-28 00:08:39,291 INFO This Raft event changes : RaftEvent{groupId='naming_persistent_service_v2', leader='nacos1:7848', term=344, raftClusterInfo=[nacos3:7848, nacos1:7848, nacos2:7848]}

2024-05-28 00:08:39,297 INFO This Raft event changes : RaftEvent{groupId='naming_instance_metadata', leader='nacos2:7848', term=340, raftClusterInfo=[nacos3:7848, nacos1:7848, nacos2:7848]}

2024-05-28 00:08:39,293 ERROR Fail to refresh route configuration for group : naming_persistent_service, status is : Status[UNKNOWN<-1>: handleRequest internal error]

2024-05-28 00:08:39,302 ERROR Fail to refresh leader for group : naming_service_metadata, status is : Status[UNKNOWN<-1>: Unknown leader, Unknown leader, Unknown leader]

2024-05-28 00:08:39,312 INFO This Raft event changes : RaftEvent{groupId='naming_service_metadata', leader='nacos3:7848', term=342, raftClusterInfo=[nacos3:7848, nacos1:7848, nacos2:7848]}

2024-05-28 00:08:39,320 ERROR Fail to refresh route configuration for group : naming_persistent_service, status is : Status[UNKNOWN<-1>: handleRequest internal error]

2024-05-28 00:08:39,331 ERROR Fail to refresh route configuration for group : naming_persistent_service_v2, status is : Status[UNKNOWN<-1>: handleRequest internal error]

2024-05-28 00:08:39,340 ERROR Fail to refresh route configuration for group : naming_persistent_service, status is : Status[UNKNOWN<-1>: handleRequest internal error]

2024-05-28 00:08:39,343 ERROR Fail to refresh route configuration for group : naming_service_metadata, status is : Status[UNKNOWN<-1>: handleRequest internal error]

2024-05-28 00:08:39,352 ERROR Fail to refresh route configuration for group : naming_persistent_service, status is : Status[UNKNOWN<-1>: handleRequest internal error]

2024-05-28 00:08:39,371 ERROR Fail to refresh route configuration for group : naming_persistent_service, status is : Status[UNKNOWN<-1>: handleRequest internal error]

2024-05-28 00:08:39,380 ERROR Fail to refresh route configuration for group : naming_persistent_service, status is : Status[UNKNOWN<-1>: handleRequest internal error]

2024-05-28 00:08:39,385 ERROR Fail to refresh route configuration for group : naming_persistent_service, status is : Status[UNKNOWN<-1>: handleRequest internal error]

2024-05-28 00:08:39,391 ERROR Fail to refresh route configuration for group : naming_persistent_service, status is : Status[UNKNOWN<-1>: handleRequest internal error]

2024-05-28 00:08:39,400 ERROR Fail to refresh route configuration for group : naming_persistent_service, status is : Status[UNKNOWN<-1>: handleRequest internal error]

2024-05-28 00:08:39,405 ERROR Fail to refresh route configuration for group : naming_persistent_service, status is : Status[UNKNOWN<-1>: handleRequest internal error]

2024-05-28 00:08:39,414 ERROR Fail to refresh route configuration for group : naming_persistent_service, status is : Status[UNKNOWN<-1>: handleRequest internal error]

2024-05-28 00:08:39,421 ERROR Fail to refresh route configuration for group : naming_persistent_service, status is : Status[UNKNOWN<-1>: handleRequest internal error]

2024-05-28 00:08:39,427 ERROR Fail to refresh route configuration for group : naming_persistent_service, status is : Status[UNKNOWN<-1>: handleRequest internal error]

2024-05-28 00:08:39,434 ERROR Fail to refresh route configuration for group : naming_persistent_service, status is : Status[UNKNOWN<-1>: handleRequest internal error]

2024-05-28 00:08:39,439 ERROR Fail to refresh route configuration for group : naming_persistent_service, status is : Status[UNKNOWN<-1>: handleRequest internal error]

2024-05-28 00:08:39,445 ERROR Fail to refresh route configuration for group : naming_persistent_service, status is : Status[UNKNOWN<-1>: handleRequest internal error]

2024-05-28 00:08:39,450 ERROR Fail to refresh route configuration for group : naming_persistent_service, status is : Status[UNKNOWN<-1>: handleRequest internal error]

2024-05-28 00:08:39,456 ERROR Fail to refresh route configuration for group : naming_persistent_service, status is : Status[UNKNOWN<-1>: handleRequest internal error]

2024-05-28 00:08:39,463 ERROR Fail to refresh route configuration for group : naming_persistent_service, status is : Status[UNKNOWN<-1>: handleRequest internal error]

2024-05-28 00:08:39,468 ERROR Fail to refresh route configuration for group : naming_persistent_service, status is : Status[UNKNOWN<-1>: handleRequest internal error]

2024-05-28 00:08:39,474 ERROR Fail to refresh route configuration for group : naming_persistent_service, status is : Status[UNKNOWN<-1>: handleRequest internal error]

2024-05-28 00:08:39,480 ERROR Fail to refresh route configuration for group : naming_persistent_service, status is : Status[UNKNOWN<-1>: handleRequest internal error]

2024-05-28 00:08:39,486 ERROR Fail to refresh route configuration for group : naming_persistent_service, status is : Status[UNKNOWN<-1>: handleRequest internal error]

2024-05-28 00:08:39,493 ERROR Fail to refresh route configuration for group : naming_persistent_service, status is : Status[UNKNOWN<-1>: handleRequest internal error]

2024-05-28 00:08:39,501 ERROR Fail to refresh route configuration for group : naming_persistent_service, status is : Status[UNKNOWN<-1>: handleRequest internal error]

2024-05-28 00:08:39,526 ERROR Fail to refresh route configuration for group : naming_persistent_service, status is : Status[UNKNOWN<-1>: handleRequest internal error]

2024-05-28 00:08:39,532 ERROR Fail to refresh route configuration for group : naming_persistent_service, status is : Status[UNKNOWN<-1>: handleRequest internal error]

2024-05-28 00:08:39,538 ERROR Fail to refresh route configuration for group : naming_persistent_service, status is : Status[UNKNOWN<-1>: handleRequest internal error]

2024-05-28 00:08:39,545 ERROR Fail to refresh route configuration for group : naming_persistent_service, status is : Status[UNKNOWN<-1>: handleRequest internal error]

2024-05-28 00:08:39,550 ERROR Fail to refresh route configuration for group : naming_persistent_service, status is : Status[UNKNOWN<-1>: handleRequest internal error]

2024-05-28 00:08:39,560 ERROR Fail to refresh route configuration for group : naming_persistent_service, status is : Status[UNKNOWN<-1>: handleRequest internal error]

2024-05-28 00:08:39,565 ERROR Fail to refresh route configuration for group : naming_persistent_service, status is : Status[UNKNOWN<-1>: handleRequest internal error]

2024-05-28 00:08:39,571 ERROR Fail to refresh route configuration for group : naming_persistent_service, status is : Status[UNKNOWN<-1>: handleRequest internal error]

2024-05-28 00:08:39,577 ERROR Fail to refresh route configuration for group : naming_persistent_service, status is : Status[UNKNOWN<-1>: handleRequest internal error]

2024-05-28 00:08:39,583 ERROR Fail to refresh route configuration for group : naming_persistent_service, status is : Status[UNKNOWN<-1>: handleRequest internal error]

2024-05-28 00:08:39,589 ERROR Fail to refresh route configuration for group : naming_persistent_service, status is : Status[UNKNOWN<-1>: handleRequest internal error]

2024-05-28 00:08:39,593 ERROR Fail to refresh route configuration for group : naming_persistent_service, status is : Status[UNKNOWN<-1>: handleRequest internal error]

2024-05-28 00:08:39,597 ERROR Fail to refresh route configuration for group : naming_persistent_service, status is : Status[UNKNOWN<-1>: handleRequest internal error]

2024-05-28 00:08:39,603 ERROR Fail to refresh route configuration for group : naming_persistent_service, status is : Status[UNKNOWN<-1>: handleRequest internal error]

2024-05-28 00:08:39,607 ERROR Fail to refresh route configuration for group : naming_persistent_service, status is : Status[UNKNOWN<-1>: handleRequest internal error]

2024-05-28 00:08:39,612 ERROR Fail to refresh route configuration for group : naming_persistent_service, status is : Status[UNKNOWN<-1>: handleRequest internal error]

2024-05-28 00:08:39,617 ERROR Fail to refresh route configuration for group : naming_persistent_service, status is : Status[UNKNOWN<-1>: handleRequest internal error]

2024-05-28 00:08:39,625 ERROR Fail to refresh route configuration for group : naming_persistent_service, status is : Status[UNKNOWN<-1>: handleRequest internal error]

2024-05-28 00:08:39,631 ERROR Fail to refresh route configuration for group : naming_persistent_service, status is : Status[UNKNOWN<-1>: handleRequest internal error]

2024-05-28 00:08:39,637 ERROR Fail to refresh route configuration for group : naming_persistent_service, status is : Status[UNKNOWN<-1>: handleRequest internal error]

2024-05-28 00:08:39,643 ERROR Fail to refresh route configuration for group : naming_persistent_service, status is : Status[UNKNOWN<-1>: handleRequest internal error]

2024-05-28 00:08:39,650 ERROR Fail to refresh route configuration for group : naming_persistent_service, status is : Status[UNKNOWN<-1>: handleRequest internal error]

2024-05-28 00:08:39,655 ERROR Fail to refresh route configuration for group : naming_persistent_service, status is : Status[UNKNOWN<-1>: handleRequest internal error]

2024-05-28 00:08:39,662 ERROR Fail to refresh route configuration for group : naming_persistent_service, status is : Status[UNKNOWN<-1>: handleRequest internal error]

2024-05-28 00:08:39,668 ERROR Fail to refresh route configuration for group : naming_persistent_service, status is : Status[UNKNOWN<-1>: handleRequest internal error]

2024-05-28 00:08:39,672 ERROR Fail to refresh route configuration for group : naming_persistent_service, status is : Status[UNKNOWN<-1>: handleRequest internal error]

2024-05-28 00:08:39,679 ERROR Fail to refresh route configuration for group : naming_persistent_service, status is : Status[UNKNOWN<-1>: handleRequest internal error]

2024-05-28 00:08:39,686 ERROR Fail to refresh route configuration for group : naming_persistent_service, status is : Status[UNKNOWN<-1>: handleRequest internal error]

2024-05-28 00:08:39,691 ERROR Fail to refresh route configuration for group : naming_persistent_service, status is : Status[UNKNOWN<-1>: handleRequest internal error]

2024-05-28 00:08:39,695 ERROR Fail to refresh route configuration for group : naming_persistent_service, status is : Status[UNKNOWN<-1>: handleRequest internal error]

2024-05-28 00:08:39,699 ERROR Fail to refresh route configuration for group : naming_persistent_service, status is : Status[UNKNOWN<-1>: handleRequest internal error]

2024-05-28 00:08:39,705 ERROR Fail to refresh route configuration for group : naming_persistent_service, status is : Status[UNKNOWN<-1>: handleRequest internal error]

2024-05-28 00:08:39,710 ERROR Fail to refresh route configuration for group : naming_persistent_service, status is : Status[UNKNOWN<-1>: handleRequest internal error]

2024-05-28 00:08:39,714 ERROR Fail to refresh route configuration for group : naming_persistent_service, status is : Status[UNKNOWN<-1>: handleRequest internal error]

2024-05-28 00:08:39,719 ERROR Fail to refresh route configuration for group : naming_persistent_service, status is : Status[UNKNOWN<-1>: handleRequest internal error]

2024-05-28 00:08:39,724 ERROR Fail to refresh route configuration for group : naming_persistent_service, status is : Status[UNKNOWN<-1>: handleRequest internal error]

2024-05-28 00:08:39,730 ERROR Fail to refresh route configuration for group : naming_persistent_service, status is : Status[UNKNOWN<-1>: handleRequest internal error]

2024-05-28 00:08:39,733 ERROR Fail to refresh route configuration for group : naming_persistent_service, status is : Status[UNKNOWN<-1>: handleRequest internal error]

2024-05-28 00:08:39,739 ERROR Fail to refresh route configuration for group : naming_persistent_service, status is : Status[UNKNOWN<-1>: handleRequest internal error]

2024-05-28 00:08:39,743 ERROR Fail to refresh route configuration for group : naming_persistent_service, status is : Status[UNKNOWN<-1>: handleRequest internal error]

2024-05-28 00:08:39,749 ERROR Fail to refresh route configuration for group : naming_persistent_service, status is : Status[UNKNOWN<-1>: handleRequest internal error]

2024-05-28 00:08:39,753 ERROR Fail to refresh route configuration for group : naming_persistent_service, status is : Status[UNKNOWN<-1>: handleRequest internal error]

2024-05-28 00:08:39,760 ERROR Fail to refresh route configuration for group : naming_persistent_service, status is : Status[UNKNOWN<-1>: handleRequest internal error]

2024-05-28 00:08:39,767 ERROR Fail to refresh route configuration for group : naming_persistent_service, status is : Status[UNKNOWN<-1>: handleRequest internal error]

2024-05-28 00:08:39,771 ERROR Fail to refresh route configuration for group : naming_persistent_service, status is : Status[UNKNOWN<-1>: handleRequest internal error]

2024-05-28 00:08:39,780 ERROR Fail to refresh route configuration for group : naming_persistent_service, status is : Status[UNKNOWN<-1>: handleRequest internal error]

2024-05-28 00:08:39,784 ERROR Fail to refresh route configuration for group : naming_persistent_service, status is : Status[UNKNOWN<-1>: handleRequest internal error]

2024-05-28 00:08:39,793 ERROR Fail to refresh route configuration for group : naming_persistent_service, status is : Status[UNKNOWN<-1>: handleRequest internal error]

2024-05-28 00:08:39,799 ERROR Fail to refresh route configuration for group : naming_persistent_service, status is : Status[UNKNOWN<-1>: handleRequest internal error]

2024-05-28 00:08:39,804 ERROR Fail to refresh route configuration for group : naming_persistent_service, status is : Status[UNKNOWN<-1>: handleRequest internal error]

2024-05-28 00:08:39,808 ERROR Fail to refresh route configuration for group : naming_persistent_service, status is : Status[UNKNOWN<-1>: handleRequest internal error]

2024-05-28 00:08:39,818 ERROR Fail to refresh route configuration for group : naming_persistent_service, status is : Status[UNKNOWN<-1>: handleRequest internal error]

2024-05-28 00:08:39,828 ERROR Fail to refresh route configuration for group : naming_persistent_service, status is : Status[UNKNOWN<-1>: handleRequest internal error]

2024-05-28 00:08:39,832 ERROR Fail to refresh route configuration for group : naming_persistent_service, status is : Status[UNKNOWN<-1>: handleRequest internal error]

2024-05-28 00:08:39,839 ERROR Fail to refresh route configuration for group : naming_persistent_service, status is : Status[UNKNOWN<-1>: handleRequest internal error]

2024-05-28 00:08:39,845 ERROR Fail to refresh route configuration for group : naming_persistent_service, status is : Status[UNKNOWN<-1>: handleRequest internal error]

2024-05-28 00:08:39,851 ERROR Fail to refresh route configuration for group : naming_persistent_service, status is : Status[UNKNOWN<-1>: handleRequest internal error]

2024-05-28 00:08:39,859 ERROR Fail to refresh route configuration for group : naming_persistent_service, status is : Status[UNKNOWN<-1>: handleRequest internal error]

2024-05-28 00:08:39,866 ERROR Fail to refresh route configuration for group : naming_persistent_service, status is : Status[UNKNOWN<-1>: handleRequest internal error]

2024-05-28 00:08:39,874 ERROR Fail to refresh route configuration for group : naming_persistent_service, status is : Status[UNKNOWN<-1>: handleRequest internal error]

2024-05-28 00:08:39,878 ERROR Fail to refresh route configuration for group : naming_persistent_service, status is : Status[UNKNOWN<-1>: handleRequest internal error]

2024-05-28 00:08:39,884 ERROR Fail to refresh route configuration for group : naming_persistent_service, status is : Status[UNKNOWN<-1>: handleRequest internal error]

2024-05-28 00:08:39,888 ERROR Fail to refresh route configuration for group : naming_persistent_service, status is : Status[UNKNOWN<-1>: handleRequest internal error]

2024-05-28 00:08:39,892 ERROR Fail to refresh route configuration for group : naming_persistent_service, status is : Status[UNKNOWN<-1>: handleRequest internal error]

2024-05-28 00:08:39,895 ERROR Fail to refresh route configuration for group : naming_persistent_service, status is : Status[UNKNOWN<-1>: handleRequest internal error]

2024-05-28 00:08:39,900 ERROR Fail to refresh route configuration for group : naming_persistent_service, status is : Status[UNKNOWN<-1>: handleRequest internal error]

2024-05-28 00:08:39,902 ERROR Fail to refresh route configuration for group : naming_persistent_service, status is : Status[UNKNOWN<-1>: handleRequest internal error]

2024-05-28 00:08:39,905 ERROR Fail to refresh route configuration for group : naming_persistent_service, status is : Status[UNKNOWN<-1>: handleRequest internal error]

2024-05-28 00:08:39,909 ERROR Fail to refresh route configuration for group : naming_persistent_service, status is : Status[UNKNOWN<-1>: handleRequest internal error]

2024-05-28 00:08:39,913 ERROR Fail to refresh route configuration for group : naming_persistent_service, status is : Status[UNKNOWN<-1>: handleRequest internal error]

2024-05-28 00:08:39,916 ERROR Fail to refresh route configuration for group : naming_persistent_service, status is : Status[UNKNOWN<-1>: handleRequest internal error]

2024-05-28 00:08:39,919 ERROR Fail to refresh route configuration for group : naming_persistent_service, status is : Status[UNKNOWN<-1>: handleRequest internal error]

2024-05-28 00:08:39,925 ERROR Fail to refresh route configuration for group : naming_persistent_service, status is : Status[UNKNOWN<-1>: handleRequest internal error]

2024-05-28 00:08:39,930 ERROR Fail to refresh route configuration for group : naming_persistent_service, status is : Status[UNKNOWN<-1>: handleRequest internal error]

2024-05-28 00:08:39,936 ERROR Fail to refresh route configuration for group : naming_persistent_service, status is : Status[UNKNOWN<-1>: handleRequest internal error]

2024-05-28 00:08:39,940 ERROR Fail to refresh route configuration for group : naming_persistent_service, status is : Status[UNKNOWN<-1>: handleRequest internal error]

2024-05-28 00:08:39,944 ERROR Fail to refresh route configuration for group : naming_persistent_service, status is : Status[UNKNOWN<-1>: handleRequest internal error]

2024-05-28 00:08:39,948 ERROR Fail to refresh route configuration for group : naming_persistent_service, status is : Status[UNKNOWN<-1>: handleRequest internal error]

2024-05-28 00:08:39,952 ERROR Fail to refresh route configuration for group : naming_persistent_service, status is : Status[UNKNOWN<-1>: handleRequest internal error]

2024-05-28 00:08:39,956 ERROR Fail to refresh route configuration for group : naming_persistent_service, status is : Status[UNKNOWN<-1>: handleRequest internal error]

2024-05-28 00:08:39,960 ERROR Fail to refresh route configuration for group : naming_persistent_service, status is : Status[UNKNOWN<-1>: handleRequest internal error]

2024-05-28 00:08:39,964 ERROR Fail to refresh route configuration for group : naming_persistent_service, status is : Status[UNKNOWN<-1>: handleRequest internal error]

2024-05-28 00:08:40,235 ERROR Fail to refresh route configuration for group : naming_persistent_service, status is : Status[UNKNOWN<-1>: handleRequest internal error]

2024-05-28 00:08:44,256 INFO This Raft event changes : RaftEvent{groupId='naming_persistent_service', leader='nacos2:7848', term=349, raftClusterInfo=[nacos3:7848, nacos1:7848, nacos2:7848]}

2024-05-28 00:09:40,613 ERROR Fail to refresh route configuration for group : naming_persistent_service_v2, status is : Status[UNKNOWN<-1>: null]

2024-05-28 00:09:42,443 INFO This Raft event changes : RaftEvent{groupId='naming_service_metadata', leader='nacos2:7848', term=343, raftClusterInfo=[nacos3:7848, nacos1:7848, nacos2:7848]}

2024-05-28 00:25:15,956 INFO This Raft event changes : RaftEvent{groupId='naming_persistent_service', leader='nacos2:7848', term=349, raftClusterInfo=[nacos3:7848, nacos1:7848, nacos2:7848]}

2024-05-28 00:25:15,976 INFO This Raft event changes : RaftEvent{groupId='naming_service_metadata', leader='nacos2:7848', term=343, raftClusterInfo=[nacos3:7848, nacos1:7848, nacos2:7848]}

2024-05-28 00:25:16,065 INFO This Raft event changes : RaftEvent{groupId='naming_service_metadata', leader='nacos1:7848', term=344, raftClusterInfo=[nacos3:7848, nacos1:7848, nacos2:7848]}

2024-05-28 00:25:16,072 INFO This Raft event changes : RaftEvent{groupId='naming_persistent_service_v2', leader='nacos1:7848', term=344, raftClusterInfo=[nacos3:7848, nacos1:7848, nacos2:7848]}

2024-05-28 00:25:16,082 INFO This Raft event changes : RaftEvent{groupId='naming_instance_metadata', leader='nacos1:7848', term=341, raftClusterInfo=[nacos3:7848, nacos1:7848, nacos2:7848]}

2024-05-28 00:25:16,083 INFO This Raft event changes : RaftEvent{groupId='naming_persistent_service_v2', leader='nacos2:7848', term=345, raftClusterInfo=[nacos3:7848, nacos1:7848, nacos2:7848]}

2024-05-28 00:25:16,086 INFO This Raft event changes : RaftEvent{groupId='naming_persistent_service', leader='nacos1:7848', term=350, raftClusterInfo=[nacos3:7848, nacos1:7848, nacos2:7848]}

2024-05-28 00:25:48,731 ERROR Fail to refresh route configuration for group : naming_service_metadata, status is : Status[UNKNOWN<-1>: handleRequest internal error]

2024-05-28 00:25:59,270 INFO This Raft event changes : RaftEvent{groupId='naming_service_metadata', leader='nacos1:7848', term=345, raftClusterInfo=[nacos3:7848, nacos1:7848, nacos2:7848]}

2024-05-28 00:42:48,135 INFO This Raft event changes : RaftEvent{groupId='naming_persistent_service_v2', leader='nacos2:7848', term=345, raftClusterInfo=[nacos3:7848, nacos1:7848, nacos2:7848]}

2024-05-28 00:42:48,274 INFO This Raft event changes : RaftEvent{groupId='naming_instance_metadata', leader='nacos1:7848', term=341, raftClusterInfo=[nacos3:7848, nacos1:7848, nacos2:7848]}

2024-05-28 00:42:48,333 ERROR Fail to refresh route configuration for group : naming_persistent_service_v2, status is : Status[UNKNOWN<-1>: handleRequest internal error]

2024-05-28 00:42:48,398 ERROR Fail to refresh leader for group : naming_instance_metadata, status is : Status[UNKNOWN<-1>: Unknown leader, Unknown leader, Unknown leader]

2024-05-28 00:42:48,424 ERROR Fail to refresh route configuration for group : naming_service_metadata, status is : Status[UNKNOWN<-1>: handleRequest internal error]

2024-05-28 00:42:48,493 ERROR Fail to refresh leader for group : naming_persistent_service, status is : Status[UNKNOWN<-1>: Unknown leader, Unknown leader, Unknown leader]

2024-05-28 00:42:48,507 INFO This Raft event changes : RaftEvent{groupId='naming_persistent_service_v2', leader='nacos3:7848', term=346, raftClusterInfo=[nacos3:7848, nacos1:7848, nacos2:7848]}

2024-05-28 00:42:48,509 ERROR Fail to refresh route configuration for group : naming_persistent_service, status is : Status[UNKNOWN<-1>: handleRequest internal error]

2024-05-28 00:42:48,528 INFO This Raft event changes : RaftEvent{groupId='naming_persistent_service', leader='nacos3:7848', term=351, raftClusterInfo=[nacos3:7848, nacos1:7848, nacos2:7848]}

2024-05-28 00:42:48,529 INFO This Raft event changes : RaftEvent{groupId='naming_instance_metadata', leader='nacos3:7848', term=342, raftClusterInfo=[nacos3:7848, nacos1:7848, nacos2:7848]}

2024-05-28 00:42:48,534 INFO This Raft event changes : RaftEvent{groupId='naming_service_metadata', leader='nacos2:7848', term=346, raftClusterInfo=[nacos3:7848, nacos1:7848, nacos2:7848]}

2024-05-28 00:42:48,534 ERROR Fail to refresh route configuration for group : naming_instance_metadata, status is : Status[UNKNOWN<-1>: handleRequest internal error]

2024-05-28 00:45:31,480 INFO This Raft event changes : RaftEvent{groupId='naming_service_metadata', leader='nacos2:7848', term=346, raftClusterInfo=[nacos3:7848, nacos1:7848, nacos2:7848]}

2024-05-28 00:45:31,698 ERROR Fail to refresh route configuration for group : naming_service_metadata, status is : Status[UNKNOWN<-1>: handleRequest internal error]

2024-05-28 00:45:31,702 ERROR Fail to refresh leader for group : naming_instance_metadata, status is : Status[UNKNOWN<-1>: Unknown leader, Unknown leader, Unknown leader]

2024-05-28 00:45:31,722 ERROR Fail to refresh leader for group : naming_persistent_service_v2, status is : Status[UNKNOWN<-1>: Unknown leader, Unknown leader, Unknown leader]

2024-05-28 00:45:31,722 ERROR Fail to refresh leader for group : naming_persistent_service, status is : Status[UNKNOWN<-1>: Unknown leader, Unknown leader, Unknown leader]

2024-05-28 00:45:31,727 INFO This Raft event changes : RaftEvent{groupId='naming_persistent_service', leader='nacos1:7848', term=352, raftClusterInfo=[nacos3:7848, nacos1:7848, nacos2:7848]}

2024-05-28 00:45:31,728 ERROR Fail to refresh route configuration for group : naming_instance_metadata, status is : Status[UNKNOWN<-1>: handleRequest internal error]

2024-05-28 00:45:31,733 INFO This Raft event changes : RaftEvent{groupId='naming_persistent_service_v2', leader='nacos1:7848', term=347, raftClusterInfo=[nacos3:7848, nacos1:7848, nacos2:7848]}

2024-05-28 00:45:31,733 ERROR Fail to refresh leader for group : naming_service_metadata, status is : Status[UNKNOWN<-1>: Unknown leader, Unknown leader, Unknown leader]

2024-05-28 00:45:31,739 INFO This Raft event changes : RaftEvent{groupId='naming_instance_metadata', leader='nacos2:7848', term=343, raftClusterInfo=[nacos3:7848, nacos1:7848, nacos2:7848]}

2024-05-28 00:45:31,852 ERROR Fail to refresh route configuration for group : naming_persistent_service_v2, status is : Status[UNKNOWN<-1>: handleRequest internal error]

2024-05-28 00:45:31,856 ERROR Fail to refresh route configuration for group : naming_persistent_service, status is : Status[UNKNOWN<-1>: handleRequest internal error]

2024-05-28 00:45:31,877 ERROR Fail to refresh route configuration for group : naming_service_metadata, status is : Status[UNKNOWN<-1>: handleRequest internal error]

2024-05-28 00:45:31,895 INFO This Raft event changes : RaftEvent{groupId='naming_service_metadata', leader='nacos3:7848', term=347, raftClusterInfo=[nacos3:7848, nacos1:7848, nacos2:7848]}

2024-05-28 01:12:20,541 INFO This Raft event changes : RaftEvent{groupId='naming_instance_metadata', leader='nacos2:7848', term=343, raftClusterInfo=[nacos3:7848, nacos1:7848, nacos2:7848]}

2024-05-28 01:12:20,552 INFO This Raft event changes : RaftEvent{groupId='naming_persistent_service', leader='nacos1:7848', term=352, raftClusterInfo=[nacos3:7848, nacos1:7848, nacos2:7848]}

2024-05-28 01:12:20,607 ERROR Fail to refresh route configuration for group : naming_persistent_service_v2, status is : Status[UNKNOWN<-1>: handleRequest internal error]

2024-05-28 01:12:20,610 INFO This Raft event changes : RaftEvent{groupId='naming_service_metadata', leader='nacos2:7848', term=348, raftClusterInfo=[nacos3:7848, nacos1:7848, nacos2:7848]}

2024-05-28 01:12:20,619 ERROR Fail to refresh route configuration for group : naming_persistent_service, status is : Status[UNKNOWN<-1>: handleRequest internal error]

2024-05-28 01:12:20,631 INFO This Raft event changes : RaftEvent{groupId='naming_persistent_service_v2', leader='nacos2:7848', term=348, raftClusterInfo=[nacos3:7848, nacos1:7848, nacos2:7848]}

2024-05-28 01:12:20,639 INFO This Raft event changes : RaftEvent{groupId='naming_instance_metadata', leader='nacos3:7848', term=344, raftClusterInfo=[nacos3:7848, nacos1:7848, nacos2:7848]}

2024-05-28 01:12:20,661 INFO This Raft event changes : RaftEvent{groupId='naming_persistent_service', leader='nacos3:7848', term=353, raftClusterInfo=[nacos3:7848, nacos1:7848, nacos2:7848]}

2024-05-28 01:13:03,559 INFO This Raft event changes : RaftEvent{groupId='naming_service_metadata', leader='nacos2:7848', term=348, raftClusterInfo=[nacos3:7848, nacos1:7848, nacos2:7848]}

2024-05-28 01:13:03,675 ERROR Fail to refresh route configuration for group : naming_instance_metadata, status is : Status[UNKNOWN<-1>: handleRequest internal error]

2024-05-28 01:13:03,684 INFO This Raft event changes : RaftEvent{groupId='naming_persistent_service_v2', leader='nacos2:7848', term=348, raftClusterInfo=[nacos3:7848, nacos1:7848, nacos2:7848]}

2024-05-28 01:13:03,723 ERROR Fail to refresh leader for group : naming_persistent_service_v2, status is : Status[UNKNOWN<-1>: Unknown leader, Unknown leader, Unknown leader]

2024-05-28 01:13:03,724 ERROR Fail to refresh route configuration for group : naming_service_metadata, status is : Status[UNKNOWN<-1>: handleRequest internal error]

2024-05-28 01:13:03,761 ERROR Fail to refresh leader for group : naming_persistent_service, status is : Status[UNKNOWN<-1>: Unknown leader, Unknown leader, Unknown leader]

2024-05-28 01:13:03,785 ERROR Fail to refresh leader for group : naming_service_metadata, status is : Status[UNKNOWN<-1>: Unknown leader, Unknown leader, Unknown leader]

2024-05-28 01:13:03,785 ERROR Fail to refresh route configuration for group : naming_persistent_service_v2, status is : Status[UNKNOWN<-1>: handleRequest internal error]

2024-05-28 01:13:03,787 INFO This Raft event changes : RaftEvent{groupId='naming_persistent_service', leader='nacos2:7848', term=354, raftClusterInfo=[nacos3:7848, nacos1:7848, nacos2:7848]}

2024-05-28 01:13:03,798 ERROR Fail to refresh route configuration for group : naming_persistent_service, status is : Status[UNKNOWN<-1>: handleRequest internal error]

2024-05-28 01:13:03,799 ERROR Fail to refresh route configuration for group : naming_service_metadata, status is : Status[UNKNOWN<-1>: handleRequest internal error]

2024-05-28 01:13:03,802 INFO This Raft event changes : RaftEvent{groupId='naming_instance_metadata', leader='nacos2:7848', term=345, raftClusterInfo=[nacos3:7848, nacos1:7848, nacos2:7848]}

2024-05-28 01:13:03,828 INFO This Raft event changes : RaftEvent{groupId='naming_service_metadata', leader='nacos3:7848', term=349, raftClusterInfo=[nacos3:7848, nacos1:7848, nacos2:7848]}

2024-05-28 01:13:03,835 INFO This Raft event changes : RaftEvent{groupId='naming_persistent_service_v2', leader='nacos3:7848', term=349, raftClusterInfo=[nacos3:7848, nacos1:7848, nacos2:7848]}

2024-05-28 01:13:42,749 INFO This Raft event changes : RaftEvent{groupId='naming_persistent_service', leader='nacos2:7848', term=354, raftClusterInfo=[nacos3:7848, nacos1:7848, nacos2:7848]}

2024-05-28 01:13:42,767 INFO This Raft event changes : RaftEvent{groupId='naming_instance_metadata', leader='nacos2:7848', term=345, raftClusterInfo=[nacos3:7848, nacos1:7848, nacos2:7848]}

2024-05-28 01:13:42,774 ERROR Fail to refresh route configuration for group : naming_persistent_service, status is : Status[UNKNOWN<-1>: handleRequest internal error]

2024-05-28 01:13:42,775 ERROR Fail to refresh route configuration for group : naming_instance_metadata, status is : Status[UNKNOWN<-1>: handleRequest internal error]

2024-05-28 01:13:42,850 ERROR Fail to refresh route configuration for group : naming_service_metadata, status is : Status[UNKNOWN<-1>: handleRequest internal error]

2024-05-28 01:13:42,869 ERROR Fail to refresh route configuration for group : naming_persistent_service_v2, status is : Status[UNKNOWN<-1>: handleRequest internal error]

2024-05-28 01:13:42,875 INFO This Raft event changes : RaftEvent{groupId='naming_persistent_service', leader='nacos1:7848', term=355, raftClusterInfo=[nacos3:7848, nacos1:7848, nacos2:7848]}

2024-05-28 01:13:42,883 INFO This Raft event changes : RaftEvent{groupId='naming_persistent_service_v2', leader='nacos2:7848', term=350, raftClusterInfo=[nacos3:7848, nacos1:7848, nacos2:7848]}

2024-05-28 01:13:42,884 INFO This Raft event changes : RaftEvent{groupId='naming_service_metadata', leader='nacos1:7848', term=350, raftClusterInfo=[nacos3:7848, nacos1:7848, nacos2:7848]}

2024-05-28 01:13:42,884 INFO This Raft event changes : RaftEvent{groupId='naming_instance_metadata', leader='nacos1:7848', term=346, raftClusterInfo=[nacos3:7848, nacos1:7848, nacos2:7848]}

2024-05-28 01:14:31,751 INFO This Raft event changes : RaftEvent{groupId='naming_instance_metadata', leader='nacos1:7848', term=346, raftClusterInfo=[nacos3:7848, nacos1:7848, nacos2:7848]}

2024-05-28 01:14:31,778 INFO This Raft event changes : RaftEvent{groupId='naming_service_metadata', leader='nacos1:7848', term=350, raftClusterInfo=[nacos3:7848, nacos1:7848, nacos2:7848]}

2024-05-28 01:14:31,780 INFO This Raft event changes : RaftEvent{groupId='naming_persistent_service', leader='nacos1:7848', term=355, raftClusterInfo=[nacos3:7848, nacos1:7848, nacos2:7848]}

2024-05-28 01:14:31,786 INFO This Raft event changes : RaftEvent{groupId='naming_persistent_service_v2', leader='nacos2:7848', term=350, raftClusterInfo=[nacos3:7848, nacos1:7848, nacos2:7848]}

2024-05-28 01:14:31,874 ERROR Fail to refresh route configuration for group : naming_persistent_service, status is : Status[UNKNOWN<-1>: handleRequest internal error]

2024-05-28 01:14:31,875 ERROR Fail to refresh route configuration for group : naming_service_metadata, status is : Status[UNKNOWN<-1>: handleRequest internal error]

2024-05-28 01:14:31,875 ERROR Fail to refresh route configuration for group : naming_persistent_service_v2, status is : Status[UNKNOWN<-1>: handleRequest internal error]

2024-05-28 01:14:31,875 ERROR Fail to refresh route configuration for group : naming_instance_metadata, status is : Status[UNKNOWN<-1>: handleRequest internal error]

2024-05-28 01:14:31,968 INFO This Raft event changes : RaftEvent{groupId='naming_instance_metadata', leader='nacos3:7848', term=347, raftClusterInfo=[nacos3:7848, nacos1:7848, nacos2:7848]}

2024-05-28 01:14:31,972 INFO This Raft event changes : RaftEvent{groupId='naming_service_metadata', leader='nacos3:7848', term=351, raftClusterInfo=[nacos3:7848, nacos1:7848, nacos2:7848]}

2024-05-28 01:14:32,002 INFO This Raft event changes : RaftEvent{groupId='naming_persistent_service', leader='nacos3:7848', term=356, raftClusterInfo=[nacos3:7848, nacos1:7848, nacos2:7848]}

2024-05-28 01:14:32,005 INFO This Raft event changes : RaftEvent{groupId='naming_persistent_service_v2', leader='nacos3:7848', term=351, raftClusterInfo=[nacos3:7848, nacos1:7848, nacos2:7848]}

2024-05-28 01:30:17,636 ERROR Fail to refresh leader for group : naming_persistent_service, status is : Status[UNKNOWN<-1>: Unknown leader, Unknown leader, Unknown leader]

2024-05-28 01:30:17,638 INFO This Raft event changes : RaftEvent{groupId='naming_persistent_service', leader='nacos2:7848', term=357, raftClusterInfo=[nacos3:7848, nacos1:7848, nacos2:7848]}

2024-05-28 01:30:17,645 ERROR Fail to refresh leader for group : naming_service_metadata, status is : Status[UNKNOWN<-1>: Unknown leader, Unknown leader, Unknown leader]

2024-05-28 01:30:17,652 INFO This Raft event changes : RaftEvent{groupId='naming_instance_metadata', leader='nacos2:7848', term=348, raftClusterInfo=[nacos3:7848, nacos1:7848, nacos2:7848]}

2024-05-28 01:30:17,647 ERROR Fail to refresh leader for group : naming_persistent_service_v2, status is : Status[UNKNOWN<-1>: Unknown leader, Unknown leader, Unknown leader]

2024-05-28 01:30:17,670 INFO This Raft event changes : RaftEvent{groupId='naming_service_metadata', leader='nacos2:7848', term=352, raftClusterInfo=[nacos3:7848, nacos1:7848, nacos2:7848]}

2024-05-28 01:30:17,679 ERROR Fail to refresh route configuration for group : naming_persistent_service, status is : Status[UNKNOWN<-1>: handleRequest internal error]

2024-05-28 01:30:17,687 ERROR Fail to refresh route configuration for group : naming_persistent_service_v2, status is : Status[UNKNOWN<-1>: handleRequest internal error]

2024-05-28 01:30:17,690 ERROR Fail to refresh route configuration for group : naming_service_metadata, status is : Status[UNKNOWN<-1>: handleRequest internal error]

2024-05-28 01:30:17,695 INFO This Raft event changes : RaftEvent{groupId='naming_persistent_service_v2', leader='nacos2:7848', term=352, raftClusterInfo=[nacos3:7848, nacos1:7848, nacos2:7848]}

2024-05-28 01:30:59,409 INFO This Raft event changes : RaftEvent{groupId='naming_persistent_service_v2', leader='nacos2:7848', term=352, raftClusterInfo=[nacos3:7848, nacos1:7848, nacos2:7848]}

2024-05-28 01:30:59,544 INFO This Raft event changes : RaftEvent{groupId='naming_service_metadata', leader='nacos2:7848', term=352, raftClusterInfo=[nacos3:7848, nacos1:7848, nacos2:7848]}

2024-05-28 01:30:59,702 ERROR Fail to refresh leader for group : naming_persistent_service, status is : Status[UNKNOWN<-1>: Unknown leader, Unknown leader, Unknown leader]

2024-05-28 01:30:59,704 ERROR Fail to refresh leader for group : naming_persistent_service_v2, status is : Status[UNKNOWN<-1>: Unknown leader, Unknown leader, Unknown leader]

2024-05-28 01:30:59,713 ERROR Fail to refresh route configuration for group : naming_persistent_service, status is : Status[UNKNOWN<-1>: handleRequest internal error]

2024-05-28 01:30:59,728 ERROR Fail to refresh route configuration for group : naming_persistent_service_v2, status is : Status[UNKNOWN<-1>: handleRequest internal error]

2024-05-28 01:30:59,735 INFO This Raft event changes : RaftEvent{groupId='naming_service_metadata', leader='nacos3:7848', term=353, raftClusterInfo=[nacos3:7848, nacos1:7848, nacos2:7848]}

2024-05-28 01:30:59,758 INFO This Raft event changes : RaftEvent{groupId='naming_persistent_service', leader='nacos3:7848', term=358, raftClusterInfo=[nacos3:7848, nacos1:7848, nacos2:7848]}

2024-05-28 01:30:59,763 INFO This Raft event changes : RaftEvent{groupId='naming_persistent_service_v2', leader='nacos3:7848', term=353, raftClusterInfo=[nacos3:7848, nacos1:7848, nacos2:7848]}

2024-05-28 01:32:05,239 INFO This Raft event changes : RaftEvent{groupId='naming_instance_metadata', leader='nacos2:7848', term=348, raftClusterInfo=[nacos3:7848, nacos1:7848, nacos2:7848]}

2024-05-28 01:32:05,579 ERROR Fail to refresh route configuration for group : naming_persistent_service_v2, status is : Status[UNKNOWN<-1>: handleRequest internal error]

2024-05-28 01:32:05,579 ERROR Fail to refresh route configuration for group : naming_persistent_service, status is : Status[UNKNOWN<-1>: handleRequest internal error]

2024-05-28 01:32:05,585 ERROR Fail to refresh route configuration for group : naming_service_metadata, status is : Status[UNKNOWN<-1>: handleRequest internal error]

2024-05-28 01:32:05,648 ERROR Fail to refresh route configuration for group : naming_persistent_service, status is : Status[UNKNOWN<-1>: handleRequest internal error]

2024-05-28 01:32:05,654 ERROR Fail to refresh route configuration for group : naming_persistent_service_v2, status is : Status[UNKNOWN<-1>: handleRequest internal error]

2024-05-28 01:32:05,694 ERROR Fail to refresh route configuration for group : naming_persistent_service, status is : Status[UNKNOWN<-1>: handleRequest internal error]

2024-05-28 01:32:05,711 INFO This Raft event changes : RaftEvent{groupId='naming_instance_metadata', leader='nacos3:7848', term=349, raftClusterInfo=[nacos3:7848, nacos1:7848, nacos2:7848]}

2024-05-28 01:32:05,788 INFO This Raft event changes : RaftEvent{groupId='naming_service_metadata', leader='nacos1:7848', term=354, raftClusterInfo=[nacos3:7848, nacos1:7848, nacos2:7848]}

2024-05-28 01:32:05,802 ERROR Fail to refresh route configuration for group : naming_instance_metadata, status is : Status[UNKNOWN<-1>: handleRequest internal error]

2024-05-28 01:32:05,807 ERROR Fail to refresh leader for group : naming_service_metadata, status is : Status[UNKNOWN<-1>: Unknown leader, Unknown leader, Unknown leader]

2024-05-28 01:32:05,815 ERROR Fail to refresh route configuration for group : naming_service_metadata, status is : Status[UNKNOWN<-1>: handleRequest internal error]

2024-05-28 01:32:05,816 ERROR Fail to refresh leader for group : naming_persistent_service_v2, status is : Status[UNKNOWN<-1>: Unknown leader, Unknown leader, Unknown leader]

2024-05-28 01:32:05,817 INFO This Raft event changes : RaftEvent{groupId='naming_persistent_service_v2', leader='nacos1:7848', term=354, raftClusterInfo=[nacos3:7848, nacos1:7848, nacos2:7848]}

2024-05-28 01:32:05,821 ERROR Fail to refresh route configuration for group : naming_persistent_service_v2, status is : Status[UNKNOWN<-1>: handleRequest internal error]

2024-05-28 01:32:05,828 INFO This Raft event changes : RaftEvent{groupId='naming_persistent_service', leader='nacos2:7848', term=359, raftClusterInfo=[nacos3:7848, nacos1:7848, nacos2:7848]}

2024-05-28 01:48:11,760 ERROR Fail to refresh route configuration for group : naming_persistent_service, status is : Status[UNKNOWN<-1>: handleRequest internal error]

2024-05-28 01:48:11,793 ERROR Fail to refresh route configuration for group : naming_persistent_service, status is : Status[UNKNOWN<-1>: handleRequest internal error]

2024-05-28 01:48:11,802 ERROR Fail to refresh route configuration for group : naming_persistent_service_v2, status is : Status[UNKNOWN<-1>: handleRequest internal error]

2024-05-28 01:48:11,808 ERROR Fail to refresh leader for group : naming_instance_metadata, status is : Status[UNKNOWN<-1>: Unknown leader, Unknown leader, Unknown leader]

2024-05-28 01:48:11,835 ERROR Fail to refresh route configuration for group : naming_instance_metadata, status is : Status[UNKNOWN<-1>: handleRequest internal error]

2024-05-28 01:48:11,843 ERROR Fail to refresh route configuration for group : naming_service_metadata, status is : Status[UNKNOWN<-1>: handleRequest internal error]

2024-05-28 01:48:11,854 INFO This Raft event changes : RaftEvent{groupId='naming_instance_metadata', leader='nacos2:7848', term=350, raftClusterInfo=[nacos3:7848, nacos1:7848, nacos2:7848]}

2024-05-28 01:48:11,863 INFO This Raft event changes : RaftEvent{groupId='naming_persistent_service_v2', leader='nacos2:7848', term=355, raftClusterInfo=[nacos3:7848, nacos1:7848, nacos2:7848]}

2024-05-28 01:48:11,864 ERROR Fail to refresh route configuration for group : naming_persistent_service, status is : Status[UNKNOWN<-1>: handleRequest internal error]

2024-05-28 01:48:11,871 INFO This Raft event changes : RaftEvent{groupId='naming_persistent_service', leader='nacos1:7848', term=360, raftClusterInfo=[nacos3:7848, nacos1:7848, nacos2:7848]}

2024-05-28 01:48:11,875 ERROR Fail to refresh leader for group : naming_service_metadata, status is : Status[UNKNOWN<-1>: Unknown leader, Unknown leader, Unknown leader]

2024-05-28 01:48:11,877 INFO This Raft event changes : RaftEvent{groupId='naming_service_metadata', leader='nacos3:7848', term=355, raftClusterInfo=[nacos3:7848, nacos1:7848, nacos2:7848]}

2024-05-28 01:48:11,886 ERROR Fail to refresh route configuration for group : naming_service_metadata, status is : Status[UNKNOWN<-1>: handleRequest internal error]

2024-05-28 01:48:54,714 INFO This Raft event changes : RaftEvent{groupId='naming_persistent_service_v2', leader='nacos2:7848', term=355, raftClusterInfo=[nacos3:7848, nacos1:7848, nacos2:7848]}

2024-05-28 01:48:54,825 ERROR Fail to refresh leader for group : naming_persistent_service, status is : Status[UNKNOWN<-1>: Unknown leader, Unknown leader, Unknown leader]

2024-05-28 01:48:54,830 ERROR Fail to refresh route configuration for group : naming_persistent_service_v2, status is : Status[UNKNOWN<-1>: handleRequest internal error]

2024-05-28 01:48:54,838 ERROR Fail to refresh route configuration for group : naming_instance_metadata, status is : Status[UNKNOWN<-1>: handleRequest internal error]

2024-05-28 01:48:54,843 ERROR Fail to refresh route configuration for group : naming_persistent_service, status is : Status[UNKNOWN<-1>: handleRequest internal error]

2024-05-28 01:48:54,864 INFO This Raft event changes : RaftEvent{groupId='naming_service_metadata', leader='nacos1:7848', term=356, raftClusterInfo=[nacos3:7848, nacos1:7848, nacos2:7848]}

2024-05-28 01:48:54,871 ERROR Fail to refresh leader for group : naming_service_metadata, status is : Status[UNKNOWN<-1>: Unknown leader, Unknown leader, Unknown leader]

2024-05-28 01:48:54,872 ERROR Fail to refresh route configuration for group : naming_instance_metadata, status is : Status[UNKNOWN<-1>: handleRequest internal error]

2024-05-28 01:48:54,875 INFO This Raft event changes : RaftEvent{groupId='naming_persistent_service_v2', leader='nacos1:7848', term=356, raftClusterInfo=[nacos3:7848, nacos1:7848, nacos2:7848]}

2024-05-28 01:48:54,878 INFO This Raft event changes : RaftEvent{groupId='naming_persistent_service', leader='nacos3:7848', term=361, raftClusterInfo=[nacos3:7848, nacos1:7848, nacos2:7848]}

2024-05-28 01:48:54,880 ERROR Fail to refresh route configuration for group : naming_service_metadata, status is : Status[UNKNOWN<-1>: handleRequest internal error]

2024-05-28 01:48:54,890 ERROR Fail to refresh route configuration for group : naming_instance_metadata, status is : Status[UNKNOWN<-1>: handleRequest internal error]

2024-05-28 01:48:54,901 ERROR Fail to refresh route configuration for group : naming_instance_metadata, status is : Status[UNKNOWN<-1>: handleRequest internal error]

2024-05-28 01:48:59,702 ERROR Fail to refresh route configuration for group : naming_instance_metadata, status is : Status[UNKNOWN<-1>: handleRequest internal error]

2024-05-28 01:49:00,368 INFO This Raft event changes : RaftEvent{groupId='naming_instance_metadata', leader='nacos3:7848', term=351, raftClusterInfo=[nacos3:7848, nacos1:7848, nacos2:7848]}

2024-05-28 01:49:45,482 INFO This Raft event changes : RaftEvent{groupId='naming_persistent_service_v2', leader='nacos1:7848', term=356, raftClusterInfo=[nacos3:7848, nacos1:7848, nacos2:7848]}

2024-05-28 01:49:45,621 ERROR Fail to refresh route configuration for group : naming_service_metadata, status is : Status[UNKNOWN<-1>: handleRequest internal error]

2024-05-28 01:49:45,656 ERROR Fail to refresh route configuration for group : naming_persistent_service_v2, status is : Status[UNKNOWN<-1>: handleRequest internal error]

2024-05-28 01:49:45,659 ERROR Fail to refresh route configuration for group : naming_instance_metadata, status is : Status[UNKNOWN<-1>: handleRequest internal error]

2024-05-28 01:49:45,659 ERROR Fail to refresh route configuration for group : naming_service_metadata, status is : Status[UNKNOWN<-1>: handleRequest internal error]

2024-05-28 01:49:45,795 ERROR Fail to refresh route configuration for group : naming_service_metadata, status is : Status[UNKNOWN<-1>: handleRequest internal error]

2024-05-28 01:49:45,809 INFO This Raft event changes : RaftEvent{groupId='naming_persistent_service', leader='nacos1:7848', term=362, raftClusterInfo=[nacos3:7848, nacos1:7848, nacos2:7848]}

2024-05-28 01:49:45,811 ERROR Fail to refresh leader for group : naming_persistent_service, status is : Status[UNKNOWN<-1>: Unknown leader, Unknown leader, Unknown leader]

2024-05-28 01:49:45,815 ERROR Fail to refresh route configuration for group : naming_persistent_service, status is : Status[UNKNOWN<-1>: handleRequest internal error]

2024-05-28 01:49:45,816 INFO This Raft event changes : RaftEvent{groupId='naming_instance_metadata', leader='nacos2:7848', term=352, raftClusterInfo=[nacos3:7848, nacos1:7848, nacos2:7848]}

2024-05-28 01:49:45,866 INFO This Raft event changes : RaftEvent{groupId='naming_persistent_service_v2', leader='nacos3:7848', term=357, raftClusterInfo=[nacos3:7848, nacos1:7848, nacos2:7848]}

2024-05-28 01:49:46,262 ERROR Fail to refresh route configuration for group : naming_service_metadata, status is : Status[UNKNOWN<-1>: handleRequest internal error]

2024-05-28 01:49:50,902 INFO This Raft event changes : RaftEvent{groupId='naming_service_metadata', leader='nacos1:7848', term=357, raftClusterInfo=[nacos3:7848, nacos1:7848, nacos2:7848]}

2024-05-28 02:05:30,548 ERROR Fail to refresh route configuration for group : naming_persistent_service, status is : Status[UNKNOWN<-1>: handleRequest internal error]

2024-05-28 02:05:30,555 INFO This Raft event changes : RaftEvent{groupId='naming_service_metadata', leader='nacos1:7848', term=357, raftClusterInfo=[nacos3:7848, nacos1:7848, nacos2:7848]}

2024-05-28 02:05:30,585 ERROR Fail to refresh leader for group : naming_persistent_service_v2, status is : Status[UNKNOWN<-1>: Unknown leader, Unknown leader, Unknown leader]

2024-05-28 02:05:30,590 ERROR Fail to refresh leader for group : naming_instance_metadata, status is : Status[UNKNOWN<-1>: Unknown leader, Unknown leader, Unknown leader]

2024-05-28 02:05:30,595 INFO This Raft event changes : RaftEvent{groupId='naming_persistent_service', leader='nacos1:7848', term=362, raftClusterInfo=[nacos3:7848, nacos1:7848, nacos2:7848]}

2024-05-28 02:05:30,603 ERROR Fail to refresh route configuration for group : naming_instance_metadata, status is : Status[UNKNOWN<-1>: handleRequest internal error]

2024-05-28 02:05:30,613 INFO This Raft event changes : RaftEvent{groupId='naming_instance_metadata', leader='nacos1:7848', term=353, raftClusterInfo=[nacos3:7848, nacos1:7848, nacos2:7848]}

2024-05-28 02:05:30,622 ERROR Fail to refresh leader for group : naming_service_metadata, status is : Status[UNKNOWN<-1>: Unknown leader, Unknown leader, Unknown leader]

2024-05-28 02:05:30,628 INFO This Raft event changes : RaftEvent{groupId='naming_persistent_service', leader='nacos2:7848', term=363, raftClusterInfo=[nacos3:7848, nacos1:7848, nacos2:7848]}

2024-05-28 02:05:30,634 INFO This Raft event changes : RaftEvent{groupId='naming_persistent_service_v2', leader='nacos1:7848', term=358, raftClusterInfo=[nacos3:7848, nacos1:7848, nacos2:7848]}

2024-05-28 02:05:30,637 ERROR Fail to refresh route configuration for group : naming_persistent_service_v2, status is : Status[UNKNOWN<-1>: handleRequest internal error]

2024-05-28 02:05:30,638 ERROR Fail to refresh route configuration for group : naming_service_metadata, status is : Status[UNKNOWN<-1>: handleRequest internal error]

2024-05-28 02:05:30,655 INFO This Raft event changes : RaftEvent{groupId='naming_service_metadata', leader='nacos3:7848', term=358, raftClusterInfo=[nacos3:7848, nacos1:7848, nacos2:7848]}

2024-05-28 02:06:20,748 INFO This Raft event changes : RaftEvent{groupId='naming_instance_metadata', leader='nacos1:7848', term=353, raftClusterInfo=[nacos3:7848, nacos1:7848, nacos2:7848]}

2024-05-28 02:06:20,789 INFO This Raft event changes : RaftEvent{groupId='naming_persistent_service_v2', leader='nacos1:7848', term=358, raftClusterInfo=[nacos3:7848, nacos1:7848, nacos2:7848]}

2024-05-28 02:06:20,982 ERROR Fail to refresh leader for group : naming_persistent_service_v2, status is : Status[UNKNOWN<-1>: Unknown leader, Unknown leader, Unknown leader]

2024-05-28 02:06:20,992 INFO This Raft event changes : RaftEvent{groupId='naming_instance_metadata', leader='nacos3:7848', term=354, raftClusterInfo=[nacos3:7848, nacos1:7848, nacos2:7848]}

2024-05-28 02:06:20,994 ERROR Fail to refresh leader for group : naming_service_metadata, status is : Status[UNKNOWN<-1>: Unknown leader, Unknown leader, Unknown leader]

2024-05-28 02:06:20,993 ERROR Fail to refresh route configuration for group : naming_persistent_service_v2, status is : Status[UNKNOWN<-1>: handleRequest internal error]

2024-05-28 02:06:20,996 ERROR Fail to refresh leader for group : naming_persistent_service, status is : Status[UNKNOWN<-1>: Unknown leader, Unknown leader, Unknown leader]

2024-05-28 02:06:20,999 ERROR Fail to refresh route configuration for group : naming_service_metadata, status is : Status[UNKNOWN<-1>: handleRequest internal error]

2024-05-28 02:06:21,009 INFO This Raft event changes : RaftEvent{groupId='naming_service_metadata', leader='nacos1:7848', term=359, raftClusterInfo=[nacos3:7848, nacos1:7848, nacos2:7848]}

2024-05-28 02:06:21,013 INFO This Raft event changes : RaftEvent{groupId='naming_persistent_service', leader='nacos3:7848', term=364, raftClusterInfo=[nacos3:7848, nacos1:7848, nacos2:7848]}

2024-05-28 02:06:21,014 INFO This Raft event changes : RaftEvent{groupId='naming_persistent_service_v2', leader='nacos2:7848', term=359, raftClusterInfo=[nacos3:7848, nacos1:7848, nacos2:7848]}

2024-05-28 02:06:21,015 ERROR Fail to refresh route configuration for group : naming_persistent_service, status is : Status[UNKNOWN<-1>: handleRequest internal error]

