2024-05-28 00:08:38,903 INFO PERFORMANCE:|0|0|0|-1|-1|0|0

2024-05-28 00:08:39,099 INFO Task worker status: 
naming_0%4, pending tasks: 0
naming_1%4, pending tasks: 0
naming_2%4, pending tasks: 0
naming_3%4, pending tasks: 0


2024-05-28 00:08:39,133 INFO DISTRO:|122|10|227|

2024-05-28 00:09:39,199 INFO PERFORMANCE:|0|0|0|-1|-1|0|0

2024-05-28 00:09:39,568 INFO Task worker status: 
naming_0%4, pending tasks: 0
naming_1%4, pending tasks: 0
naming_2%4, pending tasks: 0
naming_3%4, pending tasks: 0


2024-05-28 00:09:39,689 INFO DISTRO:|122|10|227|

2024-05-28 00:25:15,541 INFO PERFORMANCE:|0|0|0|-1|-1|0|0

2024-05-28 00:25:15,594 INFO Task worker status: 
naming_0%4, pending tasks: 0
naming_1%4, pending tasks: 0
naming_2%4, pending tasks: 0
naming_3%4, pending tasks: 0


2024-05-28 00:25:15,595 INFO DISTRO:|122|10|227|

2024-05-28 00:26:15,631 INFO PERFORMANCE:|0|0|0|-1|-1|0|0

2024-05-28 00:26:15,634 INFO Task worker status: 
naming_0%4, pending tasks: 0
naming_1%4, pending tasks: 0
naming_2%4, pending tasks: 0
naming_3%4, pending tasks: 0


2024-05-28 00:26:15,637 INFO DISTRO:|122|10|227|

2024-05-28 00:27:15,651 INFO PERFORMANCE:|serviceCount|ipCount|subscribeCount|maxPushCost|avgPushCost|totalPushCount|failPushCount

2024-05-28 00:27:15,653 INFO DISTRO:|V1SyncDone|V1SyncFail|V2SyncDone|V2SyncFail|V2VerifyFail|

2024-05-28 00:27:15,654 INFO PERFORMANCE:|0|0|0|-1|-1|0|0

2024-05-28 00:27:15,654 INFO Task worker status: 
naming_0%4, pending tasks: 0
naming_1%4, pending tasks: 0
naming_2%4, pending tasks: 0
naming_3%4, pending tasks: 0


2024-05-28 00:27:15,655 INFO DISTRO:|122|10|227|

2024-05-28 00:42:47,371 INFO PERFORMANCE:|0|0|0|-1|-1|0|0

2024-05-28 00:42:48,234 INFO Task worker status: 
naming_0%4, pending tasks: 0
naming_1%4, pending tasks: 0
naming_2%4, pending tasks: 0
naming_3%4, pending tasks: 0


2024-05-28 00:42:48,256 INFO DISTRO:|122|10|227|

2024-05-28 00:43:48,188 INFO PERFORMANCE:|0|0|0|-1|-1|0|0

2024-05-28 00:43:48,192 INFO Task worker status: 
naming_0%4, pending tasks: 0
naming_1%4, pending tasks: 0
naming_2%4, pending tasks: 0
naming_3%4, pending tasks: 0


2024-05-28 00:43:48,194 INFO DISTRO:|122|10|227|

2024-05-28 00:45:30,660 INFO PERFORMANCE:|0|0|0|-1|-1|0|0

2024-05-28 00:45:31,429 INFO Task worker status: 
naming_0%4, pending tasks: 0
naming_1%4, pending tasks: 0
naming_2%4, pending tasks: 0
naming_3%4, pending tasks: 0


2024-05-28 00:45:31,454 INFO DISTRO:|122|10|227|

2024-05-28 00:46:31,497 INFO PERFORMANCE:|0|0|0|-1|-1|0|0

2024-05-28 00:46:31,499 INFO Task worker status: 
naming_0%4, pending tasks: 0
naming_1%4, pending tasks: 0
naming_2%4, pending tasks: 0
naming_3%4, pending tasks: 0


2024-05-28 00:46:31,500 INFO DISTRO:|122|10|227|

2024-05-28 00:47:31,501 INFO PERFORMANCE:|0|0|0|-1|-1|0|0

2024-05-28 00:47:31,502 INFO Task worker status: 
naming_0%4, pending tasks: 0
naming_1%4, pending tasks: 0
naming_2%4, pending tasks: 0
naming_3%4, pending tasks: 0


2024-05-28 00:47:31,503 INFO DISTRO:|122|10|227|

2024-05-28 00:48:31,504 INFO PERFORMANCE:|0|0|0|-1|-1|0|0

2024-05-28 00:48:31,506 INFO Task worker status: 
naming_0%4, pending tasks: 0
naming_1%4, pending tasks: 0
naming_2%4, pending tasks: 0
naming_3%4, pending tasks: 0


2024-05-28 00:48:31,506 INFO DISTRO:|122|10|227|

2024-05-28 00:49:31,507 INFO PERFORMANCE:|0|0|0|-1|-1|0|0

2024-05-28 00:49:31,509 INFO Task worker status: 
naming_0%4, pending tasks: 0
naming_1%4, pending tasks: 0
naming_2%4, pending tasks: 0
naming_3%4, pending tasks: 0


2024-05-28 00:49:31,510 INFO DISTRO:|122|10|227|

2024-05-28 00:50:31,511 INFO PERFORMANCE:|0|0|0|-1|-1|0|0

2024-05-28 00:50:31,512 INFO Task worker status: 
naming_0%4, pending tasks: 0
naming_1%4, pending tasks: 0
naming_2%4, pending tasks: 0
naming_3%4, pending tasks: 0


2024-05-28 00:50:31,513 INFO DISTRO:|122|10|227|

2024-05-28 00:51:31,514 INFO PERFORMANCE:|0|0|0|-1|-1|0|0

2024-05-28 00:51:31,515 INFO Task worker status: 
naming_0%4, pending tasks: 0
naming_1%4, pending tasks: 0
naming_2%4, pending tasks: 0
naming_3%4, pending tasks: 0


2024-05-28 00:51:31,515 INFO DISTRO:|122|10|227|

2024-05-28 00:52:31,513 INFO PERFORMANCE:|serviceCount|ipCount|subscribeCount|maxPushCost|avgPushCost|totalPushCount|failPushCount

2024-05-28 00:52:31,515 INFO DISTRO:|V1SyncDone|V1SyncFail|V2SyncDone|V2SyncFail|V2VerifyFail|

2024-05-28 00:52:31,516 INFO PERFORMANCE:|0|0|0|-1|-1|0|0

2024-05-28 00:52:31,516 INFO Task worker status: 
naming_0%4, pending tasks: 0
naming_1%4, pending tasks: 0
naming_2%4, pending tasks: 0
naming_3%4, pending tasks: 0


2024-05-28 00:52:31,517 INFO DISTRO:|122|10|227|

2024-05-28 00:53:31,516 INFO PERFORMANCE:|0|0|0|-1|-1|0|0

2024-05-28 00:53:31,517 INFO Task worker status: 
naming_0%4, pending tasks: 0
naming_1%4, pending tasks: 0
naming_2%4, pending tasks: 0
naming_3%4, pending tasks: 0


2024-05-28 00:53:31,518 INFO DISTRO:|122|10|227|

2024-05-28 00:54:31,518 INFO PERFORMANCE:|0|0|0|-1|-1|0|0

2024-05-28 00:54:31,520 INFO Task worker status: 
naming_0%4, pending tasks: 0
naming_1%4, pending tasks: 0
naming_2%4, pending tasks: 0
naming_3%4, pending tasks: 0


2024-05-28 00:54:31,520 INFO DISTRO:|122|10|227|

2024-05-28 00:55:31,521 INFO PERFORMANCE:|0|0|0|-1|-1|0|0

2024-05-28 00:55:31,522 INFO Task worker status: 
naming_0%4, pending tasks: 0
naming_1%4, pending tasks: 0
naming_2%4, pending tasks: 0
naming_3%4, pending tasks: 0


2024-05-28 00:55:31,523 INFO DISTRO:|122|10|227|

2024-05-28 00:56:31,524 INFO PERFORMANCE:|0|0|0|-1|-1|0|0

2024-05-28 00:56:31,525 INFO Task worker status: 
naming_0%4, pending tasks: 0
naming_1%4, pending tasks: 0
naming_2%4, pending tasks: 0
naming_3%4, pending tasks: 0


2024-05-28 00:56:31,526 INFO DISTRO:|122|10|227|

2024-05-28 01:12:19,252 INFO PERFORMANCE:|0|0|0|-1|-1|0|0

2024-05-28 01:12:20,528 INFO Task worker status: 
naming_0%4, pending tasks: 0
naming_1%4, pending tasks: 0
naming_2%4, pending tasks: 0
naming_3%4, pending tasks: 0


2024-05-28 01:12:20,529 INFO DISTRO:|122|10|227|

2024-05-28 01:13:41,981 INFO PERFORMANCE:|0|0|0|-1|-1|0|0

2024-05-28 01:13:42,734 INFO Task worker status: 
naming_0%4, pending tasks: 0
naming_1%4, pending tasks: 0
naming_2%4, pending tasks: 0
naming_3%4, pending tasks: 0


2024-05-28 01:13:42,739 INFO DISTRO:|122|10|227|

2024-05-28 01:14:42,698 INFO PERFORMANCE:|0|0|0|-1|-1|0|0

2024-05-28 01:14:42,850 INFO Task worker status: 
naming_0%4, pending tasks: 0
naming_1%4, pending tasks: 0
naming_2%4, pending tasks: 0
naming_3%4, pending tasks: 0


2024-05-28 01:14:42,901 INFO DISTRO:|122|10|227|

2024-05-28 01:30:17,353 INFO PERFORMANCE:|0|0|0|-1|-1|0|0

2024-05-28 01:30:17,401 INFO Task worker status: 
naming_0%4, pending tasks: 0
naming_1%4, pending tasks: 0
naming_2%4, pending tasks: 0
naming_3%4, pending tasks: 0


2024-05-28 01:30:17,407 INFO DISTRO:|122|10|227|

2024-05-28 01:31:17,535 INFO PERFORMANCE:|0|0|0|-1|-1|0|0

2024-05-28 01:31:17,706 INFO Task worker status: 
naming_0%4, pending tasks: 0
naming_1%4, pending tasks: 0
naming_2%4, pending tasks: 0
naming_3%4, pending tasks: 0


2024-05-28 01:31:17,855 INFO DISTRO:|122|10|227|

2024-05-28 01:32:17,939 INFO PERFORMANCE:|serviceCount|ipCount|subscribeCount|maxPushCost|avgPushCost|totalPushCount|failPushCount

2024-05-28 01:32:18,392 INFO DISTRO:|V1SyncDone|V1SyncFail|V2SyncDone|V2SyncFail|V2VerifyFail|

2024-05-28 01:32:18,504 INFO PERFORMANCE:|0|0|0|-1|-1|0|0

2024-05-28 01:32:18,544 INFO Task worker status: 
naming_0%4, pending tasks: 0
naming_1%4, pending tasks: 0
naming_2%4, pending tasks: 0
naming_3%4, pending tasks: 0


2024-05-28 01:32:18,600 INFO DISTRO:|122|10|227|

2024-05-28 01:48:11,373 INFO PERFORMANCE:|0|0|0|-1|-1|0|0

2024-05-28 01:48:11,379 INFO Task worker status: 
naming_0%4, pending tasks: 0
naming_1%4, pending tasks: 0
naming_2%4, pending tasks: 0
naming_3%4, pending tasks: 0


2024-05-28 01:48:11,400 INFO DISTRO:|122|10|227|

2024-05-28 01:49:11,492 INFO PERFORMANCE:|0|0|0|-1|-1|0|0

2024-05-28 01:49:11,507 INFO Task worker status: 
naming_0%4, pending tasks: 0
naming_1%4, pending tasks: 0
naming_2%4, pending tasks: 0
naming_3%4, pending tasks: 0


2024-05-28 01:49:11,530 INFO DISTRO:|122|10|227|

2024-05-28 02:05:29,400 INFO PERFORMANCE:|0|0|0|-1|-1|0|0

2024-05-28 02:05:29,470 INFO Task worker status: 
naming_0%4, pending tasks: 0
naming_1%4, pending tasks: 0
naming_2%4, pending tasks: 0
naming_3%4, pending tasks: 0


2024-05-28 02:05:29,471 INFO DISTRO:|122|10|227|

2024-05-28 02:06:29,438 INFO PERFORMANCE:|0|0|0|-1|-1|0|0

2024-05-28 02:06:29,439 INFO Task worker status: 
naming_0%4, pending tasks: 0
naming_1%4, pending tasks: 0
naming_2%4, pending tasks: 0
naming_3%4, pending tasks: 0


2024-05-28 02:06:29,440 INFO DISTRO:|122|10|227|

2024-05-28 02:07:29,444 INFO PERFORMANCE:|0|0|0|-1|-1|0|0

2024-05-28 02:07:29,445 INFO Task worker status: 
naming_0%4, pending tasks: 0
naming_1%4, pending tasks: 0
naming_2%4, pending tasks: 0
naming_3%4, pending tasks: 0


2024-05-28 02:07:29,445 INFO DISTRO:|122|10|227|

2024-05-28 02:08:29,448 INFO PERFORMANCE:|0|0|0|-1|-1|0|0

2024-05-28 02:08:29,450 INFO Task worker status: 
naming_0%4, pending tasks: 0
naming_1%4, pending tasks: 0
naming_2%4, pending tasks: 0
naming_3%4, pending tasks: 0


2024-05-28 02:08:29,451 INFO DISTRO:|122|10|227|

