2024-05-28 00:08:39,178 INFO This Raft event changes : RaftEvent{groupId='naming_persistent_service_v2', leader='nacos2:7848', term=343, raftClusterInfo=[nacos3:7848, nacos1:7848, nacos2:7848]}

2024-05-28 00:08:39,238 INFO This Raft event changes : RaftEvent{groupId='naming_service_metadata', leader='nacos2:7848', term=341, raftClusterInfo=[nacos3:7848, nacos1:7848, nacos2:7848]}

2024-05-28 00:08:39,244 INFO This Raft event changes : RaftEvent{groupId='naming_instance_metadata', leader='nacos3:7848', term=339, raftClusterInfo=[nacos3:7848, nacos1:7848, nacos2:7848]}

2024-05-28 00:08:39,211 ERROR Fail to refresh route configuration for group : naming_persistent_service_v2, status is : Status[UNKNOWN<-1>: handleRequest internal error]

2024-05-28 00:08:39,237 ERROR Fail to refresh route configuration for group : naming_service_metadata, status is : Status[UNKNOWN<-1>: handleRequest internal error]

2024-05-28 00:08:39,202 ERROR Fail to refresh route configuration for group : naming_persistent_service, status is : Status[UNKNOWN<-1>: handleRequest internal error]

2024-05-28 00:08:39,294 INFO This Raft event changes : RaftEvent{groupId='naming_service_metadata', leader='nacos3:7848', term=342, raftClusterInfo=[nacos3:7848, nacos1:7848, nacos2:7848]}

2024-05-28 00:08:39,298 INFO This Raft event changes : RaftEvent{groupId='naming_instance_metadata', leader='nacos2:7848', term=340, raftClusterInfo=[nacos3:7848, nacos1:7848, nacos2:7848]}

2024-05-28 00:08:39,307 INFO This Raft event changes : RaftEvent{groupId='naming_persistent_service_v2', leader='nacos1:7848', term=344, raftClusterInfo=[nacos3:7848, nacos1:7848, nacos2:7848]}

2024-05-28 00:08:39,316 ERROR Fail to refresh route configuration for group : naming_persistent_service, status is : Status[UNKNOWN<-1>: handleRequest internal error]

2024-05-28 00:08:39,339 ERROR Fail to refresh route configuration for group : naming_persistent_service, status is : Status[UNKNOWN<-1>: handleRequest internal error]

2024-05-28 00:08:39,354 ERROR Fail to refresh route configuration for group : naming_persistent_service, status is : Status[UNKNOWN<-1>: handleRequest internal error]

2024-05-28 00:08:39,365 ERROR Fail to refresh route configuration for group : naming_persistent_service, status is : Status[UNKNOWN<-1>: handleRequest internal error]

2024-05-28 00:08:39,377 ERROR Fail to refresh route configuration for group : naming_persistent_service, status is : Status[UNKNOWN<-1>: handleRequest internal error]

2024-05-28 00:08:39,383 ERROR Fail to refresh route configuration for group : naming_persistent_service, status is : Status[UNKNOWN<-1>: handleRequest internal error]

2024-05-28 00:08:39,388 ERROR Fail to refresh route configuration for group : naming_persistent_service, status is : Status[UNKNOWN<-1>: handleRequest internal error]

2024-05-28 00:08:39,397 ERROR Fail to refresh route configuration for group : naming_persistent_service, status is : Status[UNKNOWN<-1>: handleRequest internal error]

2024-05-28 00:08:39,404 ERROR Fail to refresh route configuration for group : naming_persistent_service, status is : Status[UNKNOWN<-1>: handleRequest internal error]

2024-05-28 00:08:39,412 ERROR Fail to refresh route configuration for group : naming_persistent_service, status is : Status[UNKNOWN<-1>: handleRequest internal error]

2024-05-28 00:08:39,416 ERROR Fail to refresh route configuration for group : naming_persistent_service, status is : Status[UNKNOWN<-1>: handleRequest internal error]

2024-05-28 00:08:39,421 ERROR Fail to refresh route configuration for group : naming_persistent_service, status is : Status[UNKNOWN<-1>: handleRequest internal error]

2024-05-28 00:08:39,427 ERROR Fail to refresh route configuration for group : naming_persistent_service, status is : Status[UNKNOWN<-1>: handleRequest internal error]

2024-05-28 00:08:39,430 ERROR Fail to refresh route configuration for group : naming_persistent_service, status is : Status[UNKNOWN<-1>: handleRequest internal error]

2024-05-28 00:08:39,434 ERROR Fail to refresh route configuration for group : naming_persistent_service, status is : Status[UNKNOWN<-1>: handleRequest internal error]

2024-05-28 00:08:39,438 ERROR Fail to refresh route configuration for group : naming_persistent_service, status is : Status[UNKNOWN<-1>: handleRequest internal error]

2024-05-28 00:08:39,444 ERROR Fail to refresh route configuration for group : naming_persistent_service, status is : Status[UNKNOWN<-1>: handleRequest internal error]

2024-05-28 00:08:39,451 ERROR Fail to refresh route configuration for group : naming_persistent_service, status is : Status[UNKNOWN<-1>: handleRequest internal error]

2024-05-28 00:08:39,458 ERROR Fail to refresh route configuration for group : naming_persistent_service, status is : Status[UNKNOWN<-1>: handleRequest internal error]

2024-05-28 00:08:39,466 ERROR Fail to refresh route configuration for group : naming_persistent_service, status is : Status[UNKNOWN<-1>: handleRequest internal error]

2024-05-28 00:08:39,472 ERROR Fail to refresh route configuration for group : naming_persistent_service, status is : Status[UNKNOWN<-1>: handleRequest internal error]

2024-05-28 00:08:39,476 ERROR Fail to refresh route configuration for group : naming_persistent_service, status is : Status[UNKNOWN<-1>: handleRequest internal error]

2024-05-28 00:08:39,479 ERROR Fail to refresh route configuration for group : naming_persistent_service, status is : Status[UNKNOWN<-1>: handleRequest internal error]

2024-05-28 00:08:39,484 ERROR Fail to refresh route configuration for group : naming_persistent_service, status is : Status[UNKNOWN<-1>: handleRequest internal error]

2024-05-28 00:08:39,490 ERROR Fail to refresh route configuration for group : naming_persistent_service, status is : Status[UNKNOWN<-1>: handleRequest internal error]

2024-05-28 00:08:39,498 ERROR Fail to refresh route configuration for group : naming_persistent_service, status is : Status[UNKNOWN<-1>: handleRequest internal error]

2024-05-28 00:08:39,523 ERROR Fail to refresh route configuration for group : naming_persistent_service, status is : Status[UNKNOWN<-1>: handleRequest internal error]

2024-05-28 00:08:39,528 ERROR Fail to refresh route configuration for group : naming_persistent_service, status is : Status[UNKNOWN<-1>: handleRequest internal error]

2024-05-28 00:08:39,533 ERROR Fail to refresh route configuration for group : naming_persistent_service, status is : Status[UNKNOWN<-1>: handleRequest internal error]

2024-05-28 00:08:39,539 ERROR Fail to refresh route configuration for group : naming_persistent_service, status is : Status[UNKNOWN<-1>: handleRequest internal error]

2024-05-28 00:08:39,545 ERROR Fail to refresh route configuration for group : naming_persistent_service, status is : Status[UNKNOWN<-1>: handleRequest internal error]

2024-05-28 00:08:39,552 ERROR Fail to refresh route configuration for group : naming_persistent_service, status is : Status[UNKNOWN<-1>: handleRequest internal error]

2024-05-28 00:08:39,562 ERROR Fail to refresh route configuration for group : naming_persistent_service, status is : Status[UNKNOWN<-1>: handleRequest internal error]

2024-05-28 00:08:39,566 ERROR Fail to refresh route configuration for group : naming_persistent_service, status is : Status[UNKNOWN<-1>: handleRequest internal error]

2024-05-28 00:08:39,570 ERROR Fail to refresh route configuration for group : naming_persistent_service, status is : Status[UNKNOWN<-1>: handleRequest internal error]

2024-05-28 00:08:39,577 ERROR Fail to refresh route configuration for group : naming_persistent_service, status is : Status[UNKNOWN<-1>: handleRequest internal error]

2024-05-28 00:08:39,585 ERROR Fail to refresh route configuration for group : naming_persistent_service, status is : Status[UNKNOWN<-1>: handleRequest internal error]

2024-05-28 00:08:39,591 ERROR Fail to refresh route configuration for group : naming_persistent_service, status is : Status[UNKNOWN<-1>: handleRequest internal error]

2024-05-28 00:08:39,595 ERROR Fail to refresh route configuration for group : naming_persistent_service, status is : Status[UNKNOWN<-1>: handleRequest internal error]

2024-05-28 00:08:39,602 ERROR Fail to refresh route configuration for group : naming_persistent_service, status is : Status[UNKNOWN<-1>: handleRequest internal error]

2024-05-28 00:08:39,610 ERROR Fail to refresh route configuration for group : naming_persistent_service, status is : Status[UNKNOWN<-1>: handleRequest internal error]

2024-05-28 00:08:39,615 ERROR Fail to refresh route configuration for group : naming_persistent_service, status is : Status[UNKNOWN<-1>: handleRequest internal error]

2024-05-28 00:08:39,620 ERROR Fail to refresh route configuration for group : naming_persistent_service, status is : Status[UNKNOWN<-1>: handleRequest internal error]

2024-05-28 00:08:39,626 ERROR Fail to refresh route configuration for group : naming_persistent_service, status is : Status[UNKNOWN<-1>: handleRequest internal error]

2024-05-28 00:08:39,631 ERROR Fail to refresh route configuration for group : naming_persistent_service, status is : Status[UNKNOWN<-1>: handleRequest internal error]

2024-05-28 00:08:39,636 ERROR Fail to refresh route configuration for group : naming_persistent_service, status is : Status[UNKNOWN<-1>: handleRequest internal error]

2024-05-28 00:08:39,643 ERROR Fail to refresh route configuration for group : naming_persistent_service, status is : Status[UNKNOWN<-1>: handleRequest internal error]

2024-05-28 00:08:39,648 ERROR Fail to refresh route configuration for group : naming_persistent_service, status is : Status[UNKNOWN<-1>: handleRequest internal error]

2024-05-28 00:08:39,653 ERROR Fail to refresh route configuration for group : naming_persistent_service, status is : Status[UNKNOWN<-1>: handleRequest internal error]

2024-05-28 00:08:39,660 ERROR Fail to refresh route configuration for group : naming_persistent_service, status is : Status[UNKNOWN<-1>: handleRequest internal error]

2024-05-28 00:08:39,664 ERROR Fail to refresh route configuration for group : naming_persistent_service, status is : Status[UNKNOWN<-1>: handleRequest internal error]

2024-05-28 00:08:39,671 ERROR Fail to refresh route configuration for group : naming_persistent_service, status is : Status[UNKNOWN<-1>: handleRequest internal error]

2024-05-28 00:08:39,678 ERROR Fail to refresh route configuration for group : naming_persistent_service, status is : Status[UNKNOWN<-1>: handleRequest internal error]

2024-05-28 00:08:39,683 ERROR Fail to refresh route configuration for group : naming_persistent_service, status is : Status[UNKNOWN<-1>: handleRequest internal error]

2024-05-28 00:08:39,687 ERROR Fail to refresh route configuration for group : naming_persistent_service, status is : Status[UNKNOWN<-1>: handleRequest internal error]

2024-05-28 00:08:39,693 ERROR Fail to refresh route configuration for group : naming_persistent_service, status is : Status[UNKNOWN<-1>: handleRequest internal error]

2024-05-28 00:08:39,697 ERROR Fail to refresh route configuration for group : naming_persistent_service, status is : Status[UNKNOWN<-1>: handleRequest internal error]

2024-05-28 00:08:39,703 ERROR Fail to refresh route configuration for group : naming_persistent_service, status is : Status[UNKNOWN<-1>: handleRequest internal error]

2024-05-28 00:08:39,709 ERROR Fail to refresh route configuration for group : naming_persistent_service, status is : Status[UNKNOWN<-1>: handleRequest internal error]

2024-05-28 00:08:39,715 ERROR Fail to refresh route configuration for group : naming_persistent_service, status is : Status[UNKNOWN<-1>: handleRequest internal error]

2024-05-28 00:08:39,719 ERROR Fail to refresh route configuration for group : naming_persistent_service, status is : Status[UNKNOWN<-1>: handleRequest internal error]

2024-05-28 00:08:39,725 ERROR Fail to refresh route configuration for group : naming_persistent_service, status is : Status[UNKNOWN<-1>: handleRequest internal error]

2024-05-28 00:08:39,730 ERROR Fail to refresh route configuration for group : naming_persistent_service, status is : Status[UNKNOWN<-1>: handleRequest internal error]

2024-05-28 00:08:39,736 ERROR Fail to refresh route configuration for group : naming_persistent_service, status is : Status[UNKNOWN<-1>: handleRequest internal error]

2024-05-28 00:08:39,741 ERROR Fail to refresh route configuration for group : naming_persistent_service, status is : Status[UNKNOWN<-1>: handleRequest internal error]

2024-05-28 00:08:39,746 ERROR Fail to refresh route configuration for group : naming_persistent_service, status is : Status[UNKNOWN<-1>: handleRequest internal error]

2024-05-28 00:08:39,752 ERROR Fail to refresh route configuration for group : naming_persistent_service, status is : Status[UNKNOWN<-1>: handleRequest internal error]

2024-05-28 00:08:39,757 ERROR Fail to refresh route configuration for group : naming_persistent_service, status is : Status[UNKNOWN<-1>: handleRequest internal error]

2024-05-28 00:08:39,763 ERROR Fail to refresh route configuration for group : naming_persistent_service, status is : Status[UNKNOWN<-1>: handleRequest internal error]

2024-05-28 00:08:39,768 ERROR Fail to refresh route configuration for group : naming_persistent_service, status is : Status[UNKNOWN<-1>: handleRequest internal error]

2024-05-28 00:08:39,774 ERROR Fail to refresh route configuration for group : naming_persistent_service, status is : Status[UNKNOWN<-1>: handleRequest internal error]

2024-05-28 00:08:39,781 ERROR Fail to refresh route configuration for group : naming_persistent_service, status is : Status[UNKNOWN<-1>: handleRequest internal error]

2024-05-28 00:08:39,789 ERROR Fail to refresh route configuration for group : naming_persistent_service, status is : Status[UNKNOWN<-1>: handleRequest internal error]

2024-05-28 00:08:39,795 ERROR Fail to refresh route configuration for group : naming_persistent_service, status is : Status[UNKNOWN<-1>: handleRequest internal error]

2024-05-28 00:08:39,802 ERROR Fail to refresh route configuration for group : naming_persistent_service, status is : Status[UNKNOWN<-1>: handleRequest internal error]

2024-05-28 00:08:39,809 ERROR Fail to refresh route configuration for group : naming_persistent_service, status is : Status[UNKNOWN<-1>: handleRequest internal error]

2024-05-28 00:08:39,818 ERROR Fail to refresh route configuration for group : naming_persistent_service, status is : Status[UNKNOWN<-1>: handleRequest internal error]

2024-05-28 00:08:39,828 ERROR Fail to refresh route configuration for group : naming_persistent_service, status is : Status[UNKNOWN<-1>: handleRequest internal error]

2024-05-28 00:08:39,836 ERROR Fail to refresh route configuration for group : naming_persistent_service, status is : Status[UNKNOWN<-1>: handleRequest internal error]

2024-05-28 00:08:39,840 ERROR Fail to refresh route configuration for group : naming_persistent_service, status is : Status[UNKNOWN<-1>: handleRequest internal error]

2024-05-28 00:08:39,846 ERROR Fail to refresh route configuration for group : naming_persistent_service, status is : Status[UNKNOWN<-1>: handleRequest internal error]

2024-05-28 00:08:39,851 ERROR Fail to refresh route configuration for group : naming_persistent_service, status is : Status[UNKNOWN<-1>: handleRequest internal error]

2024-05-28 00:08:39,859 ERROR Fail to refresh route configuration for group : naming_persistent_service, status is : Status[UNKNOWN<-1>: handleRequest internal error]

2024-05-28 00:08:39,865 ERROR Fail to refresh route configuration for group : naming_persistent_service, status is : Status[UNKNOWN<-1>: handleRequest internal error]

2024-05-28 00:08:39,873 ERROR Fail to refresh route configuration for group : naming_persistent_service, status is : Status[UNKNOWN<-1>: handleRequest internal error]

2024-05-28 00:08:39,879 ERROR Fail to refresh route configuration for group : naming_persistent_service, status is : Status[UNKNOWN<-1>: handleRequest internal error]

2024-05-28 00:08:39,883 ERROR Fail to refresh route configuration for group : naming_persistent_service, status is : Status[UNKNOWN<-1>: handleRequest internal error]

2024-05-28 00:08:39,889 ERROR Fail to refresh route configuration for group : naming_persistent_service, status is : Status[UNKNOWN<-1>: handleRequest internal error]

2024-05-28 00:08:39,893 ERROR Fail to refresh route configuration for group : naming_persistent_service, status is : Status[UNKNOWN<-1>: handleRequest internal error]

2024-05-28 00:08:39,899 ERROR Fail to refresh route configuration for group : naming_persistent_service, status is : Status[UNKNOWN<-1>: handleRequest internal error]

2024-05-28 00:08:39,905 ERROR Fail to refresh route configuration for group : naming_persistent_service, status is : Status[UNKNOWN<-1>: handleRequest internal error]

2024-05-28 00:08:39,908 ERROR Fail to refresh route configuration for group : naming_persistent_service, status is : Status[UNKNOWN<-1>: handleRequest internal error]

2024-05-28 00:08:39,912 ERROR Fail to refresh route configuration for group : naming_persistent_service, status is : Status[UNKNOWN<-1>: handleRequest internal error]

2024-05-28 00:08:39,915 ERROR Fail to refresh route configuration for group : naming_persistent_service, status is : Status[UNKNOWN<-1>: handleRequest internal error]

2024-05-28 00:08:39,919 ERROR Fail to refresh route configuration for group : naming_persistent_service, status is : Status[UNKNOWN<-1>: handleRequest internal error]

2024-05-28 00:08:39,924 ERROR Fail to refresh route configuration for group : naming_persistent_service, status is : Status[UNKNOWN<-1>: handleRequest internal error]

2024-05-28 00:08:39,928 ERROR Fail to refresh route configuration for group : naming_persistent_service, status is : Status[UNKNOWN<-1>: handleRequest internal error]

2024-05-28 00:08:39,934 ERROR Fail to refresh route configuration for group : naming_persistent_service, status is : Status[UNKNOWN<-1>: handleRequest internal error]

2024-05-28 00:08:39,940 ERROR Fail to refresh route configuration for group : naming_persistent_service, status is : Status[UNKNOWN<-1>: handleRequest internal error]

2024-05-28 00:08:39,943 ERROR Fail to refresh route configuration for group : naming_persistent_service, status is : Status[UNKNOWN<-1>: handleRequest internal error]

2024-05-28 00:08:39,949 ERROR Fail to refresh route configuration for group : naming_persistent_service, status is : Status[UNKNOWN<-1>: handleRequest internal error]

2024-05-28 00:08:39,953 ERROR Fail to refresh route configuration for group : naming_persistent_service, status is : Status[UNKNOWN<-1>: handleRequest internal error]

2024-05-28 00:08:39,957 ERROR Fail to refresh route configuration for group : naming_persistent_service, status is : Status[UNKNOWN<-1>: handleRequest internal error]

2024-05-28 00:08:39,961 ERROR Fail to refresh route configuration for group : naming_persistent_service, status is : Status[UNKNOWN<-1>: handleRequest internal error]

2024-05-28 00:08:39,965 ERROR Fail to refresh route configuration for group : naming_persistent_service, status is : Status[UNKNOWN<-1>: handleRequest internal error]

2024-05-28 00:08:39,969 ERROR Fail to refresh route configuration for group : naming_persistent_service, status is : Status[UNKNOWN<-1>: handleRequest internal error]

2024-05-28 00:08:39,973 ERROR Fail to refresh route configuration for group : naming_persistent_service, status is : Status[UNKNOWN<-1>: handleRequest internal error]

2024-05-28 00:08:39,977 ERROR Fail to refresh route configuration for group : naming_persistent_service, status is : Status[UNKNOWN<-1>: handleRequest internal error]

2024-05-28 00:08:39,980 ERROR Fail to refresh route configuration for group : naming_persistent_service, status is : Status[UNKNOWN<-1>: handleRequest internal error]

2024-05-28 00:08:39,984 ERROR Fail to refresh route configuration for group : naming_persistent_service, status is : Status[UNKNOWN<-1>: handleRequest internal error]

2024-05-28 00:08:39,987 ERROR Fail to refresh route configuration for group : naming_persistent_service, status is : Status[UNKNOWN<-1>: handleRequest internal error]

2024-05-28 00:08:39,991 ERROR Fail to refresh route configuration for group : naming_persistent_service, status is : Status[UNKNOWN<-1>: handleRequest internal error]

2024-05-28 00:08:39,994 ERROR Fail to refresh route configuration for group : naming_persistent_service, status is : Status[UNKNOWN<-1>: handleRequest internal error]

2024-05-28 00:08:39,997 ERROR Fail to refresh route configuration for group : naming_persistent_service, status is : Status[UNKNOWN<-1>: handleRequest internal error]

2024-05-28 00:08:40,001 ERROR Fail to refresh route configuration for group : naming_persistent_service, status is : Status[UNKNOWN<-1>: handleRequest internal error]

2024-05-28 00:08:40,004 ERROR Fail to refresh route configuration for group : naming_persistent_service, status is : Status[UNKNOWN<-1>: handleRequest internal error]

2024-05-28 00:08:40,007 ERROR Fail to refresh route configuration for group : naming_persistent_service, status is : Status[UNKNOWN<-1>: handleRequest internal error]

2024-05-28 00:08:40,011 ERROR Fail to refresh route configuration for group : naming_persistent_service, status is : Status[UNKNOWN<-1>: handleRequest internal error]

2024-05-28 00:08:40,014 ERROR Fail to refresh route configuration for group : naming_persistent_service, status is : Status[UNKNOWN<-1>: handleRequest internal error]

2024-05-28 00:08:40,018 ERROR Fail to refresh route configuration for group : naming_persistent_service, status is : Status[UNKNOWN<-1>: handleRequest internal error]

2024-05-28 00:08:40,022 ERROR Fail to refresh route configuration for group : naming_persistent_service, status is : Status[UNKNOWN<-1>: handleRequest internal error]

2024-05-28 00:08:40,026 ERROR Fail to refresh route configuration for group : naming_persistent_service, status is : Status[UNKNOWN<-1>: handleRequest internal error]

2024-05-28 00:08:40,037 ERROR Fail to refresh route configuration for group : naming_persistent_service, status is : Status[UNKNOWN<-1>: handleRequest internal error]

2024-05-28 00:08:40,043 ERROR Fail to refresh route configuration for group : naming_persistent_service, status is : Status[UNKNOWN<-1>: handleRequest internal error]

2024-05-28 00:08:40,051 ERROR Fail to refresh route configuration for group : naming_persistent_service, status is : Status[UNKNOWN<-1>: handleRequest internal error]

2024-05-28 00:08:40,062 ERROR Fail to refresh route configuration for group : naming_persistent_service, status is : Status[UNKNOWN<-1>: handleRequest internal error]

2024-05-28 00:08:40,077 ERROR Fail to refresh route configuration for group : naming_persistent_service, status is : Status[UNKNOWN<-1>: handleRequest internal error]

2024-05-28 00:08:40,083 ERROR Fail to refresh route configuration for group : naming_persistent_service, status is : Status[UNKNOWN<-1>: handleRequest internal error]

2024-05-28 00:08:40,087 ERROR Fail to refresh route configuration for group : naming_persistent_service, status is : Status[UNKNOWN<-1>: handleRequest internal error]

2024-05-28 00:08:40,094 ERROR Fail to refresh route configuration for group : naming_persistent_service, status is : Status[UNKNOWN<-1>: handleRequest internal error]

2024-05-28 00:08:40,099 ERROR Fail to refresh route configuration for group : naming_persistent_service, status is : Status[UNKNOWN<-1>: handleRequest internal error]

2024-05-28 00:08:40,103 ERROR Fail to refresh route configuration for group : naming_persistent_service, status is : Status[UNKNOWN<-1>: handleRequest internal error]

2024-05-28 00:08:40,106 ERROR Fail to refresh route configuration for group : naming_persistent_service, status is : Status[UNKNOWN<-1>: handleRequest internal error]

2024-05-28 00:08:40,109 ERROR Fail to refresh route configuration for group : naming_persistent_service, status is : Status[UNKNOWN<-1>: handleRequest internal error]

2024-05-28 00:08:40,113 ERROR Fail to refresh route configuration for group : naming_persistent_service, status is : Status[UNKNOWN<-1>: handleRequest internal error]

2024-05-28 00:08:40,116 ERROR Fail to refresh route configuration for group : naming_persistent_service, status is : Status[UNKNOWN<-1>: handleRequest internal error]

2024-05-28 00:08:40,139 ERROR Fail to refresh route configuration for group : naming_persistent_service, status is : Status[UNKNOWN<-1>: handleRequest internal error]

2024-05-28 00:08:40,175 ERROR Fail to refresh route configuration for group : naming_persistent_service, status is : Status[UNKNOWN<-1>: handleRequest internal error]

2024-05-28 00:08:40,193 ERROR Fail to refresh route configuration for group : naming_persistent_service, status is : Status[UNKNOWN<-1>: handleRequest internal error]

2024-05-28 00:08:40,196 ERROR Fail to refresh route configuration for group : naming_persistent_service, status is : Status[UNKNOWN<-1>: handleRequest internal error]

2024-05-28 00:08:40,199 ERROR Fail to refresh route configuration for group : naming_persistent_service, status is : Status[UNKNOWN<-1>: handleRequest internal error]

2024-05-28 00:08:40,202 ERROR Fail to refresh route configuration for group : naming_persistent_service, status is : Status[UNKNOWN<-1>: handleRequest internal error]

2024-05-28 00:08:40,205 ERROR Fail to refresh route configuration for group : naming_persistent_service, status is : Status[UNKNOWN<-1>: handleRequest internal error]

2024-05-28 00:08:40,208 ERROR Fail to refresh route configuration for group : naming_persistent_service, status is : Status[UNKNOWN<-1>: handleRequest internal error]

2024-05-28 00:08:40,212 ERROR Fail to refresh route configuration for group : naming_persistent_service, status is : Status[UNKNOWN<-1>: handleRequest internal error]

2024-05-28 00:08:40,216 ERROR Fail to refresh route configuration for group : naming_persistent_service, status is : Status[UNKNOWN<-1>: handleRequest internal error]

2024-05-28 00:08:40,219 ERROR Fail to refresh route configuration for group : naming_persistent_service, status is : Status[UNKNOWN<-1>: handleRequest internal error]

2024-05-28 00:08:40,223 ERROR Fail to refresh route configuration for group : naming_persistent_service, status is : Status[UNKNOWN<-1>: handleRequest internal error]

2024-05-28 00:08:40,226 ERROR Fail to refresh route configuration for group : naming_persistent_service, status is : Status[UNKNOWN<-1>: handleRequest internal error]

2024-05-28 00:08:40,229 ERROR Fail to refresh route configuration for group : naming_persistent_service, status is : Status[UNKNOWN<-1>: handleRequest internal error]

2024-05-28 00:08:40,232 ERROR Fail to refresh route configuration for group : naming_persistent_service, status is : Status[UNKNOWN<-1>: handleRequest internal error]

2024-05-28 00:08:40,236 ERROR Fail to refresh route configuration for group : naming_persistent_service, status is : Status[UNKNOWN<-1>: handleRequest internal error]

2024-05-28 00:08:40,239 ERROR Fail to refresh route configuration for group : naming_persistent_service, status is : Status[UNKNOWN<-1>: handleRequest internal error]

2024-05-28 00:08:40,243 ERROR Fail to refresh route configuration for group : naming_persistent_service, status is : Status[UNKNOWN<-1>: handleRequest internal error]

2024-05-28 00:08:40,247 ERROR Fail to refresh route configuration for group : naming_persistent_service, status is : Status[UNKNOWN<-1>: handleRequest internal error]

2024-05-28 00:08:44,257 INFO This Raft event changes : RaftEvent{groupId='naming_persistent_service', leader='nacos2:7848', term=349, raftClusterInfo=[nacos3:7848, nacos1:7848, nacos2:7848]}

2024-05-28 00:09:41,713 ERROR Fail to refresh route configuration for group : naming_service_metadata, status is : Status[UNKNOWN<-1>: handleRequest internal error]

2024-05-28 00:09:42,455 INFO This Raft event changes : RaftEvent{groupId='naming_service_metadata', leader='nacos2:7848', term=343, raftClusterInfo=[nacos3:7848, nacos1:7848, nacos2:7848]}

2024-05-28 00:25:15,736 INFO This Raft event changes : RaftEvent{groupId='naming_instance_metadata', leader='nacos2:7848', term=340, raftClusterInfo=[nacos3:7848, nacos1:7848, nacos2:7848]}

2024-05-28 00:25:15,846 INFO This Raft event changes : RaftEvent{groupId='naming_persistent_service', leader='nacos2:7848', term=349, raftClusterInfo=[nacos3:7848, nacos1:7848, nacos2:7848]}

2024-05-28 00:25:16,019 INFO This Raft event changes : RaftEvent{groupId='naming_persistent_service_v2', leader='nacos2:7848', term=345, raftClusterInfo=[nacos3:7848, nacos1:7848, nacos2:7848]}

2024-05-28 00:25:16,026 INFO This Raft event changes : RaftEvent{groupId='naming_instance_metadata', leader='nacos1:7848', term=341, raftClusterInfo=[nacos3:7848, nacos1:7848, nacos2:7848]}

2024-05-28 00:25:16,038 INFO This Raft event changes : RaftEvent{groupId='naming_service_metadata', leader='nacos1:7848', term=344, raftClusterInfo=[nacos3:7848, nacos1:7848, nacos2:7848]}

2024-05-28 00:25:16,045 INFO This Raft event changes : RaftEvent{groupId='naming_persistent_service', leader='nacos1:7848', term=350, raftClusterInfo=[nacos3:7848, nacos1:7848, nacos2:7848]}

2024-05-28 00:25:48,284 ERROR Fail to refresh route configuration for group : naming_service_metadata, status is : Status[UNKNOWN<-1>: handleRequest internal error]

2024-05-28 00:25:50,170 ERROR Fail to refresh route configuration for group : naming_service_metadata, status is : Status[UNKNOWN<-1>: handleRequest internal error]

2024-05-28 00:25:58,585 ERROR Fail to refresh leader for group : naming_service_metadata, status is : Status[UNKNOWN<-1>: Unknown leader, Unknown leader, Unknown leader]

2024-05-28 00:26:00,952 INFO This Raft event changes : RaftEvent{groupId='naming_service_metadata', leader='nacos1:7848', term=345, raftClusterInfo=[nacos3:7848, nacos1:7848, nacos2:7848]}

2024-05-28 00:42:48,340 INFO This Raft event changes : RaftEvent{groupId='naming_persistent_service_v2', leader='nacos2:7848', term=345, raftClusterInfo=[nacos3:7848, nacos1:7848, nacos2:7848]}

2024-05-28 00:42:48,510 INFO This Raft event changes : RaftEvent{groupId='naming_persistent_service_v2', leader='nacos3:7848', term=346, raftClusterInfo=[nacos3:7848, nacos1:7848, nacos2:7848]}

2024-05-28 00:42:48,526 INFO This Raft event changes : RaftEvent{groupId='naming_persistent_service', leader='nacos3:7848', term=351, raftClusterInfo=[nacos3:7848, nacos1:7848, nacos2:7848]}

2024-05-28 00:42:48,540 INFO This Raft event changes : RaftEvent{groupId='naming_instance_metadata', leader='nacos3:7848', term=342, raftClusterInfo=[nacos3:7848, nacos1:7848, nacos2:7848]}

2024-05-28 00:42:48,541 INFO This Raft event changes : RaftEvent{groupId='naming_service_metadata', leader='nacos2:7848', term=346, raftClusterInfo=[nacos3:7848, nacos1:7848, nacos2:7848]}

2024-05-28 00:42:48,546 INFO This Raft event changes : RaftEvent{groupId='naming_instance_metadata', leader='nacos3:7848', term=342, raftClusterInfo=[nacos3:7848, nacos1:7848, nacos2:7848]}

2024-05-28 00:45:31,477 INFO This Raft event changes : RaftEvent{groupId='naming_persistent_service', leader='nacos3:7848', term=351, raftClusterInfo=[nacos3:7848, nacos1:7848, nacos2:7848]}

2024-05-28 00:45:31,551 INFO This Raft event changes : RaftEvent{groupId='naming_instance_metadata', leader='nacos3:7848', term=342, raftClusterInfo=[nacos3:7848, nacos1:7848, nacos2:7848]}

2024-05-28 00:45:31,552 ERROR Fail to refresh route configuration for group : naming_service_metadata, status is : Status[UNKNOWN<-1>: handleRequest internal error]

2024-05-28 00:45:31,562 INFO This Raft event changes : RaftEvent{groupId='naming_persistent_service_v2', leader='nacos3:7848', term=346, raftClusterInfo=[nacos3:7848, nacos1:7848, nacos2:7848]}

2024-05-28 00:45:31,584 INFO This Raft event changes : RaftEvent{groupId='naming_service_metadata', leader='nacos2:7848', term=346, raftClusterInfo=[nacos3:7848, nacos1:7848, nacos2:7848]}

2024-05-28 00:45:31,709 ERROR Fail to refresh leader for group : naming_service_metadata, status is : Status[UNKNOWN<-1>: Unknown leader, Unknown leader, Unknown leader]

2024-05-28 00:45:31,717 ERROR Fail to refresh leader for group : naming_persistent_service_v2, status is : Status[UNKNOWN<-1>: Unknown leader, Unknown leader, Unknown leader]

2024-05-28 00:45:31,728 ERROR Fail to refresh route configuration for group : naming_instance_metadata, status is : Status[UNKNOWN<-1>: handleRequest internal error]

2024-05-28 00:45:31,728 ERROR Fail to refresh leader for group : naming_persistent_service, status is : Status[UNKNOWN<-1>: Unknown leader, Unknown leader, Unknown leader]

2024-05-28 00:45:31,729 INFO This Raft event changes : RaftEvent{groupId='naming_instance_metadata', leader='nacos2:7848', term=343, raftClusterInfo=[nacos3:7848, nacos1:7848, nacos2:7848]}

2024-05-28 00:45:31,735 ERROR Fail to refresh route configuration for group : naming_service_metadata, status is : Status[UNKNOWN<-1>: handleRequest internal error]

2024-05-28 00:45:31,737 ERROR Fail to refresh route configuration for group : naming_persistent_service_v2, status is : Status[UNKNOWN<-1>: handleRequest internal error]

2024-05-28 00:45:31,739 INFO This Raft event changes : RaftEvent{groupId='naming_persistent_service', leader='nacos1:7848', term=352, raftClusterInfo=[nacos3:7848, nacos1:7848, nacos2:7848]}

2024-05-28 00:45:31,887 INFO This Raft event changes : RaftEvent{groupId='naming_service_metadata', leader='nacos3:7848', term=347, raftClusterInfo=[nacos3:7848, nacos1:7848, nacos2:7848]}

2024-05-28 00:45:31,888 INFO This Raft event changes : RaftEvent{groupId='naming_persistent_service_v2', leader='nacos1:7848', term=347, raftClusterInfo=[nacos3:7848, nacos1:7848, nacos2:7848]}

2024-05-28 00:45:31,889 ERROR Fail to refresh route configuration for group : naming_persistent_service, status is : Status[UNKNOWN<-1>: handleRequest internal error]

2024-05-28 01:12:20,588 INFO This Raft event changes : RaftEvent{groupId='naming_service_metadata', leader='nacos3:7848', term=347, raftClusterInfo=[nacos3:7848, nacos1:7848, nacos2:7848]}

2024-05-28 01:12:20,590 ERROR Fail to refresh route configuration for group : naming_instance_metadata, status is : Status[UNKNOWN<-1>: handleRequest internal error]

2024-05-28 01:12:20,598 ERROR Fail to refresh route configuration for group : naming_persistent_service_v2, status is : Status[UNKNOWN<-1>: handleRequest internal error]

2024-05-28 01:12:20,606 INFO This Raft event changes : RaftEvent{groupId='naming_instance_metadata', leader='nacos2:7848', term=343, raftClusterInfo=[nacos3:7848, nacos1:7848, nacos2:7848]}

2024-05-28 01:12:20,615 ERROR Fail to refresh route configuration for group : naming_service_metadata, status is : Status[UNKNOWN<-1>: handleRequest internal error]

2024-05-28 01:12:20,623 INFO This Raft event changes : RaftEvent{groupId='naming_service_metadata', leader='nacos2:7848', term=348, raftClusterInfo=[nacos3:7848, nacos1:7848, nacos2:7848]}

2024-05-28 01:12:20,631 INFO This Raft event changes : RaftEvent{groupId='naming_instance_metadata', leader='nacos3:7848', term=344, raftClusterInfo=[nacos3:7848, nacos1:7848, nacos2:7848]}

2024-05-28 01:12:20,639 ERROR Fail to refresh route configuration for group : naming_persistent_service, status is : Status[UNKNOWN<-1>: handleRequest internal error]

2024-05-28 01:12:20,643 INFO This Raft event changes : RaftEvent{groupId='naming_persistent_service_v2', leader='nacos2:7848', term=348, raftClusterInfo=[nacos3:7848, nacos1:7848, nacos2:7848]}

2024-05-28 01:12:20,652 INFO This Raft event changes : RaftEvent{groupId='naming_persistent_service', leader='nacos3:7848', term=353, raftClusterInfo=[nacos3:7848, nacos1:7848, nacos2:7848]}

2024-05-28 01:12:20,660 ERROR Fail to refresh route configuration for group : naming_persistent_service_v2, status is : Status[UNKNOWN<-1>: handleRequest internal error]

2024-05-28 01:13:03,764 ERROR Fail to refresh leader for group : naming_instance_metadata, status is : Status[UNKNOWN<-1>: Unknown leader, Unknown leader, Unknown leader]

2024-05-28 01:13:03,764 ERROR Fail to refresh leader for group : naming_persistent_service_v2, status is : Status[UNKNOWN<-1>: Unknown leader, Unknown leader, Unknown leader]

2024-05-28 01:13:03,766 ERROR Fail to refresh leader for group : naming_persistent_service, status is : Status[UNKNOWN<-1>: Unknown leader, Unknown leader, Unknown leader]

2024-05-28 01:13:03,769 ERROR Fail to refresh route configuration for group : naming_instance_metadata, status is : Status[UNKNOWN<-1>: handleRequest internal error]

2024-05-28 01:13:03,772 INFO This Raft event changes : RaftEvent{groupId='naming_instance_metadata', leader='nacos2:7848', term=345, raftClusterInfo=[nacos3:7848, nacos1:7848, nacos2:7848]}

2024-05-28 01:13:03,778 ERROR Fail to refresh route configuration for group : naming_persistent_service_v2, status is : Status[UNKNOWN<-1>: handleRequest internal error]

2024-05-28 01:13:03,786 ERROR Fail to refresh route configuration for group : naming_service_metadata, status is : Status[UNKNOWN<-1>: handleRequest internal error]

2024-05-28 01:13:03,792 INFO This Raft event changes : RaftEvent{groupId='naming_persistent_service', leader='nacos2:7848', term=354, raftClusterInfo=[nacos3:7848, nacos1:7848, nacos2:7848]}

2024-05-28 01:13:03,800 ERROR Fail to refresh route configuration for group : naming_persistent_service, status is : Status[UNKNOWN<-1>: handleRequest internal error]

2024-05-28 01:13:03,805 INFO This Raft event changes : RaftEvent{groupId='naming_persistent_service_v2', leader='nacos3:7848', term=349, raftClusterInfo=[nacos3:7848, nacos1:7848, nacos2:7848]}

2024-05-28 01:13:03,817 INFO This Raft event changes : RaftEvent{groupId='naming_service_metadata', leader='nacos3:7848', term=349, raftClusterInfo=[nacos3:7848, nacos1:7848, nacos2:7848]}

2024-05-28 01:13:42,749 INFO This Raft event changes : RaftEvent{groupId='naming_instance_metadata', leader='nacos2:7848', term=345, raftClusterInfo=[nacos3:7848, nacos1:7848, nacos2:7848]}

2024-05-28 01:13:42,756 INFO This Raft event changes : RaftEvent{groupId='naming_service_metadata', leader='nacos3:7848', term=349, raftClusterInfo=[nacos3:7848, nacos1:7848, nacos2:7848]}

2024-05-28 01:13:42,763 INFO This Raft event changes : RaftEvent{groupId='naming_persistent_service', leader='nacos2:7848', term=354, raftClusterInfo=[nacos3:7848, nacos1:7848, nacos2:7848]}

2024-05-28 01:13:42,862 ERROR Fail to refresh leader for group : naming_persistent_service, status is : Status[UNKNOWN<-1>: Unknown leader, Unknown leader, Unknown leader]

2024-05-28 01:13:42,865 ERROR Fail to refresh leader for group : naming_instance_metadata, status is : Status[UNKNOWN<-1>: Unknown leader, Unknown leader, Unknown leader]

2024-05-28 01:13:42,878 ERROR Fail to refresh route configuration for group : naming_persistent_service, status is : Status[UNKNOWN<-1>: handleRequest internal error]

2024-05-28 01:13:42,878 ERROR Fail to refresh route configuration for group : naming_instance_metadata, status is : Status[UNKNOWN<-1>: handleRequest internal error]

2024-05-28 01:13:42,879 ERROR Fail to refresh route configuration for group : naming_service_metadata, status is : Status[UNKNOWN<-1>: handleRequest internal error]

2024-05-28 01:13:42,885 INFO This Raft event changes : RaftEvent{groupId='naming_persistent_service_v2', leader='nacos2:7848', term=350, raftClusterInfo=[nacos3:7848, nacos1:7848, nacos2:7848]}

2024-05-28 01:13:42,896 INFO This Raft event changes : RaftEvent{groupId='naming_persistent_service', leader='nacos1:7848', term=355, raftClusterInfo=[nacos3:7848, nacos1:7848, nacos2:7848]}

2024-05-28 01:13:42,908 INFO This Raft event changes : RaftEvent{groupId='naming_service_metadata', leader='nacos1:7848', term=350, raftClusterInfo=[nacos3:7848, nacos1:7848, nacos2:7848]}

2024-05-28 01:13:42,912 INFO This Raft event changes : RaftEvent{groupId='naming_instance_metadata', leader='nacos1:7848', term=346, raftClusterInfo=[nacos3:7848, nacos1:7848, nacos2:7848]}

2024-05-28 01:14:31,716 INFO This Raft event changes : RaftEvent{groupId='naming_persistent_service_v2', leader='nacos2:7848', term=350, raftClusterInfo=[nacos3:7848, nacos1:7848, nacos2:7848]}

2024-05-28 01:14:31,950 INFO This Raft event changes : RaftEvent{groupId='naming_service_metadata', leader='nacos3:7848', term=351, raftClusterInfo=[nacos3:7848, nacos1:7848, nacos2:7848]}

2024-05-28 01:14:31,961 INFO This Raft event changes : RaftEvent{groupId='naming_instance_metadata', leader='nacos3:7848', term=347, raftClusterInfo=[nacos3:7848, nacos1:7848, nacos2:7848]}

2024-05-28 01:14:31,965 ERROR Fail to refresh route configuration for group : naming_instance_metadata, status is : Status[UNKNOWN<-1>: handleRequest internal error]

2024-05-28 01:14:31,966 ERROR Fail to refresh route configuration for group : naming_persistent_service_v2, status is : Status[UNKNOWN<-1>: handleRequest internal error]

2024-05-28 01:14:31,968 ERROR Fail to refresh route configuration for group : naming_persistent_service, status is : Status[UNKNOWN<-1>: handleRequest internal error]

2024-05-28 01:14:31,970 INFO This Raft event changes : RaftEvent{groupId='naming_persistent_service', leader='nacos3:7848', term=356, raftClusterInfo=[nacos3:7848, nacos1:7848, nacos2:7848]}

2024-05-28 01:14:31,973 INFO This Raft event changes : RaftEvent{groupId='naming_persistent_service_v2', leader='nacos3:7848', term=351, raftClusterInfo=[nacos3:7848, nacos1:7848, nacos2:7848]}

2024-05-28 01:30:17,542 INFO This Raft event changes : RaftEvent{groupId='naming_service_metadata', leader='nacos3:7848', term=351, raftClusterInfo=[nacos3:7848, nacos1:7848, nacos2:7848]}

2024-05-28 01:30:17,598 ERROR Fail to refresh raft metadata info for group : naming_service_metadata, error is : {}

java.util.concurrent.TimeoutException: null
	at com.alipay.sofa.jraft.rpc.impl.FutureImpl.get(FutureImpl.java:214)
	at com.alipay.sofa.jraft.RouteTable.refreshLeader(RouteTable.java:253)
	at com.alibaba.nacos.core.distributed.raft.JRaftServer.refreshRouteTable(JRaftServer.java:496)
	at com.alibaba.nacos.core.distributed.raft.JRaftServer.lambda$createMultiRaftGroup$1(JRaftServer.java:269)
	at java.util.concurrent.Executors$RunnableAdapter.call(Executors.java:511)
	at java.util.concurrent.FutureTask.runAndReset(FutureTask.java:308)
	at java.util.concurrent.ScheduledThreadPoolExecutor$ScheduledFutureTask.access$301(ScheduledThreadPoolExecutor.java:180)
	at java.util.concurrent.ScheduledThreadPoolExecutor$ScheduledFutureTask.run(ScheduledThreadPoolExecutor.java:294)
	at java.util.concurrent.ThreadPoolExecutor.runWorker(ThreadPoolExecutor.java:1149)
	at java.util.concurrent.ThreadPoolExecutor$Worker.run(ThreadPoolExecutor.java:624)
	at java.lang.Thread.run(Thread.java:750)
2024-05-28 01:30:17,626 ERROR Fail to refresh leader for group : naming_persistent_service, status is : Status[UNKNOWN<-1>: Unknown leader, Unknown leader, Unknown leader]

2024-05-28 01:30:17,630 ERROR Fail to refresh leader for group : naming_service_metadata, status is : Status[UNKNOWN<-1>: Unknown leader, Unknown leader, Unknown leader]

2024-05-28 01:30:17,634 ERROR Fail to refresh route configuration for group : naming_persistent_service, status is : Status[UNKNOWN<-1>: handleRequest internal error]

2024-05-28 01:30:17,637 ERROR Fail to refresh leader for group : naming_persistent_service_v2, status is : Status[UNKNOWN<-1>: Unknown leader, Unknown leader, Unknown leader]

2024-05-28 01:30:17,640 INFO This Raft event changes : RaftEvent{groupId='naming_persistent_service', leader='nacos2:7848', term=357, raftClusterInfo=[nacos3:7848, nacos1:7848, nacos2:7848]}

2024-05-28 01:30:17,649 INFO This Raft event changes : RaftEvent{groupId='naming_instance_metadata', leader='nacos2:7848', term=348, raftClusterInfo=[nacos3:7848, nacos1:7848, nacos2:7848]}

2024-05-28 01:30:17,674 ERROR Fail to refresh route configuration for group : naming_persistent_service_v2, status is : Status[UNKNOWN<-1>: handleRequest internal error]

2024-05-28 01:30:17,674 INFO This Raft event changes : RaftEvent{groupId='naming_service_metadata', leader='nacos2:7848', term=352, raftClusterInfo=[nacos3:7848, nacos1:7848, nacos2:7848]}

2024-05-28 01:30:17,688 ERROR Fail to refresh route configuration for group : naming_service_metadata, status is : Status[UNKNOWN<-1>: handleRequest internal error]

2024-05-28 01:30:17,700 INFO This Raft event changes : RaftEvent{groupId='naming_persistent_service_v2', leader='nacos2:7848', term=352, raftClusterInfo=[nacos3:7848, nacos1:7848, nacos2:7848]}

2024-05-28 01:30:59,700 INFO This Raft event changes : RaftEvent{groupId='naming_service_metadata', leader='nacos2:7848', term=352, raftClusterInfo=[nacos3:7848, nacos1:7848, nacos2:7848]}

2024-05-28 01:30:59,705 ERROR Fail to refresh leader for group : naming_persistent_service, status is : Status[UNKNOWN<-1>: Unknown leader, Unknown leader, Unknown leader]

2024-05-28 01:30:59,708 ERROR Fail to refresh leader for group : naming_service_metadata, status is : Status[UNKNOWN<-1>: Unknown leader, Unknown leader, Unknown leader]

2024-05-28 01:30:59,714 ERROR Fail to refresh route configuration for group : naming_persistent_service, status is : Status[UNKNOWN<-1>: handleRequest internal error]

2024-05-28 01:30:59,729 ERROR Fail to refresh route configuration for group : naming_service_metadata, status is : Status[UNKNOWN<-1>: handleRequest internal error]

2024-05-28 01:30:59,733 INFO This Raft event changes : RaftEvent{groupId='naming_service_metadata', leader='nacos3:7848', term=353, raftClusterInfo=[nacos3:7848, nacos1:7848, nacos2:7848]}

2024-05-28 01:30:59,744 INFO This Raft event changes : RaftEvent{groupId='naming_persistent_service_v2', leader='nacos3:7848', term=353, raftClusterInfo=[nacos3:7848, nacos1:7848, nacos2:7848]}

2024-05-28 01:30:59,749 INFO This Raft event changes : RaftEvent{groupId='naming_persistent_service', leader='nacos3:7848', term=358, raftClusterInfo=[nacos3:7848, nacos1:7848, nacos2:7848]}

2024-05-28 01:30:59,854 INFO This Raft event changes : RaftEvent{groupId='naming_instance_metadata', leader='nacos2:7848', term=348, raftClusterInfo=[nacos3:7848, nacos1:7848, nacos2:7848]}

2024-05-28 01:32:05,542 INFO This Raft event changes : RaftEvent{groupId='naming_service_metadata', leader='nacos3:7848', term=353, raftClusterInfo=[nacos3:7848, nacos1:7848, nacos2:7848]}

2024-05-28 01:32:05,570 INFO This Raft event changes : RaftEvent{groupId='naming_instance_metadata', leader='nacos2:7848', term=348, raftClusterInfo=[nacos3:7848, nacos1:7848, nacos2:7848]}

2024-05-28 01:32:05,580 INFO This Raft event changes : RaftEvent{groupId='naming_persistent_service_v2', leader='nacos3:7848', term=353, raftClusterInfo=[nacos3:7848, nacos1:7848, nacos2:7848]}

2024-05-28 01:32:05,598 ERROR Fail to refresh route configuration for group : naming_service_metadata, status is : Status[UNKNOWN<-1>: handleRequest internal error]

2024-05-28 01:32:05,646 ERROR Fail to refresh route configuration for group : naming_persistent_service, status is : Status[UNKNOWN<-1>: handleRequest internal error]

2024-05-28 01:32:05,646 ERROR Fail to refresh route configuration for group : naming_persistent_service_v2, status is : Status[UNKNOWN<-1>: handleRequest internal error]

2024-05-28 01:32:05,661 INFO This Raft event changes : RaftEvent{groupId='naming_instance_metadata', leader='nacos3:7848', term=349, raftClusterInfo=[nacos3:7848, nacos1:7848, nacos2:7848]}

2024-05-28 01:32:05,698 ERROR Fail to refresh route configuration for group : naming_persistent_service, status is : Status[UNKNOWN<-1>: handleRequest internal error]

2024-05-28 01:32:05,710 ERROR Fail to refresh route configuration for group : naming_instance_metadata, status is : Status[UNKNOWN<-1>: handleRequest internal error]

2024-05-28 01:32:05,718 ERROR Fail to refresh route configuration for group : naming_persistent_service, status is : Status[UNKNOWN<-1>: handleRequest internal error]

2024-05-28 01:32:05,784 ERROR Fail to refresh route configuration for group : naming_persistent_service, status is : Status[UNKNOWN<-1>: handleRequest internal error]

2024-05-28 01:32:05,785 ERROR Fail to refresh route configuration for group : naming_service_metadata, status is : Status[UNKNOWN<-1>: handleRequest internal error]

2024-05-28 01:32:05,805 INFO This Raft event changes : RaftEvent{groupId='naming_service_metadata', leader='nacos1:7848', term=354, raftClusterInfo=[nacos3:7848, nacos1:7848, nacos2:7848]}

2024-05-28 01:32:05,817 ERROR Fail to refresh leader for group : naming_persistent_service_v2, status is : Status[UNKNOWN<-1>: Unknown leader, Unknown leader, Unknown leader]

2024-05-28 01:32:05,821 ERROR Fail to refresh leader for group : naming_persistent_service, status is : Status[UNKNOWN<-1>: Unknown leader, Unknown leader, Unknown leader]

2024-05-28 01:32:05,825 ERROR Fail to refresh route configuration for group : naming_persistent_service_v2, status is : Status[UNKNOWN<-1>: handleRequest internal error]

2024-05-28 01:32:05,827 INFO This Raft event changes : RaftEvent{groupId='naming_persistent_service', leader='nacos2:7848', term=359, raftClusterInfo=[nacos3:7848, nacos1:7848, nacos2:7848]}

2024-05-28 01:32:05,831 INFO This Raft event changes : RaftEvent{groupId='naming_persistent_service_v2', leader='nacos1:7848', term=354, raftClusterInfo=[nacos3:7848, nacos1:7848, nacos2:7848]}

2024-05-28 01:32:05,832 ERROR Fail to refresh route configuration for group : naming_persistent_service, status is : Status[UNKNOWN<-1>: handleRequest internal error]

2024-05-28 01:48:11,847 ERROR Fail to refresh route configuration for group : naming_persistent_service, status is : Status[UNKNOWN<-1>: handleRequest internal error]

2024-05-28 01:48:11,850 ERROR Fail to refresh raft metadata info for group : naming_instance_metadata, error is : {}

java.util.concurrent.TimeoutException: null
	at com.alipay.sofa.jraft.rpc.impl.FutureImpl.get(FutureImpl.java:214)
	at com.alipay.sofa.jraft.RouteTable.refreshLeader(RouteTable.java:253)
	at com.alibaba.nacos.core.distributed.raft.JRaftServer.refreshRouteTable(JRaftServer.java:496)
	at com.alibaba.nacos.core.distributed.raft.JRaftServer.lambda$createMultiRaftGroup$1(JRaftServer.java:269)
	at java.util.concurrent.Executors$RunnableAdapter.call(Executors.java:511)
	at java.util.concurrent.FutureTask.runAndReset(FutureTask.java:308)
	at java.util.concurrent.ScheduledThreadPoolExecutor$ScheduledFutureTask.access$301(ScheduledThreadPoolExecutor.java:180)
	at java.util.concurrent.ScheduledThreadPoolExecutor$ScheduledFutureTask.run(ScheduledThreadPoolExecutor.java:294)
	at java.util.concurrent.ThreadPoolExecutor.runWorker(ThreadPoolExecutor.java:1149)
	at java.util.concurrent.ThreadPoolExecutor$Worker.run(ThreadPoolExecutor.java:624)
	at java.lang.Thread.run(Thread.java:750)
2024-05-28 01:48:11,856 INFO This Raft event changes : RaftEvent{groupId='naming_instance_metadata', leader='nacos2:7848', term=350, raftClusterInfo=[nacos3:7848, nacos1:7848, nacos2:7848]}

2024-05-28 01:48:11,857 INFO This Raft event changes : RaftEvent{groupId='naming_service_metadata', leader='nacos3:7848', term=355, raftClusterInfo=[nacos3:7848, nacos1:7848, nacos2:7848]}

2024-05-28 01:48:11,860 INFO This Raft event changes : RaftEvent{groupId='naming_persistent_service_v2', leader='nacos2:7848', term=355, raftClusterInfo=[nacos3:7848, nacos1:7848, nacos2:7848]}

2024-05-28 01:48:11,889 INFO This Raft event changes : RaftEvent{groupId='naming_persistent_service', leader='nacos1:7848', term=360, raftClusterInfo=[nacos3:7848, nacos1:7848, nacos2:7848]}

2024-05-28 01:48:54,548 INFO This Raft event changes : RaftEvent{groupId='naming_persistent_service_v2', leader='nacos2:7848', term=355, raftClusterInfo=[nacos3:7848, nacos1:7848, nacos2:7848]}

2024-05-28 01:48:54,728 INFO This Raft event changes : RaftEvent{groupId='naming_service_metadata', leader='nacos3:7848', term=355, raftClusterInfo=[nacos3:7848, nacos1:7848, nacos2:7848]}

2024-05-28 01:48:54,826 ERROR Fail to refresh route configuration for group : naming_instance_metadata, status is : Status[UNKNOWN<-1>: handleRequest internal error]

2024-05-28 01:48:54,831 ERROR Fail to refresh route configuration for group : naming_persistent_service_v2, status is : Status[UNKNOWN<-1>: handleRequest internal error]

2024-05-28 01:48:54,857 INFO This Raft event changes : RaftEvent{groupId='naming_persistent_service', leader='nacos3:7848', term=361, raftClusterInfo=[nacos3:7848, nacos1:7848, nacos2:7848]}

2024-05-28 01:48:54,870 ERROR Fail to refresh route configuration for group : naming_instance_metadata, status is : Status[UNKNOWN<-1>: handleRequest internal error]

2024-05-28 01:48:54,877 ERROR Fail to refresh leader for group : naming_service_metadata, status is : Status[UNKNOWN<-1>: Unknown leader, Unknown leader, Unknown leader]

2024-05-28 01:48:54,878 INFO This Raft event changes : RaftEvent{groupId='naming_service_metadata', leader='nacos1:7848', term=356, raftClusterInfo=[nacos3:7848, nacos1:7848, nacos2:7848]}

2024-05-28 01:48:54,884 ERROR Fail to refresh route configuration for group : naming_service_metadata, status is : Status[UNKNOWN<-1>: handleRequest internal error]

2024-05-28 01:48:54,885 INFO This Raft event changes : RaftEvent{groupId='naming_persistent_service_v2', leader='nacos1:7848', term=356, raftClusterInfo=[nacos3:7848, nacos1:7848, nacos2:7848]}

2024-05-28 01:48:54,888 ERROR Fail to refresh route configuration for group : naming_instance_metadata, status is : Status[UNKNOWN<-1>: handleRequest internal error]

2024-05-28 01:48:54,895 ERROR Fail to refresh route configuration for group : naming_instance_metadata, status is : Status[UNKNOWN<-1>: handleRequest internal error]

2024-05-28 01:48:54,906 ERROR Fail to refresh route configuration for group : naming_instance_metadata, status is : Status[UNKNOWN<-1>: handleRequest internal error]

2024-05-28 01:48:57,011 ERROR Fail to refresh route configuration for group : naming_instance_metadata, status is : Status[UNKNOWN<-1>: handleRequest internal error]

2024-05-28 01:49:00,363 INFO This Raft event changes : RaftEvent{groupId='naming_instance_metadata', leader='nacos3:7848', term=351, raftClusterInfo=[nacos3:7848, nacos1:7848, nacos2:7848]}

2024-05-28 01:49:45,442 INFO This Raft event changes : RaftEvent{groupId='naming_persistent_service', leader='nacos3:7848', term=361, raftClusterInfo=[nacos3:7848, nacos1:7848, nacos2:7848]}

2024-05-28 01:49:45,618 ERROR Fail to refresh route configuration for group : naming_service_metadata, status is : Status[UNKNOWN<-1>: handleRequest internal error]

2024-05-28 01:49:45,646 ERROR Fail to refresh route configuration for group : naming_persistent_service_v2, status is : Status[UNKNOWN<-1>: handleRequest internal error]

2024-05-28 01:49:45,662 ERROR Fail to refresh route configuration for group : naming_instance_metadata, status is : Status[UNKNOWN<-1>: handleRequest internal error]

2024-05-28 01:49:45,695 ERROR Fail to refresh route configuration for group : naming_service_metadata, status is : Status[UNKNOWN<-1>: handleRequest internal error]

2024-05-28 01:49:45,754 ERROR Fail to refresh route configuration for group : naming_persistent_service, status is : Status[UNKNOWN<-1>: handleRequest internal error]

2024-05-28 01:49:45,800 ERROR Fail to refresh route configuration for group : naming_service_metadata, status is : Status[UNKNOWN<-1>: handleRequest internal error]

2024-05-28 01:49:45,812 ERROR Fail to refresh route configuration for group : naming_service_metadata, status is : Status[UNKNOWN<-1>: handleRequest internal error]

2024-05-28 01:49:45,821 INFO This Raft event changes : RaftEvent{groupId='naming_instance_metadata', leader='nacos2:7848', term=352, raftClusterInfo=[nacos3:7848, nacos1:7848, nacos2:7848]}

2024-05-28 01:49:45,823 INFO This Raft event changes : RaftEvent{groupId='naming_persistent_service', leader='nacos1:7848', term=362, raftClusterInfo=[nacos3:7848, nacos1:7848, nacos2:7848]}

2024-05-28 01:49:45,841 ERROR Fail to refresh leader for group : naming_persistent_service_v2, status is : Status[UNKNOWN<-1>: Unknown leader, Unknown leader, Unknown leader]

2024-05-28 01:49:45,844 ERROR Fail to refresh route configuration for group : naming_service_metadata, status is : Status[UNKNOWN<-1>: handleRequest internal error]

2024-05-28 01:49:45,844 INFO This Raft event changes : RaftEvent{groupId='naming_persistent_service_v2', leader='nacos3:7848', term=357, raftClusterInfo=[nacos3:7848, nacos1:7848, nacos2:7848]}

2024-05-28 01:49:45,847 ERROR Fail to refresh route configuration for group : naming_persistent_service_v2, status is : Status[UNKNOWN<-1>: handleRequest internal error]

2024-05-28 01:49:46,330 ERROR Fail to refresh route configuration for group : naming_service_metadata, status is : Status[UNKNOWN<-1>: handleRequest internal error]

2024-05-28 01:49:50,904 INFO This Raft event changes : RaftEvent{groupId='naming_service_metadata', leader='nacos1:7848', term=357, raftClusterInfo=[nacos3:7848, nacos1:7848, nacos2:7848]}

2024-05-28 02:05:30,414 INFO This Raft event changes : RaftEvent{groupId='naming_persistent_service_v2', leader='nacos3:7848', term=357, raftClusterInfo=[nacos3:7848, nacos1:7848, nacos2:7848]}

2024-05-28 02:05:30,577 ERROR Fail to refresh route configuration for group : naming_service_metadata, status is : Status[UNKNOWN<-1>: handleRequest internal error]

2024-05-28 02:05:30,616 INFO This Raft event changes : RaftEvent{groupId='naming_persistent_service', leader='nacos2:7848', term=363, raftClusterInfo=[nacos3:7848, nacos1:7848, nacos2:7848]}

2024-05-28 02:05:30,628 INFO This Raft event changes : RaftEvent{groupId='naming_instance_metadata', leader='nacos1:7848', term=353, raftClusterInfo=[nacos3:7848, nacos1:7848, nacos2:7848]}

2024-05-28 02:05:30,641 INFO This Raft event changes : RaftEvent{groupId='naming_persistent_service_v2', leader='nacos1:7848', term=358, raftClusterInfo=[nacos3:7848, nacos1:7848, nacos2:7848]}

2024-05-28 02:05:30,642 ERROR Fail to refresh leader for group : naming_service_metadata, status is : Status[UNKNOWN<-1>: Unknown leader, Unknown leader, Unknown leader]

2024-05-28 02:05:30,647 ERROR Fail to refresh route configuration for group : naming_service_metadata, status is : Status[UNKNOWN<-1>: handleRequest internal error]

2024-05-28 02:05:30,647 INFO This Raft event changes : RaftEvent{groupId='naming_service_metadata', leader='nacos3:7848', term=358, raftClusterInfo=[nacos3:7848, nacos1:7848, nacos2:7848]}

2024-05-28 02:06:20,731 INFO This Raft event changes : RaftEvent{groupId='naming_service_metadata', leader='nacos3:7848', term=358, raftClusterInfo=[nacos3:7848, nacos1:7848, nacos2:7848]}

2024-05-28 02:06:20,752 ERROR Fail to refresh leader for group : naming_persistent_service_v2, status is : Status[UNKNOWN<-1>: Unknown leader, Unknown leader, Unknown leader]

2024-05-28 02:06:20,756 ERROR Fail to refresh route configuration for group : naming_service_metadata, status is : Status[UNKNOWN<-1>: handleRequest internal error]

2024-05-28 02:06:20,760 ERROR Fail to refresh route configuration for group : naming_persistent_service_v2, status is : Status[UNKNOWN<-1>: handleRequest internal error]

2024-05-28 02:06:20,818 ERROR Fail to refresh leader for group : naming_instance_metadata, status is : Status[UNKNOWN<-1>: Unknown leader, Unknown leader, Unknown leader]

2024-05-28 02:06:20,856 ERROR Fail to refresh route configuration for group : naming_service_metadata, status is : Status[UNKNOWN<-1>: handleRequest internal error]

2024-05-28 02:06:20,945 ERROR Fail to refresh route configuration for group : naming_instance_metadata, status is : Status[UNKNOWN<-1>: handleRequest internal error]

2024-05-28 02:06:20,956 ERROR Fail to refresh leader for group : naming_persistent_service_v2, status is : Status[UNKNOWN<-1>: Unknown leader, Unknown leader, Unknown leader]

2024-05-28 02:06:20,984 INFO This Raft event changes : RaftEvent{groupId='naming_instance_metadata', leader='nacos3:7848', term=354, raftClusterInfo=[nacos3:7848, nacos1:7848, nacos2:7848]}

2024-05-28 02:06:20,997 INFO This Raft event changes : RaftEvent{groupId='naming_persistent_service', leader='nacos3:7848', term=364, raftClusterInfo=[nacos3:7848, nacos1:7848, nacos2:7848]}

2024-05-28 02:06:21,002 ERROR Fail to refresh route configuration for group : naming_persistent_service_v2, status is : Status[UNKNOWN<-1>: handleRequest internal error]

2024-05-28 02:06:21,003 ERROR Fail to refresh leader for group : naming_persistent_service, status is : Status[UNKNOWN<-1>: Unknown leader, Unknown leader, Unknown leader]

2024-05-28 02:06:21,019 INFO This Raft event changes : RaftEvent{groupId='naming_persistent_service_v2', leader='nacos2:7848', term=359, raftClusterInfo=[nacos3:7848, nacos1:7848, nacos2:7848]}

2024-05-28 02:06:21,019 ERROR Fail to refresh route configuration for group : naming_persistent_service, status is : Status[UNKNOWN<-1>: handleRequest internal error]

2024-05-28 02:06:21,024 INFO This Raft event changes : RaftEvent{groupId='naming_service_metadata', leader='nacos1:7848', term=359, raftClusterInfo=[nacos3:7848, nacos1:7848, nacos2:7848]}

