2024-05-22 18:44:35,764 INFO Nacos GrpcSdkServer Rpc server stopping

2024-05-22 18:44:35,783 INFO Nacos GrpcClusterServer Rpc server stopping

2024-05-22 18:44:36,113 INFO Nacos GrpcSdkServer Rpc server stopped successfully...

2024-05-22 18:44:36,113 INFO Nacos GrpcClusterServer Rpc server stopped successfully...

2024-05-22 23:25:20,252 INFO [ClientConnectionEventListenerRegistry] registry listener - ConnectionBasedClientManager

2024-05-22 23:25:36,930 INFO [ClientConnectionEventListenerRegistry] registry listener - ConnectionBasedClientManager

2024-05-22 23:25:53,501 INFO [ClientConnectionEventListenerRegistry] registry listener - ConnectionBasedClientManager

2024-05-22 23:26:10,114 INFO [ClientConnectionEventListenerRegistry] registry listener - ConnectionBasedClientManager

2024-05-22 23:26:28,468 INFO [ClientConnectionEventListenerRegistry] registry listener - ConnectionBasedClientManager

2024-05-22 23:26:54,483 INFO [ClientConnectionEventListenerRegistry] registry listener - ConnectionBasedClientManager

2024-05-22 23:27:14,810 INFO [ClientConnectionEventListenerRegistry] registry listener - ConnectionBasedClientManager

2024-05-22 23:27:39,980 INFO [ClientConnectionEventListenerRegistry] registry listener - ConnectionBasedClientManager

2024-05-22 23:27:57,545 INFO [ClientConnectionEventListenerRegistry] registry listener - ConnectionBasedClientManager

2024-05-22 23:28:20,050 INFO [ClientConnectionEventListenerRegistry] registry listener - ConnectionBasedClientManager

2024-05-22 23:28:44,760 INFO [ClientConnectionEventListenerRegistry] registry listener - ConnectionBasedClientManager

2024-05-22 23:29:28,794 INFO [ClientConnectionEventListenerRegistry] registry listener - ConnectionBasedClientManager

2024-05-22 23:29:43,143 INFO [ClientConnectionEventListenerRegistry] registry listener - ConfigConnectionEventListener

2024-05-22 23:29:43,246 INFO Nacos GrpcSdkServer Rpc server starting at port 9848

2024-05-22 23:29:43,257 INFO Load ProtocolNegotiatorBuilder com.alibaba.nacos.core.remote.grpc.negotiator.tls.DefaultTlsProtocolNegotiatorBuilder for type DEFAULT_TLS

2024-05-22 23:29:43,260 DEBUG TLS configuration is empty, use default value

2024-05-22 23:29:43,268 INFO Nacos Rpc server tls config:{"sslProvider":"","enableTls":false,"mutualAuthEnable":false,"trustAll":false,"sslContextRefresher":"","compatibility":true}

2024-05-22 23:29:43,274 WARN Recommended use 'nacos.remote.server.grpc.sdk.max-inbound-message-size' property instead 'nacos.remote.server.grpc.maxinbound.message.size', now property value is 10485760

2024-05-22 23:29:43,281 INFO Nacos Rpc server tls config:{"sslProvider":"","enableTls":false,"mutualAuthEnable":false,"trustAll":false,"sslContextRefresher":"","compatibility":true}

2024-05-22 23:29:43,286 INFO No RpcServerSslContextRefresher specified,Ssl Context auto refresh not supported.

2024-05-22 23:29:43,286 INFO RpcServerSslContextRefresher init end

2024-05-22 23:29:43,287 INFO Nacos GrpcSdkServer Rpc server started at port 9848

2024-05-22 23:29:43,292 INFO Nacos GrpcClusterServer Rpc server starting at port 9849

2024-05-22 23:29:43,295 WARN Recommended use 'nacos.remote.server.grpc.cluster.max-inbound-message-size' property instead 'nacos.remote.server.grpc.maxinbound.message.size', now property value is 10485760

2024-05-22 23:29:43,302 INFO Nacos GrpcClusterServer Rpc server started at port 9849

2024-05-22 23:29:43,525 INFO [ClientConnectionEventListenerRegistry] registry listener - RpcAckCallbackInitorOrCleaner

